<?xml version="1.0" encoding="UTF-8"?>
<coverage generated="1772335640524" clover="3.2.0">
  <project timestamp="1772335640524" name="All files">
    <metrics statements="998" coveredstatements="842" conditionals="569" coveredconditionals="463" methods="168" coveredmethods="151" elements="1735" coveredelements="1456" complexity="0" loc="998" ncloc="998" packages="6" files="24" classes="24"/>
    <package name="src">
      <metrics statements="42" coveredstatements="33" conditionals="16" coveredconditionals="11" methods="9" coveredmethods="7"/>
      <file name="App.js" path="/opt/madmatch-dev/frontend/src/App.js">
        <metrics statements="40" coveredstatements="33" conditionals="16" coveredconditionals="11" methods="9" coveredmethods="7"/>
        <line num="16" count="1" type="stmt"/>
        <line num="17" count="1" type="stmt"/>
        <line num="19" count="1" type="stmt"/>
        <line num="36" count="2" type="stmt"/>
        <line num="37" count="2" type="stmt"/>
        <line num="38" count="2" type="stmt"/>
        <line num="39" count="2" type="stmt"/>
        <line num="40" count="2" type="stmt"/>
        <line num="43" count="2" type="stmt"/>
        <line num="44" count="1" type="stmt"/>
        <line num="48" count="2" type="stmt"/>
        <line num="49" count="1" type="stmt"/>
        <line num="52" count="2" type="stmt"/>
        <line num="53" count="1" type="stmt"/>
        <line num="54" count="1" type="stmt"/>
        <line num="55" count="1" type="stmt"/>
        <line num="60" count="1" type="stmt"/>
        <line num="61" count="1" type="stmt"/>
        <line num="62" count="1" type="stmt"/>
        <line num="64" count="0" type="stmt"/>
        <line num="65" count="0" type="stmt"/>
        <line num="67" count="1" type="stmt"/>
        <line num="71" count="2" type="stmt"/>
        <line num="72" count="1" type="stmt"/>
        <line num="73" count="1" type="stmt"/>
        <line num="74" count="1" type="cond" truecount="1" falsecount="1"/>
        <line num="76" count="1" type="stmt"/>
        <line num="77" count="1" type="stmt"/>
        <line num="78" count="1" type="stmt"/>
        <line num="80" count="0" type="stmt"/>
        <line num="81" count="0" type="stmt"/>
        <line num="85" count="2" type="stmt"/>
        <line num="86" count="0" type="stmt"/>
        <line num="89" count="2" type="cond" truecount="2" falsecount="0"/>
        <line num="90" count="1" type="stmt"/>
        <line num="97" count="1" type="cond" truecount="1" falsecount="1"/>
        <line num="98" count="0" type="stmt"/>
        <line num="109" count="1" type="stmt"/>
        <line num="137" count="0" type="stmt"/>
        <line num="151" count="1" type="stmt"/>
      </file>
      <file name="index.js" path="/opt/madmatch-dev/frontend/src/index.js">
        <metrics statements="2" coveredstatements="0" conditionals="0" coveredconditionals="0" methods="0" coveredmethods="0"/>
        <line num="6" count="0" type="stmt"/>
        <line num="7" count="0" type="stmt"/>
      </file>
    </package>
    <package name="src.components">
      <metrics statements="186" coveredstatements="182" conditionals="166" coveredconditionals="155" methods="44" coveredmethods="40"/>
      <file name="AddToCartButton.js" path="/opt/madmatch-dev/frontend/src/components/AddToCartButton.js">
        <metrics statements="10" coveredstatements="10" conditionals="2" coveredconditionals="2" methods="3" coveredmethods="3"/>
        <line num="12" count="2" type="stmt"/>
        <line num="13" count="24" type="stmt"/>
        <line num="14" count="24" type="stmt"/>
        <line num="16" count="24" type="stmt"/>
        <line num="17" count="10" type="stmt"/>
        <line num="18" count="10" type="stmt"/>
        <line num="20" count="10" type="stmt"/>
        <line num="23" count="10" type="stmt"/>
        <line num="24" count="10" type="stmt"/>
        <line num="27" count="24" type="stmt"/>
      </file>
      <file name="BudgetDisplay.js" path="/opt/madmatch-dev/frontend/src/components/BudgetDisplay.js">
        <metrics statements="15" coveredstatements="15" conditionals="18" coveredconditionals="18" methods="2" coveredmethods="2"/>
        <line num="13" count="3" type="cond" truecount="2" falsecount="0"/>
        <line num="14" count="45" type="stmt"/>
        <line num="17" count="45" type="stmt"/>
        <line num="18" count="39" type="cond" truecount="2" falsecount="0"/>
        <line num="19" count="39" type="cond" truecount="2" falsecount="0"/>
        <line num="20" count="10" type="cond" truecount="2" falsecount="0"/>
        <line num="21" count="6" type="stmt"/>
        <line num="25" count="45" type="cond" truecount="2" falsecount="0"/>
        <line num="26" count="1" type="stmt"/>
        <line num="29" count="44" type="stmt"/>
        <line num="31" count="44" type="stmt"/>
        <line num="32" count="44" type="stmt"/>
        <line num="34" count="44" type="cond" truecount="2" falsecount="0"/>
        <line num="35" count="3" type="stmt"/>
        <line num="52" count="41" type="stmt"/>
      </file>
      <file name="BudgetSettings.js" path="/opt/madmatch-dev/frontend/src/components/BudgetSettings.js">
        <metrics statements="16" coveredstatements="16" conditionals="6" coveredconditionals="6" methods="5" coveredmethods="5"/>
        <line num="5" count="1" type="stmt"/>
        <line num="6" count="54" type="stmt"/>
        <line num="7" count="54" type="stmt"/>
        <line num="10" count="54" type="stmt"/>
        <line num="11" count="31" type="stmt"/>
        <line num="14" count="54" type="stmt"/>
        <line num="15" count="10" type="stmt"/>
        <line num="16" count="10" type="stmt"/>
        <line num="19" count="10" type="stmt"/>
        <line num="20" count="10" type="cond" truecount="4" falsecount="0"/>
        <line num="21" count="9" type="stmt"/>
        <line num="25" count="54" type="stmt"/>
        <line num="26" count="6" type="stmt"/>
        <line num="29" count="54" type="stmt"/>
        <line num="30" count="2" type="stmt"/>
        <line num="34" count="54" type="stmt"/>
      </file>
      <file name="CartItem.js" path="/opt/madmatch-dev/frontend/src/components/CartItem.js">
        <metrics statements="21" coveredstatements="21" conditionals="20" coveredconditionals="13" methods="4" coveredmethods="4"/>
        <line num="12" count="3" type="stmt"/>
        <line num="13" count="40" type="stmt"/>
        <line num="15" count="40" type="stmt"/>
        <line num="16" count="1" type="cond" truecount="1" falsecount="1"/>
        <line num="17" count="1" type="cond" truecount="1" falsecount="1"/>
        <line num="18" count="1" type="cond" truecount="1" falsecount="1"/>
        <line num="19" count="1" type="stmt"/>
        <line num="23" count="40" type="stmt"/>
        <line num="24" count="1" type="cond" truecount="1" falsecount="1"/>
        <line num="25" count="1" type="cond" truecount="1" falsecount="1"/>
        <line num="26" count="1" type="cond" truecount="1" falsecount="1"/>
        <line num="27" count="1" type="stmt"/>
        <line num="31" count="40" type="stmt"/>
        <line num="32" count="1" type="cond" truecount="1" falsecount="1"/>
        <line num="33" count="1" type="stmt"/>
        <line num="36" count="40" type="cond" truecount="2" falsecount="0"/>
        <line num="38" count="38" type="stmt"/>
        <line num="39" count="38" type="cond" truecount="2" falsecount="0"/>
        <line num="41" count="38" type="stmt"/>
        <line num="42" count="38" type="stmt"/>
        <line num="44" count="38" type="stmt"/>
      </file>
      <file name="ErrorBoundary.js" path="/opt/madmatch-dev/frontend/src/components/ErrorBoundary.js">
        <metrics statements="13" coveredstatements="13" conditionals="9" coveredconditionals="9" methods="6" coveredmethods="6"/>
        <line num="10" count="22" type="stmt"/>
        <line num="11" count="21" type="stmt"/>
        <line num="20" count="22" type="stmt"/>
        <line num="25" count="11" type="stmt"/>
        <line num="27" count="11" type="stmt"/>
        <line num="33" count="21" type="stmt"/>
        <line num="34" count="2" type="stmt"/>
        <line num="41" count="2" type="cond" truecount="2" falsecount="0"/>
        <line num="42" count="1" type="stmt"/>
        <line num="47" count="58" type="cond" truecount="2" falsecount="0"/>
        <line num="49" count="33" type="stmt"/>
        <line num="76" count="1" type="stmt"/>
        <line num="87" count="25" type="stmt"/>
      </file>
      <file name="FavoriteButton.js" path="/opt/madmatch-dev/frontend/src/components/FavoriteButton.js">
        <metrics statements="13" coveredstatements="13" conditionals="12" coveredconditionals="12" methods="3" coveredmethods="2"/>
        <line num="12" count="3" type="stmt"/>
        <line num="13" count="50" type="stmt"/>
        <line num="14" count="50" type="stmt"/>
        <line num="15" count="50" type="stmt"/>
        <line num="17" count="50" type="stmt"/>
        <line num="18" count="4" type="stmt"/>
        <line num="19" count="4" type="stmt"/>
        <line num="22" count="4" type="stmt"/>
        <line num="23" count="4" type="stmt"/>
        <line num="25" count="4" type="cond" truecount="2" falsecount="0"/>
        <line num="26" count="1" type="stmt"/>
        <line num="28" count="3" type="stmt"/>
        <line num="32" count="50" type="stmt"/>
      </file>
      <file name="FilterBar.js" path="/opt/madmatch-dev/frontend/src/components/FilterBar.js">
        <metrics statements="4" coveredstatements="2" conditionals="2" coveredconditionals="1" methods="3" coveredmethods="1"/>
        <line num="4" count="1" type="stmt"/>
        <line num="10" count="1" type="stmt"/>
        <line num="17" count="0" type="stmt"/>
        <line num="21" count="0" type="stmt"/>
      </file>
      <file name="LoadingSkeleton.js" path="/opt/madmatch-dev/frontend/src/components/LoadingSkeleton.js">
        <metrics statements="9" coveredstatements="9" conditionals="7" coveredconditionals="7" methods="2" coveredmethods="2"/>
        <line num="8" count="2" type="cond" truecount="1" falsecount="0"/>
        <line num="9" count="9" type="cond" truecount="2" falsecount="0"/>
        <line num="10" count="3" type="stmt"/>
        <line num="21" count="6" type="cond" truecount="2" falsecount="0"/>
        <line num="22" count="2" type="stmt"/>
        <line num="27" count="6" type="stmt"/>
        <line num="38" count="4" type="cond" truecount="2" falsecount="0"/>
        <line num="39" count="2" type="stmt"/>
        <line num="50" count="2" type="stmt"/>
      </file>
      <file name="NutritionCard.js" path="/opt/madmatch-dev/frontend/src/components/NutritionCard.js">
        <metrics statements="23" coveredstatements="23" conditionals="30" coveredconditionals="30" methods="4" coveredmethods="4"/>
        <line num="9" count="2" type="stmt"/>
        <line num="10" count="14" type="cond" truecount="2" falsecount="0"/>
        <line num="11" count="1" type="stmt"/>
        <line num="21" count="13" type="cond" truecount="4" falsecount="0"/>
        <line num="22" count="2" type="stmt"/>
        <line num="32" count="11" type="stmt"/>
        <line num="37" count="11" type="cond" truecount="2" falsecount="0"/>
        <line num="38" count="77" type="cond" truecount="4" falsecount="0"/>
        <line num="39" count="39" type="stmt"/>
        <line num="41" count="38" type="stmt"/>
        <line num="47" count="11" type="stmt"/>
        <line num="48" count="11" type="stmt"/>
        <line num="49" count="11" type="stmt"/>
        <line num="51" count="11" type="cond" truecount="4" falsecount="0"/>
        <line num="52" count="1" type="stmt"/>
        <line num="55" count="10" type="cond" truecount="2" falsecount="0"/>
        <line num="56" count="10" type="cond" truecount="2" falsecount="0"/>
        <line num="58" count="10" type="cond" truecount="4" falsecount="0"/>
        <line num="59" count="6" type="stmt"/>
        <line num="61" count="4" type="cond" truecount="2" falsecount="0"/>
        <line num="64" count="11" type="stmt"/>
        <line num="75" count="11" type="stmt"/>
        <line num="83" count="88" type="stmt"/>
      </file>
      <file name="RecipeSuggestions.js" path="/opt/madmatch-dev/frontend/src/components/RecipeSuggestions.js">
        <metrics statements="12" coveredstatements="12" conditionals="12" coveredconditionals="12" methods="3" coveredmethods="3"/>
        <line num="8" count="2" type="stmt"/>
        <line num="9" count="23" type="cond" truecount="2" falsecount="0"/>
        <line num="10" count="3" type="stmt"/>
        <line num="21" count="20" type="cond" truecount="4" falsecount="0"/>
        <line num="22" count="5" type="stmt"/>
        <line num="34" count="15" type="stmt"/>
        <line num="35" count="123" type="cond" truecount="2" falsecount="0"/>
        <line num="36" count="78" type="cond" truecount="2" falsecount="0"/>
        <line num="37" count="39" type="stmt"/>
        <line num="41" count="15" type="stmt"/>
        <line num="43" count="15" type="stmt"/>
        <line num="49" count="41" type="stmt"/>
      </file>
      <file name="ShareButton.js" path="/opt/madmatch-dev/frontend/src/components/ShareButton.js">
        <metrics statements="35" coveredstatements="34" conditionals="20" coveredconditionals="20" methods="5" coveredmethods="4"/>
        <line num="12" count="2" type="cond" truecount="1" falsecount="0"/>
        <line num="13" count="37" type="stmt"/>
        <line num="14" count="37" type="stmt"/>
        <line num="15" count="37" type="stmt"/>
        <line num="17" count="37" type="stmt"/>
        <line num="18" count="14" type="stmt"/>
        <line num="19" count="14" type="stmt"/>
        <line num="21" count="14" type="cond" truecount="2" falsecount="0"/>
        <line num="22" count="3" type="stmt"/>
        <line num="28" count="11" type="stmt"/>
        <line num="36" count="37" type="stmt"/>
        <line num="37" count="14" type="stmt"/>
        <line num="38" count="14" type="stmt"/>
        <line num="40" count="14" type="stmt"/>
        <line num="43" count="14" type="cond" truecount="5" falsecount="0"/>
        <line num="44" count="5" type="stmt"/>
        <line num="45" count="5" type="stmt"/>
        <line num="46" count="3" type="stmt"/>
        <line num="47" count="3" type="stmt"/>
        <line num="50" count="2" type="stmt"/>
        <line num="51" count="2" type="cond" truecount="2" falsecount="0"/>
        <line num="54" count="1" type="stmt"/>
        <line num="60" count="10" type="stmt"/>
        <line num="61" count="10" type="stmt"/>
        <line num="62" count="10" type="stmt"/>
        <line num="63" count="9" type="stmt"/>
        <line num="64" count="9" type="stmt"/>
        <line num="67" count="9" type="stmt"/>
        <line num="68" count="1" type="stmt"/>
        <line num="71" count="1" type="stmt"/>
        <line num="72" count="1" type="stmt"/>
        <line num="75" count="1" type="stmt"/>
        <line num="76" count="0" type="stmt"/>
        <line num="80" count="1" type="stmt"/>
        <line num="84" count="37" type="stmt"/>
      </file>
      <file name="SustainabilityCard.js" path="/opt/madmatch-dev/frontend/src/components/SustainabilityCard.js">
        <metrics statements="13" coveredstatements="12" conditionals="28" coveredconditionals="25" methods="3" coveredmethods="3"/>
        <line num="8" count="2" type="stmt"/>
        <line num="10" count="21" type="cond" truecount="1" falsecount="1"/>
        <line num="11" count="0" type="stmt"/>
        <line num="24" count="21" type="cond" truecount="4" falsecount="0"/>
        <line num="25" count="2" type="stmt"/>
        <line num="37" count="19" type="stmt"/>
        <line num="40" count="19" type="stmt"/>
        <line num="41" count="10" type="cond" truecount="1" falsecount="1"/>
        <line num="42" count="10" type="stmt"/>
        <line num="46" count="19" type="stmt"/>
        <line num="47" count="10" type="stmt"/>
        <line num="54" count="10" type="cond" truecount="1" falsecount="1"/>
        <line num="57" count="19" type="stmt"/>
      </file>
      <file name="TilbudCard.js" path="/opt/madmatch-dev/frontend/src/components/TilbudCard.js">
        <metrics statements="2" coveredstatements="2" conditionals="0" coveredconditionals="0" methods="1" coveredmethods="1"/>
        <line num="8" count="2" type="stmt"/>
        <line num="9" count="7" type="stmt"/>
      </file>
    </package>
    <package name="src.contexts">
      <metrics statements="244" coveredstatements="205" conditionals="102" coveredconditionals="75" methods="43" coveredmethods="43"/>
      <file name="BudgetContext.js" path="/opt/madmatch-dev/frontend/src/contexts/BudgetContext.js">
        <metrics statements="77" coveredstatements="69" conditionals="33" coveredconditionals="29" methods="11" coveredmethods="11"/>
        <line num="4" count="6" type="stmt"/>
        <line num="6" count="6" type="stmt"/>
        <line num="7" count="6" type="stmt"/>
        <line num="9" count="6" type="stmt"/>
        <line num="10" count="292" type="stmt"/>
        <line num="11" count="290" type="cond" truecount="2" falsecount="0"/>
        <line num="12" count="4" type="stmt"/>
        <line num="14" count="286" type="stmt"/>
        <line num="21" count="6" type="stmt"/>
        <line num="22" count="170" type="stmt"/>
        <line num="23" count="170" type="stmt"/>
        <line num="24" count="170" type="cond" truecount="2" falsecount="0"/>
        <line num="25" count="53" type="stmt"/>
        <line num="28" count="53" type="cond" truecount="2" falsecount="0"/>
        <line num="30" count="52" type="stmt"/>
        <line num="31" count="52" type="cond" truecount="4" falsecount="0"/>
        <line num="33" count="52" type="cond" truecount="2" falsecount="0"/>
        <line num="34" count="2" type="stmt"/>
        <line num="38" count="52" type="cond" truecount="2" falsecount="0"/>
        <line num="40" count="52" type="cond" truecount="2" falsecount="0"/>
        <line num="41" count="2" type="stmt"/>
        <line num="44" count="52" type="stmt"/>
        <line num="45" count="52" type="stmt"/>
        <line num="50" count="1" type="stmt"/>
        <line num="51" count="1" type="stmt"/>
        <line num="54" count="117" type="stmt"/>
        <line num="57" count="0" type="stmt"/>
        <line num="59" count="118" type="stmt"/>
        <line num="62" count="6" type="stmt"/>
        <line num="64" count="170" type="stmt"/>
        <line num="65" count="170" type="stmt"/>
        <line num="66" count="170" type="stmt"/>
        <line num="67" count="170" type="stmt"/>
        <line num="70" count="170" type="stmt"/>
        <line num="73" count="170" type="stmt"/>
        <line num="74" count="129" type="stmt"/>
        <line num="75" count="129" type="stmt"/>
        <line num="77" count="129" type="cond" truecount="1" falsecount="1"/>
        <line num="78" count="0" type="stmt"/>
        <line num="79" count="0" type="stmt"/>
        <line num="84" count="170" type="stmt"/>
        <line num="86" count="166" type="cond" truecount="2" falsecount="0"/>
        <line num="87" count="129" type="stmt"/>
        <line num="88" count="129" type="stmt"/>
        <line num="89" count="129" type="stmt"/>
        <line num="92" count="37" type="stmt"/>
        <line num="93" count="37" type="stmt"/>
        <line num="94" count="37" type="stmt"/>
        <line num="101" count="37" type="stmt"/>
        <line num="103" count="37" type="cond" truecount="1" falsecount="1"/>
        <line num="104" count="37" type="stmt"/>
        <line num="107" count="37" type="cond" truecount="2" falsecount="2"/>
        <line num="108" count="0" type="stmt"/>
        <line num="110" count="37" type="stmt"/>
        <line num="113" count="0" type="stmt"/>
        <line num="114" count="0" type="stmt"/>
        <line num="117" count="0" type="stmt"/>
        <line num="118" count="0" type="stmt"/>
        <line num="122" count="37" type="stmt"/>
        <line num="125" count="170" type="stmt"/>
        <line num="126" count="25" type="cond" truecount="2" falsecount="0"/>
        <line num="127" count="25" type="stmt"/>
        <line num="128" count="25" type="stmt"/>
        <line num="131" count="170" type="stmt"/>
        <line num="132" count="13" type="stmt"/>
        <line num="133" count="13" type="stmt"/>
        <line num="136" count="170" type="stmt"/>
        <line num="137" count="3" type="stmt"/>
        <line num="138" count="3" type="stmt"/>
        <line num="139" count="3" type="stmt"/>
        <line num="147" count="170" type="cond" truecount="1" falsecount="0"/>
        <line num="148" count="98" type="stmt"/>
        <line num="149" count="98" type="cond" truecount="2" falsecount="0"/>
        <line num="150" count="98" type="cond" truecount="2" falsecount="0"/>
        <line num="152" count="98" type="stmt"/>
        <line num="159" count="170" type="stmt"/>
        <line num="170" count="170" type="stmt"/>
      </file>
      <file name="CartContext.js" path="/opt/madmatch-dev/frontend/src/contexts/CartContext.js">
        <metrics statements="91" coveredstatements="70" conditionals="43" coveredconditionals="26" methods="19" coveredmethods="19"/>
        <line num="4" count="6" type="stmt"/>
        <line num="6" count="6" type="stmt"/>
        <line num="7" count="6" type="stmt"/>
        <line num="9" count="6" type="stmt"/>
        <line num="10" count="165" type="stmt"/>
        <line num="11" count="163" type="cond" truecount="2" falsecount="0"/>
        <line num="12" count="4" type="stmt"/>
        <line num="14" count="159" type="stmt"/>
        <line num="21" count="6" type="stmt"/>
        <line num="22" count="75" type="stmt"/>
        <line num="23" count="75" type="stmt"/>
        <line num="24" count="75" type="cond" truecount="2" falsecount="0"/>
        <line num="25" count="24" type="stmt"/>
        <line num="28" count="24" type="cond" truecount="1" falsecount="1"/>
        <line num="29" count="24" type="cond" truecount="1" falsecount="1"/>
        <line num="31" count="24" type="stmt"/>
        <line num="33" count="31" type="cond" truecount="3" falsecount="1"/>
        <line num="34" count="0" type="stmt"/>
        <line num="35" count="0" type="stmt"/>
        <line num="39" count="31" type="cond" truecount="1" falsecount="1"/>
        <line num="40" count="0" type="stmt"/>
        <line num="41" count="0" type="stmt"/>
        <line num="45" count="31" type="stmt"/>
        <line num="46" count="31" type="cond" truecount="4" falsecount="1"/>
        <line num="47" count="0" type="stmt"/>
        <line num="48" count="0" type="stmt"/>
        <line num="52" count="31" type="cond" truecount="1" falsecount="1"/>
        <line num="53" count="0" type="cond" truecount="0" falsecount="4"/>
        <line num="54" count="0" type="stmt"/>
        <line num="55" count="0" type="stmt"/>
        <line num="59" count="31" type="stmt"/>
        <line num="62" count="24" type="cond" truecount="1" falsecount="1"/>
        <line num="63" count="0" type="stmt"/>
        <line num="66" count="24" type="stmt"/>
        <line num="67" count="24" type="stmt"/>
        <line num="69" count="0" type="stmt"/>
        <line num="72" count="0" type="stmt"/>
        <line num="73" count="0" type="stmt"/>
        <line num="76" count="51" type="stmt"/>
        <line num="79" count="0" type="stmt"/>
        <line num="81" count="51" type="stmt"/>
        <line num="84" count="6" type="stmt"/>
        <line num="86" count="115" type="stmt"/>
        <line num="87" count="115" type="stmt"/>
        <line num="90" count="115" type="stmt"/>
        <line num="93" count="115" type="stmt"/>
        <line num="94" count="75" type="stmt"/>
        <line num="95" count="75" type="stmt"/>
        <line num="97" count="75" type="cond" truecount="1" falsecount="1"/>
        <line num="98" count="0" type="stmt"/>
        <line num="99" count="0" type="stmt"/>
        <line num="104" count="115" type="stmt"/>
        <line num="106" count="114" type="cond" truecount="2" falsecount="0"/>
        <line num="107" count="75" type="stmt"/>
        <line num="108" count="75" type="stmt"/>
        <line num="109" count="75" type="stmt"/>
        <line num="112" count="39" type="stmt"/>
        <line num="113" count="39" type="stmt"/>
        <line num="114" count="39" type="stmt"/>
        <line num="120" count="39" type="stmt"/>
        <line num="122" count="39" type="cond" truecount="1" falsecount="1"/>
        <line num="123" count="39" type="stmt"/>
        <line num="126" count="39" type="cond" truecount="2" falsecount="2"/>
        <line num="127" count="0" type="stmt"/>
        <line num="129" count="39" type="stmt"/>
        <line num="132" count="0" type="stmt"/>
        <line num="133" count="0" type="stmt"/>
        <line num="136" count="0" type="stmt"/>
        <line num="137" count="0" type="stmt"/>
        <line num="141" count="39" type="stmt"/>
        <line num="144" count="115" type="stmt"/>
        <line num="145" count="28" type="stmt"/>
        <line num="146" count="28" type="stmt"/>
        <line num="148" count="28" type="cond" truecount="2" falsecount="0"/>
        <line num="150" count="3" type="stmt"/>
        <line num="151" count="3" type="stmt"/>
        <line num="152" count="3" type="cond" truecount="1" falsecount="1"/>
        <line num="158" count="25" type="stmt"/>
        <line num="159" count="25" type="stmt"/>
        <line num="186" count="115" type="stmt"/>
        <line num="187" count="3" type="stmt"/>
        <line num="190" count="115" type="stmt"/>
        <line num="192" count="7" type="stmt"/>
        <line num="194" count="7" type="stmt"/>
        <line num="195" count="7" type="stmt"/>
        <line num="196" count="7" type="cond" truecount="1" falsecount="1"/>
        <line num="203" count="115" type="stmt"/>
        <line num="204" count="2" type="stmt"/>
        <line num="208" count="115" type="stmt"/>
        <line num="210" count="115" type="stmt"/>
        <line num="221" count="115" type="stmt"/>
      </file>
      <file name="FavoritesContext.js" path="/opt/madmatch-dev/frontend/src/contexts/FavoritesContext.js">
        <metrics statements="76" coveredstatements="66" conditionals="26" coveredconditionals="20" methods="13" coveredmethods="13"/>
        <line num="4" count="6" type="stmt"/>
        <line num="6" count="6" type="stmt"/>
        <line num="7" count="6" type="stmt"/>
        <line num="9" count="6" type="stmt"/>
        <line num="10" count="151" type="stmt"/>
        <line num="11" count="149" type="cond" truecount="2" falsecount="0"/>
        <line num="12" count="4" type="stmt"/>
        <line num="14" count="145" type="stmt"/>
        <line num="17" count="6" type="stmt"/>
        <line num="18" count="137" type="stmt"/>
        <line num="19" count="137" type="stmt"/>
        <line num="22" count="137" type="stmt"/>
        <line num="23" count="61" type="stmt"/>
        <line num="24" count="61" type="stmt"/>
        <line num="25" count="61" type="stmt"/>
        <line num="26" count="61" type="cond" truecount="2" falsecount="0"/>
        <line num="28" count="61" type="cond" truecount="2" falsecount="0"/>
        <line num="29" count="23" type="stmt"/>
        <line num="30" count="23" type="stmt"/>
        <line num="37" count="23" type="cond" truecount="1" falsecount="1"/>
        <line num="39" count="23" type="stmt"/>
        <line num="40" count="24" type="cond" truecount="2" falsecount="0"/>
        <line num="41" count="24" type="cond" truecount="1" falsecount="1"/>
        <line num="42" count="0" type="stmt"/>
        <line num="44" count="24" type="stmt"/>
        <line num="47" count="23" type="cond" truecount="1" falsecount="1"/>
        <line num="48" count="0" type="stmt"/>
        <line num="51" count="23" type="stmt"/>
        <line num="52" count="23" type="stmt"/>
        <line num="54" count="0" type="stmt"/>
        <line num="55" count="0" type="stmt"/>
        <line num="58" count="38" type="stmt"/>
        <line num="61" count="0" type="stmt"/>
        <line num="62" count="0" type="stmt"/>
        <line num="64" count="61" type="stmt"/>
        <line num="65" count="61" type="stmt"/>
        <line num="70" count="137" type="stmt"/>
        <line num="72" count="136" type="cond" truecount="2" falsecount="0"/>
        <line num="73" count="61" type="stmt"/>
        <line num="74" count="61" type="stmt"/>
        <line num="77" count="75" type="stmt"/>
        <line num="78" count="75" type="stmt"/>
        <line num="79" count="75" type="stmt"/>
        <line num="81" count="75" type="stmt"/>
        <line num="82" count="75" type="stmt"/>
        <line num="86" count="75" type="stmt"/>
        <line num="88" count="75" type="stmt"/>
        <line num="90" count="75" type="stmt"/>
        <line num="92" count="75" type="cond" truecount="1" falsecount="1"/>
        <line num="93" count="0" type="stmt"/>
        <line num="94" count="75" type="cond" truecount="1" falsecount="1"/>
        <line num="95" count="0" type="stmt"/>
        <line num="97" count="75" type="stmt"/>
        <line num="100" count="75" type="stmt"/>
        <line num="101" count="75" type="cond" truecount="1" falsecount="1"/>
        <line num="102" count="75" type="stmt"/>
        <line num="103" count="75" type="stmt"/>
        <line num="105" count="75" type="cond" truecount="2" falsecount="0"/>
        <line num="106" count="12" type="stmt"/>
        <line num="111" count="63" type="stmt"/>
        <line num="114" count="0" type="stmt"/>
        <line num="118" count="0" type="stmt"/>
        <line num="122" count="75" type="stmt"/>
        <line num="125" count="137" type="stmt"/>
        <line num="126" count="12" type="stmt"/>
        <line num="127" count="12" type="cond" truecount="2" falsecount="0"/>
        <line num="128" count="1" type="stmt"/>
        <line num="130" count="11" type="stmt"/>
        <line num="134" count="137" type="stmt"/>
        <line num="135" count="3" type="stmt"/>
        <line num="138" count="137" type="stmt"/>
        <line num="139" count="118" type="stmt"/>
        <line num="142" count="137" type="stmt"/>
        <line num="143" count="1" type="stmt"/>
        <line num="146" count="137" type="stmt"/>
        <line num="154" count="137" type="stmt"/>
      </file>
    </package>
    <package name="src.pages">
      <metrics statements="240" coveredstatements="220" conditionals="123" coveredconditionals="110" methods="42" coveredmethods="42"/>
      <file name="Favoritter.js" path="/opt/madmatch-dev/frontend/src/pages/Favoritter.js">
        <metrics statements="26" coveredstatements="26" conditionals="8" coveredconditionals="8" methods="5" coveredmethods="5"/>
        <line num="12" count="2" type="stmt"/>
        <line num="13" count="61" type="stmt"/>
        <line num="14" count="60" type="stmt"/>
        <line num="15" count="60" type="stmt"/>
        <line num="16" count="60" type="stmt"/>
        <line num="18" count="60" type="stmt"/>
        <line num="19" count="31" type="stmt"/>
        <line num="20" count="31" type="stmt"/>
        <line num="21" count="31" type="stmt"/>
        <line num="23" count="31" type="cond" truecount="2" falsecount="0"/>
        <line num="24" count="18" type="stmt"/>
        <line num="25" count="18" type="stmt"/>
        <line num="26" count="18" type="stmt"/>
        <line num="30" count="13" type="stmt"/>
        <line num="31" count="27" type="stmt"/>
        <line num="32" count="9" type="stmt"/>
        <line num="34" count="4" type="stmt"/>
        <line num="36" count="31" type="stmt"/>
        <line num="40" count="60" type="stmt"/>
        <line num="41" count="29" type="stmt"/>
        <line num="44" count="60" type="cond" truecount="2" falsecount="0"/>
        <line num="45" count="30" type="stmt"/>
        <line num="61" count="30" type="cond" truecount="2" falsecount="0"/>
        <line num="62" count="4" type="stmt"/>
        <line num="81" count="26" type="stmt"/>
        <line num="104" count="12" type="stmt"/>
      </file>
      <file name="Handlekurv.js" path="/opt/madmatch-dev/frontend/src/pages/Handlekurv.js">
        <metrics statements="56" coveredstatements="52" conditionals="24" coveredconditionals="20" methods="16" coveredmethods="16"/>
        <line num="14" count="2" type="stmt"/>
        <line num="15" count="46" type="stmt"/>
        <line num="16" count="45" type="stmt"/>
        <line num="17" count="45" type="stmt"/>
        <line num="18" count="45" type="stmt"/>
        <line num="19" count="45" type="stmt"/>
        <line num="20" count="45" type="stmt"/>
        <line num="22" count="45" type="stmt"/>
        <line num="23" count="20" type="cond" truecount="2" falsecount="0"/>
        <line num="24" count="5" type="stmt"/>
        <line num="25" count="5" type="stmt"/>
        <line num="26" count="5" type="stmt"/>
        <line num="29" count="15" type="stmt"/>
        <line num="30" count="15" type="stmt"/>
        <line num="33" count="15" type="stmt"/>
        <line num="37" count="13" type="stmt"/>
        <line num="39" count="24" type="stmt"/>
        <line num="41" count="18" type="cond" truecount="2" falsecount="0"/>
        <line num="43" count="17" type="stmt"/>
        <line num="47" count="1" type="cond" truecount="1" falsecount="1"/>
        <line num="49" count="0" type="stmt"/>
        <line num="56" count="1" type="stmt"/>
        <line num="58" count="18" type="stmt"/>
        <line num="60" count="13" type="stmt"/>
        <line num="61" count="13" type="stmt"/>
        <line num="64" count="2" type="stmt"/>
        <line num="66" count="2" type="cond" truecount="1" falsecount="1"/>
        <line num="67" count="0" type="stmt"/>
        <line num="72" count="2" type="stmt"/>
        <line num="74" count="2" type="stmt"/>
        <line num="76" count="2" type="cond" truecount="1" falsecount="1"/>
        <line num="77" count="0" type="stmt"/>
        <line num="78" count="0" type="stmt"/>
        <line num="80" count="2" type="stmt"/>
        <line num="83" count="15" type="stmt"/>
        <line num="87" count="45" type="stmt"/>
        <line num="88" count="19" type="stmt"/>
        <line num="91" count="45" type="stmt"/>
        <line num="92" count="1" type="stmt"/>
        <line num="93" count="1" type="stmt"/>
        <line num="97" count="45" type="stmt"/>
        <line num="98" count="23" type="stmt"/>
        <line num="101" count="45" type="stmt"/>
        <line num="102" count="23" type="stmt"/>
        <line num="105" count="45" type="cond" truecount="2" falsecount="0"/>
        <line num="106" count="19" type="stmt"/>
        <line num="120" count="26" type="cond" truecount="4" falsecount="0"/>
        <line num="121" count="2" type="stmt"/>
        <line num="137" count="24" type="cond" truecount="2" falsecount="0"/>
        <line num="138" count="6" type="stmt"/>
        <line num="154" count="18" type="stmt"/>
        <line num="173" count="4" type="stmt"/>
        <line num="182" count="22" type="stmt"/>
        <line num="210" count="1" type="stmt"/>
        <line num="215" count="2" type="stmt"/>
        <line num="221" count="1" type="stmt"/>
      </file>
      <file name="Indstillinger.js" path="/opt/madmatch-dev/frontend/src/pages/Indstillinger.js">
        <metrics statements="88" coveredstatements="79" conditionals="56" coveredconditionals="52" methods="13" coveredmethods="13"/>
        <line num="7" count="2" type="stmt"/>
        <line num="8" count="2" type="stmt"/>
        <line num="10" count="2" type="stmt"/>
        <line num="12" count="89" type="stmt"/>
        <line num="15" count="88" type="stmt"/>
        <line num="16" count="88" type="stmt"/>
        <line num="19" count="88" type="stmt"/>
        <line num="20" count="88" type="stmt"/>
        <line num="23" count="88" type="stmt"/>
        <line num="26" count="88" type="stmt"/>
        <line num="27" count="34" type="stmt"/>
        <line num="28" count="34" type="stmt"/>
        <line num="29" count="34" type="stmt"/>
        <line num="30" count="34" type="cond" truecount="2" falsecount="0"/>
        <line num="31" count="3" type="stmt"/>
        <line num="34" count="3" type="cond" truecount="4" falsecount="0"/>
        <line num="36" count="2" type="cond" truecount="2" falsecount="0"/>
        <line num="37" count="1" type="stmt"/>
        <line num="38" count="1" type="stmt"/>
        <line num="40" count="1" type="stmt"/>
        <line num="45" count="0" type="stmt"/>
        <line num="49" count="34" type="stmt"/>
        <line num="53" count="88" type="stmt"/>
        <line num="54" count="37" type="stmt"/>
        <line num="58" count="88" type="stmt"/>
        <line num="59" count="13" type="stmt"/>
        <line num="61" count="13" type="cond" truecount="5" falsecount="0"/>
        <line num="62" count="2" type="stmt"/>
        <line num="65" count="11" type="cond" truecount="1" falsecount="1"/>
        <line num="66" count="0" type="stmt"/>
        <line num="69" count="11" type="cond" truecount="2" falsecount="0"/>
        <line num="70" count="3" type="stmt"/>
        <line num="73" count="8" type="cond" truecount="1" falsecount="1"/>
        <line num="74" count="0" type="stmt"/>
        <line num="77" count="8" type="stmt"/>
        <line num="81" count="88" type="stmt"/>
        <line num="82" count="16" type="cond" truecount="2" falsecount="0"/>
        <line num="83" count="2" type="stmt"/>
        <line num="86" count="14" type="cond" truecount="2" falsecount="0"/>
        <line num="87" count="2" type="stmt"/>
        <line num="90" count="12" type="stmt"/>
        <line num="94" count="88" type="stmt"/>
        <line num="95" count="10" type="stmt"/>
        <line num="96" count="10" type="stmt"/>
        <line num="98" count="10" type="stmt"/>
        <line num="99" count="10" type="stmt"/>
        <line num="103" count="88" type="stmt"/>
        <line num="104" count="12" type="stmt"/>
        <line num="107" count="12" type="cond" truecount="5" falsecount="0"/>
        <line num="108" count="2" type="stmt"/>
        <line num="111" count="10" type="stmt"/>
        <line num="113" count="10" type="stmt"/>
        <line num="114" count="10" type="stmt"/>
        <line num="118" count="88" type="stmt"/>
        <line num="119" count="2" type="stmt"/>
        <line num="120" count="2" type="stmt"/>
        <line num="124" count="88" type="stmt"/>
        <line num="125" count="10" type="stmt"/>
        <line num="126" count="10" type="stmt"/>
        <line num="127" count="1" type="stmt"/>
        <line num="132" count="88" type="stmt"/>
        <line num="133" count="3" type="stmt"/>
        <line num="135" count="3" type="cond" truecount="1" falsecount="1"/>
        <line num="136" count="0" type="stmt"/>
        <line num="137" count="0" type="stmt"/>
        <line num="140" count="3" type="stmt"/>
        <line num="141" count="3" type="stmt"/>
        <line num="142" count="3" type="stmt"/>
        <line num="143" count="3" type="stmt"/>
        <line num="147" count="88" type="stmt"/>
        <line num="148" count="6" type="stmt"/>
        <line num="150" count="6" type="cond" truecount="1" falsecount="1"/>
        <line num="151" count="0" type="stmt"/>
        <line num="152" count="0" type="stmt"/>
        <line num="155" count="6" type="stmt"/>
        <line num="156" count="6" type="stmt"/>
        <line num="162" count="6" type="stmt"/>
        <line num="164" count="6" type="cond" truecount="2" falsecount="0"/>
        <line num="165" count="5" type="stmt"/>
        <line num="166" count="5" type="stmt"/>
        <line num="167" count="5" type="cond" truecount="2" falsecount="0"/>
        <line num="169" count="1" type="stmt"/>
        <line num="170" count="1" type="stmt"/>
        <line num="173" count="0" type="stmt"/>
        <line num="174" count="0" type="stmt"/>
        <line num="179" count="88" type="cond" truecount="2" falsecount="0"/>
        <line num="182" count="88" type="cond" truecount="2" falsecount="0"/>
        <line num="184" count="88" type="stmt"/>
      </file>
      <file name="ProductDetailPage.js" path="/opt/madmatch-dev/frontend/src/pages/ProductDetailPage.js">
        <metrics statements="70" coveredstatements="63" conditionals="35" coveredconditionals="30" methods="8" coveredmethods="8"/>
        <line num="13" count="2" type="stmt"/>
        <line num="14" count="49" type="stmt"/>
        <line num="15" count="49" type="stmt"/>
        <line num="16" count="49" type="stmt"/>
        <line num="17" count="48" type="stmt"/>
        <line num="18" count="48" type="stmt"/>
        <line num="19" count="48" type="stmt"/>
        <line num="20" count="48" type="stmt"/>
        <line num="21" count="48" type="stmt"/>
        <line num="22" count="48" type="stmt"/>
        <line num="23" count="48" type="stmt"/>
        <line num="24" count="48" type="stmt"/>
        <line num="26" count="48" type="stmt"/>
        <line num="27" count="17" type="stmt"/>
        <line num="30" count="48" type="stmt"/>
        <line num="31" count="31" type="cond" truecount="2" falsecount="0"/>
        <line num="32" count="14" type="stmt"/>
        <line num="33" count="14" type="stmt"/>
        <line num="34" count="14" type="stmt"/>
        <line num="38" count="48" type="stmt"/>
        <line num="39" count="17" type="stmt"/>
        <line num="40" count="17" type="stmt"/>
        <line num="41" count="17" type="stmt"/>
        <line num="42" count="17" type="stmt"/>
        <line num="43" count="14" type="stmt"/>
        <line num="45" count="2" type="stmt"/>
        <line num="46" count="2" type="cond" truecount="2" falsecount="0"/>
        <line num="48" count="16" type="stmt"/>
        <line num="52" count="48" type="stmt"/>
        <line num="53" count="14" type="stmt"/>
        <line num="54" count="14" type="stmt"/>
        <line num="55" count="14" type="stmt"/>
        <line num="57" count="13" type="cond" truecount="2" falsecount="0"/>
        <line num="58" count="1" type="stmt"/>
        <line num="59" count="1" type="stmt"/>
        <line num="60" count="12" type="cond" truecount="1" falsecount="1"/>
        <line num="61" count="0" type="stmt"/>
        <line num="64" count="0" type="stmt"/>
        <line num="67" count="13" type="stmt"/>
        <line num="71" count="48" type="stmt"/>
        <line num="72" count="14" type="stmt"/>
        <line num="73" count="14" type="stmt"/>
        <line num="74" count="14" type="stmt"/>
        <line num="76" count="13" type="cond" truecount="2" falsecount="0"/>
        <line num="77" count="1" type="stmt"/>
        <line num="78" count="1" type="cond" truecount="1" falsecount="1"/>
        <line num="79" count="12" type="cond" truecount="1" falsecount="1"/>
        <line num="80" count="0" type="stmt"/>
        <line num="83" count="0" type="stmt"/>
        <line num="86" count="13" type="stmt"/>
        <line num="90" count="48" type="stmt"/>
        <line num="91" count="14" type="stmt"/>
        <line num="92" count="14" type="stmt"/>
        <line num="93" count="14" type="stmt"/>
        <line num="95" count="13" type="cond" truecount="2" falsecount="0"/>
        <line num="96" count="1" type="stmt"/>
        <line num="97" count="1" type="stmt"/>
        <line num="98" count="12" type="cond" truecount="1" falsecount="1"/>
        <line num="99" count="0" type="stmt"/>
        <line num="102" count="0" type="stmt"/>
        <line num="105" count="13" type="stmt"/>
        <line num="109" count="48" type="stmt"/>
        <line num="110" count="1" type="stmt"/>
        <line num="113" count="48" type="cond" truecount="2" falsecount="0"/>
        <line num="114" count="17" type="stmt"/>
        <line num="117" count="31" type="cond" truecount="2" falsecount="0"/>
        <line num="118" count="2" type="stmt"/>
        <line num="134" count="29" type="cond" truecount="1" falsecount="1"/>
        <line num="135" count="0" type="stmt"/>
        <line num="151" count="29" type="stmt"/>
      </file>
    </package>
    <package name="src.services">
      <metrics statements="38" coveredstatements="2" conditionals="17" coveredconditionals="2" methods="4" coveredmethods="0"/>
      <file name="tilbudService.js" path="/opt/madmatch-dev/frontend/src/services/tilbudService.js">
        <metrics statements="38" coveredstatements="2" conditionals="17" coveredconditionals="2" methods="4" coveredmethods="0"/>
        <line num="1" count="3" type="cond" truecount="2" falsecount="0"/>
        <line num="3" count="3" type="stmt"/>
        <line num="5" count="0" type="stmt"/>
        <line num="6" count="0" type="stmt"/>
        <line num="7" count="0" type="cond" truecount="0" falsecount="2"/>
        <line num="8" count="0" type="cond" truecount="0" falsecount="2"/>
        <line num="10" count="0" type="cond" truecount="0" falsecount="2"/>
        <line num="11" count="0" type="stmt"/>
        <line num="13" count="0" type="cond" truecount="0" falsecount="2"/>
        <line num="14" count="0" type="stmt"/>
        <line num="17" count="0" type="stmt"/>
        <line num="18" count="0" type="stmt"/>
        <line num="20" count="0" type="stmt"/>
        <line num="21" count="0" type="stmt"/>
        <line num="26" count="0" type="stmt"/>
        <line num="27" count="0" type="stmt"/>
        <line num="29" count="0" type="cond" truecount="0" falsecount="2"/>
        <line num="30" count="0" type="stmt"/>
        <line num="33" count="0" type="stmt"/>
        <line num="34" count="0" type="stmt"/>
        <line num="36" count="0" type="stmt"/>
        <line num="37" count="0" type="stmt"/>
        <line num="42" count="0" type="stmt"/>
        <line num="43" count="0" type="stmt"/>
        <line num="45" count="0" type="cond" truecount="0" falsecount="2"/>
        <line num="46" count="0" type="stmt"/>
        <line num="49" count="0" type="stmt"/>
        <line num="50" count="0" type="stmt"/>
        <line num="52" count="0" type="stmt"/>
        <line num="53" count="0" type="stmt"/>
        <line num="58" count="0" type="stmt"/>
        <line num="59" count="0" type="stmt"/>
        <line num="61" count="0" type="cond" truecount="0" falsecount="2"/>
        <line num="62" count="0" type="stmt"/>
        <line num="65" count="0" type="stmt"/>
        <line num="66" count="0" type="stmt"/>
        <line num="68" count="0" type="stmt"/>
        <line num="69" count="0" type="stmt"/>
      </file>
    </package>
    <package name="src.utils">
      <metrics statements="248" coveredstatements="200" conditionals="145" coveredconditionals="110" methods="26" coveredmethods="19"/>
      <file name="storage.js" path="/opt/madmatch-dev/frontend/src/utils/storage.js">
        <metrics statements="248" coveredstatements="200" conditionals="145" coveredconditionals="110" methods="26" coveredmethods="19"/>
        <line num="23" count="16" type="stmt"/>
        <line num="26" count="16" type="stmt"/>
        <line num="27" count="16" type="stmt"/>
        <line num="30" count="16" type="stmt"/>
        <line num="35" count="16" type="stmt"/>
        <line num="42" count="107" type="cond" truecount="2" falsecount="0"/>
        <line num="43" count="2" type="stmt"/>
        <line num="44" count="2" type="stmt"/>
        <line num="48" count="105" type="stmt"/>
        <line num="49" count="91" type="cond" truecount="2" falsecount="0"/>
        <line num="50" count="91" type="cond" truecount="2" falsecount="0"/>
        <line num="51" count="9" type="stmt"/>
        <line num="53" count="91" type="stmt"/>
        <line num="56" count="105" type="stmt"/>
        <line num="65" count="33" type="cond" truecount="2" falsecount="0"/>
        <line num="66" count="3" type="stmt"/>
        <line num="67" count="3" type="stmt"/>
        <line num="71" count="30" type="stmt"/>
        <line num="73" count="60" type="cond" truecount="4" falsecount="0"/>
        <line num="74" count="8" type="stmt"/>
        <line num="75" count="8" type="stmt"/>
        <line num="79" count="52" type="cond" truecount="4" falsecount="0"/>
        <line num="80" count="2" type="stmt"/>
        <line num="81" count="2" type="stmt"/>
        <line num="85" count="50" type="stmt"/>
        <line num="86" count="50" type="cond" truecount="5" falsecount="0"/>
        <line num="87" count="8" type="stmt"/>
        <line num="88" count="8" type="stmt"/>
        <line num="92" count="42" type="cond" truecount="2" falsecount="0"/>
        <line num="93" count="3" type="cond" truecount="4" falsecount="0"/>
        <line num="94" count="2" type="stmt"/>
        <line num="96" count="2" type="stmt"/>
        <line num="100" count="42" type="stmt"/>
        <line num="103" count="30" type="stmt"/>
        <line num="114" count="58" type="stmt"/>
        <line num="115" count="58" type="cond" truecount="4" falsecount="0"/>
        <line num="117" count="58" type="cond" truecount="2" falsecount="0"/>
        <line num="118" count="5" type="stmt"/>
        <line num="122" count="58" type="cond" truecount="2" falsecount="0"/>
        <line num="124" count="58" type="cond" truecount="2" falsecount="0"/>
        <line num="125" count="3" type="stmt"/>
        <line num="128" count="58" type="stmt"/>
        <line num="138" count="16" type="stmt"/>
        <line num="139" count="74" type="stmt"/>
        <line num="142" count="74" type="cond" truecount="2" falsecount="0"/>
        <line num="143" count="19" type="cond" truecount="2" falsecount="0"/>
        <line num="144" count="19" type="stmt"/>
        <line num="152" count="55" type="cond" truecount="2" falsecount="0"/>
        <line num="153" count="21" type="cond" truecount="1" falsecount="1"/>
        <line num="156" count="21" type="stmt"/>
        <line num="158" count="27" type="cond" truecount="4" falsecount="0"/>
        <line num="159" count="1" type="stmt"/>
        <line num="165" count="26" type="stmt"/>
        <line num="168" count="21" type="stmt"/>
        <line num="176" count="34" type="cond" truecount="2" falsecount="0"/>
        <line num="177" count="31" type="stmt"/>
        <line num="178" count="31" type="stmt"/>
        <line num="187" count="3" type="stmt"/>
        <line num="188" count="3" type="stmt"/>
        <line num="201" count="16" type="stmt"/>
        <line num="202" count="225" type="stmt"/>
        <line num="203" count="225" type="stmt"/>
        <line num="206" count="212" type="cond" truecount="2" falsecount="0"/>
        <line num="209" count="210" type="cond" truecount="2" falsecount="0"/>
        <line num="211" count="129" type="cond" truecount="2" falsecount="0"/>
        <line num="212" count="88" type="stmt"/>
        <line num="213" count="88" type="cond" truecount="3" falsecount="1"/>
        <line num="214" count="4" type="stmt"/>
        <line num="215" count="4" type="stmt"/>
        <line num="217" count="41" type="cond" truecount="2" falsecount="0"/>
        <line num="218" count="12" type="stmt"/>
        <line num="219" count="12" type="cond" truecount="3" falsecount="1"/>
        <line num="220" count="8" type="stmt"/>
        <line num="221" count="8" type="stmt"/>
        <line num="223" count="29" type="cond" truecount="2" falsecount="0"/>
        <line num="224" count="27" type="stmt"/>
        <line num="225" count="27" type="cond" truecount="4" falsecount="0"/>
        <line num="226" count="10" type="stmt"/>
        <line num="227" count="10" type="stmt"/>
        <line num="231" count="107" type="stmt"/>
        <line num="235" count="81" type="cond" truecount="2" falsecount="0"/>
        <line num="236" count="74" type="stmt"/>
        <line num="237" count="74" type="stmt"/>
        <line num="240" count="74" type="stmt"/>
        <line num="241" count="0" type="stmt"/>
        <line num="244" count="74" type="stmt"/>
        <line num="248" count="7" type="stmt"/>
        <line num="249" count="7" type="stmt"/>
        <line num="252" count="15" type="stmt"/>
        <line num="253" count="15" type="stmt"/>
        <line num="260" count="16" type="stmt"/>
        <line num="261" count="651" type="cond" truecount="1" falsecount="1"/>
        <line num="263" count="651" type="stmt"/>
        <line num="264" count="651" type="stmt"/>
        <line num="265" count="651" type="cond" truecount="1" falsecount="1"/>
        <line num="267" count="651" type="cond" truecount="2" falsecount="0"/>
        <line num="274" count="16" type="stmt"/>
        <line num="275" count="651" type="stmt"/>
        <line num="276" count="651" type="stmt"/>
        <line num="277" count="651" type="stmt"/>
        <line num="278" count="647" type="stmt"/>
        <line num="279" count="647" type="stmt"/>
        <line num="281" count="4" type="stmt"/>
        <line num="288" count="16" type="stmt"/>
        <line num="289" count="230" type="stmt"/>
        <line num="290" count="230" type="stmt"/>
        <line num="291" count="230" type="stmt"/>
        <line num="294" count="230" type="cond" truecount="1" falsecount="1"/>
        <line num="295" count="0" type="stmt"/>
        <line num="296" count="0" type="stmt"/>
        <line num="299" count="230" type="stmt"/>
        <line num="301" count="0" type="stmt"/>
        <line num="302" count="0" type="stmt"/>
        <line num="309" count="16" type="stmt"/>
        <line num="310" count="0" type="stmt"/>
        <line num="312" count="0" type="cond" truecount="0" falsecount="4"/>
        <line num="313" count="0" type="stmt"/>
        <line num="316" count="0" type="cond" truecount="0" falsecount="2"/>
        <line num="319" count="0" type="cond" truecount="0" falsecount="4"/>
        <line num="320" count="0" type="stmt"/>
        <line num="321" count="0" type="cond" truecount="0" falsecount="2"/>
        <line num="326" count="0" type="stmt"/>
        <line num="328" count="0" type="stmt"/>
        <line num="336" count="0" type="stmt"/>
        <line num="340" count="0" type="stmt"/>
        <line num="343" count="0" type="stmt"/>
        <line num="345" count="0" type="stmt"/>
        <line num="346" count="0" type="stmt"/>
        <line num="353" count="16" type="cond" truecount="0" falsecount="2"/>
        <line num="354" count="0" type="stmt"/>
        <line num="355" count="0" type="stmt"/>
        <line num="356" count="0" type="stmt"/>
        <line num="357" count="0" type="stmt"/>
        <line num="358" count="0" type="stmt"/>
        <line num="360" count="0" type="cond" truecount="0" falsecount="2"/>
        <line num="361" count="0" type="stmt"/>
        <line num="362" count="0" type="stmt"/>
        <line num="364" count="0" type="stmt"/>
        <line num="369" count="0" type="stmt"/>
        <line num="376" count="16" type="stmt"/>
        <line num="377" count="388" type="stmt"/>
        <line num="379" count="388" type="stmt"/>
        <line num="380" count="717" type="stmt"/>
        <line num="383" count="717" type="cond" truecount="2" falsecount="0"/>
        <line num="384" count="388" type="stmt"/>
        <line num="385" count="388" type="cond" truecount="2" falsecount="0"/>
        <line num="386" count="223" type="stmt"/>
        <line num="387" count="223" type="stmt"/>
        <line num="389" count="329" type="cond" truecount="2" falsecount="0"/>
        <line num="390" count="165" type="stmt"/>
        <line num="391" count="165" type="cond" truecount="2" falsecount="0"/>
        <line num="392" count="1" type="stmt"/>
        <line num="393" count="1" type="stmt"/>
        <line num="395" count="164" type="cond" truecount="1" falsecount="1"/>
        <line num="396" count="164" type="stmt"/>
        <line num="397" count="164" type="cond" truecount="2" falsecount="0"/>
        <line num="398" count="1" type="stmt"/>
        <line num="399" count="1" type="stmt"/>
        <line num="403" count="717" type="cond" truecount="4" falsecount="0"/>
        <line num="405" count="225" type="stmt"/>
        <line num="406" count="225" type="cond" truecount="2" falsecount="0"/>
        <line num="407" count="203" type="stmt"/>
        <line num="409" count="22" type="stmt"/>
        <line num="410" count="22" type="stmt"/>
        <line num="411" count="22" type="stmt"/>
        <line num="415" count="0" type="stmt"/>
        <line num="419" count="163" type="stmt"/>
        <line num="420" count="163" type="stmt"/>
        <line num="426" count="16" type="stmt"/>
        <line num="427" count="230" type="stmt"/>
        <line num="428" count="230" type="stmt"/>
        <line num="431" count="230" type="cond" truecount="1" falsecount="1"/>
        <line num="432" count="0" type="stmt"/>
        <line num="436" count="230" type="cond" truecount="4" falsecount="0"/>
        <line num="437" count="1" type="stmt"/>
        <line num="438" count="1" type="stmt"/>
        <line num="442" count="230" type="cond" truecount="1" falsecount="1"/>
        <line num="443" count="230" type="cond" truecount="2" falsecount="0"/>
        <line num="446" count="230" type="stmt"/>
        <line num="448" count="230" type="cond" truecount="1" falsecount="1"/>
        <line num="449" count="0" type="stmt"/>
        <line num="453" count="230" type="cond" truecount="1" falsecount="1"/>
        <line num="454" count="0" type="stmt"/>
        <line num="456" count="230" type="stmt"/>
        <line num="459" count="226" type="stmt"/>
        <line num="460" count="226" type="stmt"/>
        <line num="463" count="226" type="cond" truecount="1" falsecount="1"/>
        <line num="464" count="0" type="stmt"/>
        <line num="465" count="0" type="cond" truecount="0" falsecount="2"/>
        <line num="466" count="0" type="stmt"/>
        <line num="468" count="0" type="stmt"/>
        <line num="471" count="226" type="stmt"/>
        <line num="473" count="4" type="stmt"/>
        <line num="476" count="4" type="stmt"/>
        <line num="477" count="4" type="cond" truecount="1" falsecount="1"/>
        <line num="478" count="0" type="stmt"/>
        <line num="480" count="4" type="stmt"/>
        <line num="483" count="2" type="stmt"/>
        <line num="484" count="2" type="stmt"/>
        <line num="486" count="2" type="stmt"/>
        <line num="488" count="2" type="stmt"/>
        <line num="491" count="2" type="stmt"/>
        <line num="492" count="2" type="stmt"/>
        <line num="493" count="2" type="stmt"/>
        <line num="494" count="2" type="stmt"/>
        <line num="496" count="2" type="stmt"/>
        <line num="498" count="0" type="stmt"/>
        <line num="499" count="0" type="stmt"/>
        <line num="508" count="16" type="stmt"/>
        <line num="509" count="23" type="stmt"/>
        <line num="512" count="23" type="stmt"/>
        <line num="513" count="23" type="stmt"/>
        <line num="514" count="23" type="stmt"/>
        <line num="516" count="0" type="stmt"/>
        <line num="519" count="23" type="stmt"/>
        <line num="520" count="23" type="stmt"/>
        <line num="521" count="23" type="stmt"/>
        <line num="523" count="0" type="stmt"/>
        <line num="526" count="23" type="cond" truecount="1" falsecount="1"/>
        <line num="527" count="0" type="stmt"/>
        <line num="528" count="0" type="stmt"/>
        <line num="531" count="23" type="cond" truecount="1" falsecount="1"/>
        <line num="532" count="23" type="stmt"/>
        <line num="535" count="23" type="stmt"/>
        <line num="541" count="16" type="stmt"/>
        <line num="542" count="421" type="stmt"/>
        <line num="548" count="421" type="stmt"/>
        <line num="549" count="421" type="stmt"/>
        <line num="550" count="421" type="stmt"/>
        <line num="551" count="421" type="stmt"/>
        <line num="552" count="421" type="stmt"/>
        <line num="554" count="0" type="stmt"/>
        <line num="558" count="421" type="stmt"/>
        <line num="559" count="421" type="stmt"/>
        <line num="560" count="421" type="stmt"/>
        <line num="561" count="421" type="stmt"/>
        <line num="562" count="421" type="stmt"/>
        <line num="564" count="0" type="stmt"/>
        <line num="573" count="16" type="stmt"/>
        <line num="574" count="17" type="stmt"/>
        <line num="575" count="17" type="stmt"/>
        <line num="577" count="0" type="stmt"/>
        <line num="580" count="17" type="stmt"/>
        <line num="581" count="17" type="stmt"/>
        <line num="583" count="0" type="stmt"/>
        <line num="586" count="17" type="stmt"/>
        <line num="587" count="1" type="stmt"/>
        <line num="590" count="17" type="stmt"/>
      </file>
    </package>
  </project>
</coverage>
