{"/home/moltbot/.openclaw/workspace-zhc-developer/MadMatch/frontend/src/App.js": {"path":"/home/moltbot/.openclaw/workspace-zhc-developer/MadMatch/frontend/src/App.js","statementMap":{"0":{"start":{"line":14,"column":19},"end":{"line":14,"column":32}},"1":{"start":{"line":15,"column":19},"end":{"line":15,"column":44}},"2":{"start":{"line":16,"column":31},"end":{"line":16,"column":51}},"3":{"start":{"line":17,"column":24},"end":{"line":17,"column":42}},"4":{"start":{"line":19,"column":2},"end":{"line":43,"column":4}},"5":{"start":{"line":47,"column":30},"end":{"line":47,"column":42}},"6":{"start":{"line":48,"column":34},"end":{"line":48,"column":46}},"7":{"start":{"line":49,"column":38},"end":{"line":49,"column":50}},"8":{"start":{"line":50,"column":44},"end":{"line":50,"column":56}},"9":{"start":{"line":51,"column":50},"end":{"line":51,"column":62}},"10":{"start":{"line":52,"column":32},"end":{"line":52,"column":46}},"11":{"start":{"line":53,"column":28},"end":{"line":53,"column":42}},"12":{"start":{"line":56,"column":2},"end":{"line":58,"column":9}},"13":{"start":{"line":57,"column":4},"end":{"line":57,"column":22}},"14":{"start":{"line":61,"column":2},"end":{"line":63,"column":40}},"15":{"start":{"line":62,"column":4},"end":{"line":62,"column":17}},"16":{"start":{"line":65,"column":26},"end":{"line":84,"column":3}},"17":{"start":{"line":66,"column":4},"end":{"line":83,"column":5}},"18":{"start":{"line":67,"column":6},"end":{"line":67,"column":23}},"19":{"start":{"line":68,"column":57},"end":{"line":72,"column":8}},"20":{"start":{"line":74,"column":6},"end":{"line":74,"column":28}},"21":{"start":{"line":75,"column":6},"end":{"line":75,"column":32}},"22":{"start":{"line":76,"column":6},"end":{"line":76,"column":36}},"23":{"start":{"line":77,"column":6},"end":{"line":77,"column":21}},"24":{"start":{"line":79,"column":6},"end":{"line":79,"column":57}},"25":{"start":{"line":80,"column":6},"end":{"line":80,"column":83}},"26":{"start":{"line":82,"column":6},"end":{"line":82,"column":24}},"27":{"start":{"line":86,"column":21},"end":{"line":99,"column":3}},"28":{"start":{"line":87,"column":4},"end":{"line":98,"column":5}},"29":{"start":{"line":88,"column":22},"end":{"line":88,"column":24}},"30":{"start":{"line":89,"column":6},"end":{"line":89,"column":55}},"31":{"start":{"line":89,"column":25},"end":{"line":89,"column":55}},"32":{"start":{"line":90,"column":6},"end":{"line":90,"column":64}},"33":{"start":{"line":90,"column":28},"end":{"line":90,"column":64}},"34":{"start":{"line":92,"column":19},"end":{"line":92,"column":60}},"35":{"start":{"line":93,"column":6},"end":{"line":93,"column":22}},"36":{"start":{"line":94,"column":6},"end":{"line":94,"column":21}},"37":{"start":{"line":96,"column":6},"end":{"line":96,"column":51}},"38":{"start":{"line":97,"column":6},"end":{"line":97,"column":45}},"39":{"start":{"line":101,"column":22},"end":{"line":104,"column":3}},"40":{"start":{"line":102,"column":4},"end":{"line":102,"column":25}},"41":{"start":{"line":103,"column":4},"end":{"line":103,"column":28}},"42":{"start":{"line":106,"column":2},"end":{"line":112,"column":3}},"43":{"start":{"line":107,"column":4},"end":{"line":111,"column":6}},"44":{"start":{"line":114,"column":2},"end":{"line":124,"column":3}},"45":{"start":{"line":115,"column":4},"end":{"line":123,"column":6}},"46":{"start":{"line":126,"column":2},"end":{"line":155,"column":4}},"47":{"start":{"line":150,"column":12},"end":{"line":150,"column":54}},"48":{"start":{"line":159,"column":2},"end":{"line":173,"column":4}},"49":{"start":{"line":177,"column":2},"end":{"line":191,"column":4}}},"fnMap":{"0":{"name":"Navigation","decl":{"start":{"line":13,"column":9},"end":{"line":13,"column":19}},"loc":{"start":{"line":13,"column":22},"end":{"line":44,"column":1}},"line":13},"1":{"name":"TilbudOversigt","decl":{"start":{"line":46,"column":9},"end":{"line":46,"column":23}},"loc":{"start":{"line":46,"column":26},"end":{"line":156,"column":1}},"line":46},"2":{"name":"(anonymous_2)","decl":{"start":{"line":56,"column":12},"end":{"line":56,"column":13}},"loc":{"start":{"line":56,"column":18},"end":{"line":58,"column":3}},"line":56},"3":{"name":"(anonymous_3)","decl":{"start":{"line":61,"column":12},"end":{"line":61,"column":13}},"loc":{"start":{"line":61,"column":18},"end":{"line":63,"column":3}},"line":61},"4":{"name":"(anonymous_4)","decl":{"start":{"line":65,"column":26},"end":{"line":65,"column":27}},"loc":{"start":{"line":65,"column":38},"end":{"line":84,"column":3}},"line":65},"5":{"name":"(anonymous_5)","decl":{"start":{"line":86,"column":21},"end":{"line":86,"column":22}},"loc":{"start":{"line":86,"column":33},"end":{"line":99,"column":3}},"line":86},"6":{"name":"(anonymous_6)","decl":{"start":{"line":101,"column":22},"end":{"line":101,"column":23}},"loc":{"start":{"line":101,"column":28},"end":{"line":104,"column":3}},"line":101},"7":{"name":"(anonymous_7)","decl":{"start":{"line":149,"column":23},"end":{"line":149,"column":24}},"loc":{"start":{"line":150,"column":12},"end":{"line":150,"column":54}},"line":150},"8":{"name":"AppLayout","decl":{"start":{"line":158,"column":9},"end":{"line":158,"column":18}},"loc":{"start":{"line":158,"column":33},"end":{"line":174,"column":1}},"line":158},"9":{"name":"App","decl":{"start":{"line":176,"column":9},"end":{"line":176,"column":12}},"loc":{"start":{"line":176,"column":15},"end":{"line":192,"column":1}},"line":176}},"branchMap":{"0":{"loc":{"start":{"line":15,"column":19},"end":{"line":15,"column":44}},"type":"binary-expr","locations":[{"start":{"line":15,"column":19},"end":{"line":15,"column":37}},{"start":{"line":15,"column":41},"end":{"line":15,"column":44}}],"line":15},"1":{"loc":{"start":{"line":23,"column":30},"end":{"line":23,"column":62}},"type":"cond-expr","locations":[{"start":{"line":23,"column":49},"end":{"line":23,"column":57}},{"start":{"line":23,"column":60},"end":{"line":23,"column":62}}],"line":23},"2":{"loc":{"start":{"line":30,"column":30},"end":{"line":30,"column":72}},"type":"cond-expr","locations":[{"start":{"line":30,"column":59},"end":{"line":30,"column":67}},{"start":{"line":30,"column":70},"end":{"line":30,"column":72}}],"line":30},"3":{"loc":{"start":{"line":37,"column":30},"end":{"line":37,"column":83}},"type":"cond-expr","locations":[{"start":{"line":37,"column":70},"end":{"line":37,"column":78}},{"start":{"line":37,"column":81},"end":{"line":37,"column":83}}],"line":37},"4":{"loc":{"start":{"line":40,"column":25},"end":{"line":40,"column":66}},"type":"binary-expr","locations":[{"start":{"line":40,"column":25},"end":{"line":40,"column":42}},{"start":{"line":40,"column":46},"end":{"line":40,"column":66}}],"line":40},"5":{"loc":{"start":{"line":89,"column":6},"end":{"line":89,"column":55}},"type":"if","locations":[{"start":{"line":89,"column":6},"end":{"line":89,"column":55}},{"start":{},"end":{}}],"line":89},"6":{"loc":{"start":{"line":90,"column":6},"end":{"line":90,"column":64}},"type":"if","locations":[{"start":{"line":90,"column":6},"end":{"line":90,"column":64}},{"start":{},"end":{}}],"line":90},"7":{"loc":{"start":{"line":106,"column":2},"end":{"line":112,"column":3}},"type":"if","locations":[{"start":{"line":106,"column":2},"end":{"line":112,"column":3}},{"start":{},"end":{}}],"line":106},"8":{"loc":{"start":{"line":114,"column":2},"end":{"line":124,"column":3}},"type":"if","locations":[{"start":{"line":114,"column":2},"end":{"line":124,"column":3}},{"start":{},"end":{}}],"line":114},"9":{"loc":{"start":{"line":139,"column":15},"end":{"line":139,"column":34}},"type":"binary-expr","locations":[{"start":{"line":139,"column":15},"end":{"line":139,"column":29}},{"start":{"line":139,"column":33},"end":{"line":139,"column":34}}],"line":139},"10":{"loc":{"start":{"line":142,"column":7},"end":{"line":153,"column":7}},"type":"cond-expr","locations":[{"start":{"line":143,"column":8},"end":{"line":146,"column":14}},{"start":{"line":148,"column":8},"end":{"line":152,"column":14}}],"line":142},"11":{"loc":{"start":{"line":142,"column":8},"end":{"line":142,"column":27}},"type":"binary-expr","locations":[{"start":{"line":142,"column":8},"end":{"line":142,"column":22}},{"start":{"line":142,"column":26},"end":{"line":142,"column":27}}],"line":142}},"s":{"0":0,"1":0,"2":0,"3":0,"4":0,"5":0,"6":0,"7":0,"8":0,"9":0,"10":0,"11":0,"12":0,"13":0,"14":0,"15":0,"16":0,"17":0,"18":0,"19":0,"20":0,"21":0,"22":0,"23":0,"24":0,"25":0,"26":0,"27":0,"28":0,"29":0,"30":0,"31":0,"32":0,"33":0,"34":0,"35":0,"36":0,"37":0,"38":0,"39":0,"40":0,"41":0,"42":0,"43":0,"44":0,"45":0,"46":0,"47":0,"48":0,"49":0},"f":{"0":0,"1":0,"2":0,"3":0,"4":0,"5":0,"6":0,"7":0,"8":0,"9":0},"b":{"0":[0,0],"1":[0,0],"2":[0,0],"3":[0,0],"4":[0,0],"5":[0,0],"6":[0,0],"7":[0,0],"8":[0,0],"9":[0,0],"10":[0,0],"11":[0,0]}}
,"/home/moltbot/.openclaw/workspace-zhc-developer/MadMatch/frontend/src/index.js": {"path":"/home/moltbot/.openclaw/workspace-zhc-developer/MadMatch/frontend/src/index.js","statementMap":{"0":{"start":{"line":6,"column":13},"end":{"line":6,"column":65}},"1":{"start":{"line":7,"column":0},"end":{"line":11,"column":2}}},"fnMap":{},"branchMap":{},"s":{"0":0,"1":0},"f":{},"b":{}}
,"/home/moltbot/.openclaw/workspace-zhc-developer/MadMatch/frontend/src/components/ErrorBoundary.js": {"path":"/home/moltbot/.openclaw/workspace-zhc-developer/MadMatch/frontend/src/components/ErrorBoundary.js","statementMap":{"0":{"start":{"line":10,"column":4},"end":{"line":10,"column":17}},"1":{"start":{"line":11,"column":4},"end":{"line":15,"column":6}},"2":{"start":{"line":20,"column":4},"end":{"line":20,"column":30}},"3":{"start":{"line":25,"column":4},"end":{"line":25,"column":70}},"4":{"start":{"line":27,"column":4},"end":{"line":30,"column":7}},"5":{"start":{"line":33,"column":16},"end":{"line":44,"column":3}},"6":{"start":{"line":34,"column":4},"end":{"line":38,"column":7}},"7":{"start":{"line":41,"column":4},"end":{"line":43,"column":5}},"8":{"start":{"line":42,"column":6},"end":{"line":42,"column":27}},"9":{"start":{"line":47,"column":4},"end":{"line":85,"column":5}},"10":{"start":{"line":49,"column":6},"end":{"line":84,"column":8}},"11":{"start":{"line":76,"column":31},"end":{"line":76,"column":57}},"12":{"start":{"line":87,"column":4},"end":{"line":87,"column":31}}},"fnMap":{"0":{"name":"(anonymous_0)","decl":{"start":{"line":9,"column":2},"end":{"line":9,"column":3}},"loc":{"start":{"line":9,"column":21},"end":{"line":16,"column":3}},"line":9},"1":{"name":"(anonymous_1)","decl":{"start":{"line":18,"column":2},"end":{"line":18,"column":3}},"loc":{"start":{"line":18,"column":41},"end":{"line":21,"column":3}},"line":18},"2":{"name":"(anonymous_2)","decl":{"start":{"line":23,"column":2},"end":{"line":23,"column":3}},"loc":{"start":{"line":23,"column":38},"end":{"line":31,"column":3}},"line":23},"3":{"name":"(anonymous_3)","decl":{"start":{"line":33,"column":16},"end":{"line":33,"column":17}},"loc":{"start":{"line":33,"column":22},"end":{"line":44,"column":3}},"line":33},"4":{"name":"(anonymous_4)","decl":{"start":{"line":46,"column":2},"end":{"line":46,"column":3}},"loc":{"start":{"line":46,"column":11},"end":{"line":88,"column":3}},"line":46},"5":{"name":"(anonymous_5)","decl":{"start":{"line":76,"column":25},"end":{"line":76,"column":26}},"loc":{"start":{"line":76,"column":31},"end":{"line":76,"column":57}},"line":76}},"branchMap":{"0":{"loc":{"start":{"line":41,"column":4},"end":{"line":43,"column":5}},"type":"if","locations":[{"start":{"line":41,"column":4},"end":{"line":43,"column":5}},{"start":{},"end":{}}],"line":41},"1":{"loc":{"start":{"line":47,"column":4},"end":{"line":85,"column":5}},"type":"if","locations":[{"start":{"line":47,"column":4},"end":{"line":85,"column":5}},{"start":{},"end":{}}],"line":47},"2":{"loc":{"start":{"line":58,"column":13},"end":{"line":66,"column":13}},"type":"binary-expr","locations":[{"start":{"line":58,"column":13},"end":{"line":58,"column":51}},{"start":{"line":58,"column":55},"end":{"line":58,"column":71}},{"start":{"line":59,"column":14},"end":{"line":65,"column":24}}],"line":58},"3":{"loc":{"start":{"line":63,"column":19},"end":{"line":63,"column":78}},"type":"binary-expr","locations":[{"start":{"line":63,"column":19},"end":{"line":63,"column":39}},{"start":{"line":63,"column":43},"end":{"line":63,"column":78}}],"line":63}},"s":{"0":0,"1":0,"2":0,"3":0,"4":0,"5":0,"6":0,"7":0,"8":0,"9":0,"10":0,"11":0,"12":0},"f":{"0":0,"1":0,"2":0,"3":0,"4":0,"5":0},"b":{"0":[0,0],"1":[0,0],"2":[0,0,0],"3":[0,0]}}
,"/home/moltbot/.openclaw/workspace-zhc-developer/MadMatch/frontend/src/components/FilterBar.js": {"path":"/home/moltbot/.openclaw/workspace-zhc-developer/MadMatch/frontend/src/components/FilterBar.js","statementMap":{"0":{"start":{"line":4,"column":18},"end":{"line":50,"column":1}},"1":{"start":{"line":13,"column":2},"end":{"line":49,"column":4}},"2":{"start":{"line":20,"column":27},"end":{"line":20,"column":56}},"3":{"start":{"line":24,"column":12},"end":{"line":24,"column":62}},"4":{"start":{"line":34,"column":27},"end":{"line":34,"column":59}},"5":{"start":{"line":38,"column":12},"end":{"line":38,"column":71}}},"fnMap":{"0":{"name":"(anonymous_0)","decl":{"start":{"line":4,"column":18},"end":{"line":4,"column":19}},"loc":{"start":{"line":12,"column":6},"end":{"line":50,"column":1}},"line":12},"1":{"name":"(anonymous_1)","decl":{"start":{"line":20,"column":20},"end":{"line":20,"column":21}},"loc":{"start":{"line":20,"column":27},"end":{"line":20,"column":56}},"line":20},"2":{"name":"(anonymous_2)","decl":{"start":{"line":23,"column":25},"end":{"line":23,"column":26}},"loc":{"start":{"line":24,"column":12},"end":{"line":24,"column":62}},"line":24},"3":{"name":"(anonymous_3)","decl":{"start":{"line":34,"column":20},"end":{"line":34,"column":21}},"loc":{"start":{"line":34,"column":27},"end":{"line":34,"column":59}},"line":34},"4":{"name":"(anonymous_4)","decl":{"start":{"line":37,"column":27},"end":{"line":37,"column":28}},"loc":{"start":{"line":38,"column":12},"end":{"line":38,"column":71}},"line":38}},"branchMap":{"0":{"loc":{"start":{"line":43,"column":7},"end":{"line":47,"column":7}},"type":"binary-expr","locations":[{"start":{"line":43,"column":8},"end":{"line":43,"column":21}},{"start":{"line":43,"column":25},"end":{"line":43,"column":41}},{"start":{"line":44,"column":8},"end":{"line":46,"column":17}}],"line":43}},"s":{"0":0,"1":0,"2":0,"3":0,"4":0,"5":0},"f":{"0":0,"1":0,"2":0,"3":0,"4":0},"b":{"0":[0,0,0]}}
,"/home/moltbot/.openclaw/workspace-zhc-developer/MadMatch/frontend/src/components/LoadingSkeleton.js": {"path":"/home/moltbot/.openclaw/workspace-zhc-developer/MadMatch/frontend/src/components/LoadingSkeleton.js","statementMap":{"0":{"start":{"line":8,"column":24},"end":{"line":123,"column":1}},"1":{"start":{"line":9,"column":2},"end":{"line":45,"column":3}},"2":{"start":{"line":10,"column":4},"end":{"line":44,"column":6}},"3":{"start":{"line":47,"column":2},"end":{"line":57,"column":3}},"4":{"start":{"line":48,"column":4},"end":{"line":56,"column":6}},"5":{"start":{"line":59,"column":2},"end":{"line":74,"column":3}},"6":{"start":{"line":60,"column":4},"end":{"line":73,"column":6}},"7":{"start":{"line":65,"column":12},"end":{"line":69,"column":18}},"8":{"start":{"line":76,"column":2},"end":{"line":85,"column":3}},"9":{"start":{"line":77,"column":4},"end":{"line":84,"column":6}},"10":{"start":{"line":88,"column":2},"end":{"line":122,"column":4}}},"fnMap":{"0":{"name":"(anonymous_0)","decl":{"start":{"line":8,"column":24},"end":{"line":8,"column":25}},"loc":{"start":{"line":8,"column":50},"end":{"line":123,"column":1}},"line":8},"1":{"name":"(anonymous_1)","decl":{"start":{"line":64,"column":25},"end":{"line":64,"column":26}},"loc":{"start":{"line":65,"column":12},"end":{"line":69,"column":18}},"line":65}},"branchMap":{"0":{"loc":{"start":{"line":8,"column":27},"end":{"line":8,"column":43}},"type":"default-arg","locations":[{"start":{"line":8,"column":34},"end":{"line":8,"column":43}}],"line":8},"1":{"loc":{"start":{"line":9,"column":2},"end":{"line":45,"column":3}},"type":"if","locations":[{"start":{"line":9,"column":2},"end":{"line":45,"column":3}},{"start":{},"end":{}}],"line":9},"2":{"loc":{"start":{"line":47,"column":2},"end":{"line":57,"column":3}},"type":"if","locations":[{"start":{"line":47,"column":2},"end":{"line":57,"column":3}},{"start":{},"end":{}}],"line":47},"3":{"loc":{"start":{"line":59,"column":2},"end":{"line":74,"column":3}},"type":"if","locations":[{"start":{"line":59,"column":2},"end":{"line":74,"column":3}},{"start":{},"end":{}}],"line":59},"4":{"loc":{"start":{"line":76,"column":2},"end":{"line":85,"column":3}},"type":"if","locations":[{"start":{"line":76,"column":2},"end":{"line":85,"column":3}},{"start":{},"end":{}}],"line":76}},"s":{"0":0,"1":0,"2":0,"3":0,"4":0,"5":0,"6":0,"7":0,"8":0,"9":0,"10":0},"f":{"0":0,"1":0},"b":{"0":[0],"1":[0,0],"2":[0,0],"3":[0,0],"4":[0,0]}}
,"/home/moltbot/.openclaw/workspace-zhc-developer/MadMatch/frontend/src/components/NutritionCard.js": {"path":"/home/moltbot/.openclaw/workspace-zhc-developer/MadMatch/frontend/src/components/NutritionCard.js","statementMap":{"0":{"start":{"line":9,"column":22},"end":{"line":101,"column":1}},"1":{"start":{"line":10,"column":2},"end":{"line":19,"column":3}},"2":{"start":{"line":11,"column":4},"end":{"line":18,"column":6}},"3":{"start":{"line":21,"column":2},"end":{"line":30,"column":3}},"4":{"start":{"line":22,"column":4},"end":{"line":29,"column":6}},"5":{"start":{"line":32,"column":25},"end":{"line":32,"column":34}},"6":{"start":{"line":37,"column":22},"end":{"line":42,"column":3}},"7":{"start":{"line":38,"column":4},"end":{"line":40,"column":5}},"8":{"start":{"line":39,"column":6},"end":{"line":39,"column":17}},"9":{"start":{"line":41,"column":4},"end":{"line":41,"column":56}},"10":{"start":{"line":47,"column":23},"end":{"line":62,"column":3}},"11":{"start":{"line":48,"column":17},"end":{"line":48,"column":47}},"12":{"start":{"line":49,"column":15},"end":{"line":49,"column":40}},"13":{"start":{"line":51,"column":4},"end":{"line":53,"column":5}},"14":{"start":{"line":52,"column":6},"end":{"line":52,"column":17}},"15":{"start":{"line":55,"column":21},"end":{"line":55,"column":59}},"16":{"start":{"line":56,"column":19},"end":{"line":56,"column":51}},"17":{"start":{"line":58,"column":4},"end":{"line":60,"column":5}},"18":{"start":{"line":59,"column":6},"end":{"line":59,"column":39}},"19":{"start":{"line":61,"column":4},"end":{"line":61,"column":30}},"20":{"start":{"line":64,"column":24},"end":{"line":73,"column":3}},"21":{"start":{"line":75,"column":2},"end":{"line":100,"column":4}},"22":{"start":{"line":83,"column":12},"end":{"line":89,"column":17}}},"fnMap":{"0":{"name":"(anonymous_0)","decl":{"start":{"line":9,"column":22},"end":{"line":9,"column":23}},"loc":{"start":{"line":9,"column":50},"end":{"line":101,"column":1}},"line":9},"1":{"name":"(anonymous_1)","decl":{"start":{"line":37,"column":22},"end":{"line":37,"column":23}},"loc":{"start":{"line":37,"column":59},"end":{"line":42,"column":3}},"line":37},"2":{"name":"(anonymous_2)","decl":{"start":{"line":47,"column":23},"end":{"line":47,"column":24}},"loc":{"start":{"line":47,"column":29},"end":{"line":62,"column":3}},"line":47},"3":{"name":"(anonymous_3)","decl":{"start":{"line":82,"column":29},"end":{"line":82,"column":30}},"loc":{"start":{"line":83,"column":12},"end":{"line":89,"column":17}},"line":83}},"branchMap":{"0":{"loc":{"start":{"line":10,"column":2},"end":{"line":19,"column":3}},"type":"if","locations":[{"start":{"line":10,"column":2},"end":{"line":19,"column":3}},{"start":{},"end":{}}],"line":10},"1":{"loc":{"start":{"line":21,"column":2},"end":{"line":30,"column":3}},"type":"if","locations":[{"start":{"line":21,"column":2},"end":{"line":30,"column":3}},{"start":{},"end":{}}],"line":21},"2":{"loc":{"start":{"line":21,"column":6},"end":{"line":21,"column":41}},"type":"binary-expr","locations":[{"start":{"line":21,"column":6},"end":{"line":21,"column":16}},{"start":{"line":21,"column":20},"end":{"line":21,"column":41}}],"line":21},"3":{"loc":{"start":{"line":37,"column":30},"end":{"line":37,"column":40}},"type":"default-arg","locations":[{"start":{"line":37,"column":37},"end":{"line":37,"column":40}}],"line":37},"4":{"loc":{"start":{"line":37,"column":42},"end":{"line":37,"column":54}},"type":"default-arg","locations":[{"start":{"line":37,"column":53},"end":{"line":37,"column":54}}],"line":37},"5":{"loc":{"start":{"line":38,"column":4},"end":{"line":40,"column":5}},"type":"if","locations":[{"start":{"line":38,"column":4},"end":{"line":40,"column":5}},{"start":{},"end":{}}],"line":38},"6":{"loc":{"start":{"line":38,"column":8},"end":{"line":38,"column":45}},"type":"binary-expr","locations":[{"start":{"line":38,"column":8},"end":{"line":38,"column":27}},{"start":{"line":38,"column":31},"end":{"line":38,"column":45}}],"line":38},"7":{"loc":{"start":{"line":51,"column":4},"end":{"line":53,"column":5}},"type":"if","locations":[{"start":{"line":51,"column":4},"end":{"line":53,"column":5}},{"start":{},"end":{}}],"line":51},"8":{"loc":{"start":{"line":51,"column":8},"end":{"line":51,"column":20}},"type":"binary-expr","locations":[{"start":{"line":51,"column":8},"end":{"line":51,"column":13}},{"start":{"line":51,"column":17},"end":{"line":51,"column":20}}],"line":51},"9":{"loc":{"start":{"line":55,"column":21},"end":{"line":55,"column":59}},"type":"cond-expr","locations":[{"start":{"line":55,"column":28},"end":{"line":55,"column":54}},{"start":{"line":55,"column":57},"end":{"line":55,"column":59}}],"line":55},"10":{"loc":{"start":{"line":56,"column":19},"end":{"line":56,"column":51}},"type":"cond-expr","locations":[{"start":{"line":56,"column":24},"end":{"line":56,"column":46}},{"start":{"line":56,"column":49},"end":{"line":56,"column":51}}],"line":56},"11":{"loc":{"start":{"line":58,"column":4},"end":{"line":60,"column":5}},"type":"if","locations":[{"start":{"line":58,"column":4},"end":{"line":60,"column":5}},{"start":{},"end":{}}],"line":58},"12":{"loc":{"start":{"line":58,"column":8},"end":{"line":58,"column":26}},"type":"binary-expr","locations":[{"start":{"line":58,"column":8},"end":{"line":58,"column":16}},{"start":{"line":58,"column":20},"end":{"line":58,"column":26}}],"line":58},"13":{"loc":{"start":{"line":61,"column":11},"end":{"line":61,"column":29}},"type":"binary-expr","locations":[{"start":{"line":61,"column":11},"end":{"line":61,"column":19}},{"start":{"line":61,"column":23},"end":{"line":61,"column":29}}],"line":61},"14":{"loc":{"start":{"line":85,"column":48},"end":{"line":85,"column":95}},"type":"cond-expr","locations":[{"start":{"line":85,"column":61},"end":{"line":85,"column":90}},{"start":{"line":85,"column":93},"end":{"line":85,"column":95}}],"line":85},"15":{"loc":{"start":{"line":94,"column":7},"end":{"line":98,"column":7}},"type":"binary-expr","locations":[{"start":{"line":94,"column":7},"end":{"line":94,"column":28}},{"start":{"line":95,"column":8},"end":{"line":97,"column":14}}],"line":94}},"s":{"0":0,"1":0,"2":0,"3":0,"4":0,"5":0,"6":0,"7":0,"8":0,"9":0,"10":0,"11":0,"12":0,"13":0,"14":0,"15":0,"16":0,"17":0,"18":0,"19":0,"20":0,"21":0,"22":0},"f":{"0":0,"1":0,"2":0,"3":0},"b":{"0":[0,0],"1":[0,0],"2":[0,0],"3":[0],"4":[0],"5":[0,0],"6":[0,0],"7":[0,0],"8":[0,0],"9":[0,0],"10":[0,0],"11":[0,0],"12":[0,0],"13":[0,0],"14":[0,0],"15":[0,0]}}
,"/home/moltbot/.openclaw/workspace-zhc-developer/MadMatch/frontend/src/components/RecipeCard.js": {"path":"/home/moltbot/.openclaw/workspace-zhc-developer/MadMatch/frontend/src/components/RecipeCard.js","statementMap":{"0":{"start":{"line":6,"column":19},"end":{"line":79,"column":1}},"1":{"start":{"line":7,"column":41},"end":{"line":7,"column":61}},"2":{"start":{"line":8,"column":27},"end":{"line":8,"column":48}},"3":{"start":{"line":10,"column":27},"end":{"line":14,"column":3}},"4":{"start":{"line":16,"column":26},"end":{"line":16,"column":82}},"5":{"start":{"line":18,"column":30},"end":{"line":22,"column":3}},"6":{"start":{"line":19,"column":4},"end":{"line":19,"column":23}},"7":{"start":{"line":20,"column":4},"end":{"line":20,"column":24}},"8":{"start":{"line":21,"column":4},"end":{"line":21,"column":30}},"9":{"start":{"line":24,"column":2},"end":{"line":78,"column":4}}},"fnMap":{"0":{"name":"(anonymous_0)","decl":{"start":{"line":6,"column":19},"end":{"line":6,"column":20}},"loc":{"start":{"line":6,"column":35},"end":{"line":79,"column":1}},"line":6},"1":{"name":"(anonymous_1)","decl":{"start":{"line":18,"column":30},"end":{"line":18,"column":31}},"loc":{"start":{"line":18,"column":37},"end":{"line":22,"column":3}},"line":18}},"branchMap":{"0":{"loc":{"start":{"line":16,"column":26},"end":{"line":16,"column":82}},"type":"binary-expr","locations":[{"start":{"line":16,"column":26},"end":{"line":16,"column":61}},{"start":{"line":16,"column":65},"end":{"line":16,"column":82}}],"line":16},"1":{"loc":{"start":{"line":28,"column":11},"end":{"line":44,"column":11}},"type":"binary-expr","locations":[{"start":{"line":28,"column":11},"end":{"line":28,"column":26}},{"start":{"line":29,"column":12},"end":{"line":43,"column":18}}],"line":28},"2":{"loc":{"start":{"line":36,"column":53},"end":{"line":36,"column":88}},"type":"cond-expr","locations":[{"start":{"line":36,"column":72},"end":{"line":36,"column":83}},{"start":{"line":36,"column":86},"end":{"line":36,"column":88}}],"line":36},"3":{"loc":{"start":{"line":39,"column":28},"end":{"line":39,"column":95}},"type":"cond-expr","locations":[{"start":{"line":39,"column":47},"end":{"line":39,"column":69}},{"start":{"line":39,"column":72},"end":{"line":39,"column":95}}],"line":39},"4":{"loc":{"start":{"line":41,"column":17},"end":{"line":41,"column":47}},"type":"cond-expr","locations":[{"start":{"line":41,"column":36},"end":{"line":41,"column":40}},{"start":{"line":41,"column":43},"end":{"line":41,"column":47}}],"line":41},"5":{"loc":{"start":{"line":50,"column":15},"end":{"line":55,"column":15}},"type":"binary-expr","locations":[{"start":{"line":50,"column":15},"end":{"line":50,"column":37}},{"start":{"line":51,"column":16},"end":{"line":54,"column":23}}],"line":50},"6":{"loc":{"start":{"line":57,"column":15},"end":{"line":65,"column":15}},"type":"binary-expr","locations":[{"start":{"line":57,"column":15},"end":{"line":57,"column":32}},{"start":{"line":58,"column":16},"end":{"line":64,"column":23}}],"line":57},"7":{"loc":{"start":{"line":68,"column":13},"end":{"line":73,"column":13}},"type":"binary-expr","locations":[{"start":{"line":68,"column":13},"end":{"line":68,"column":28}},{"start":{"line":69,"column":14},"end":{"line":72,"column":20}}],"line":68}},"s":{"0":0,"1":0,"2":0,"3":0,"4":0,"5":0,"6":0,"7":0,"8":0,"9":0},"f":{"0":0,"1":0},"b":{"0":[0,0],"1":[0,0],"2":[0,0],"3":[0,0],"4":[0,0],"5":[0,0],"6":[0,0],"7":[0,0]}}
,"/home/moltbot/.openclaw/workspace-zhc-developer/MadMatch/frontend/src/components/RecipeSuggestions.js": {"path":"/home/moltbot/.openclaw/workspace-zhc-developer/MadMatch/frontend/src/components/RecipeSuggestions.js","statementMap":{"0":{"start":{"line":8,"column":26},"end":{"line":108,"column":1}},"1":{"start":{"line":9,"column":2},"end":{"line":19,"column":3}},"2":{"start":{"line":10,"column":4},"end":{"line":18,"column":6}},"3":{"start":{"line":21,"column":2},"end":{"line":31,"column":3}},"4":{"start":{"line":22,"column":4},"end":{"line":30,"column":6}},"5":{"start":{"line":34,"column":29},"end":{"line":38,"column":3}},"6":{"start":{"line":35,"column":4},"end":{"line":35,"column":39}},"7":{"start":{"line":35,"column":26},"end":{"line":35,"column":39}},"8":{"start":{"line":36,"column":4},"end":{"line":36,"column":42}},"9":{"start":{"line":36,"column":26},"end":{"line":36,"column":42}},"10":{"start":{"line":37,"column":4},"end":{"line":37,"column":18}},"11":{"start":{"line":41,"column":25},"end":{"line":41,"column":44}},"12":{"start":{"line":43,"column":2},"end":{"line":107,"column":4}},"13":{"start":{"line":49,"column":10},"end":{"line":99,"column":15}}},"fnMap":{"0":{"name":"(anonymous_0)","decl":{"start":{"line":8,"column":26},"end":{"line":8,"column":27}},"loc":{"start":{"line":8,"column":52},"end":{"line":108,"column":1}},"line":8},"1":{"name":"(anonymous_1)","decl":{"start":{"line":34,"column":29},"end":{"line":34,"column":30}},"loc":{"start":{"line":34,"column":45},"end":{"line":38,"column":3}},"line":34},"2":{"name":"(anonymous_2)","decl":{"start":{"line":48,"column":28},"end":{"line":48,"column":29}},"loc":{"start":{"line":49,"column":10},"end":{"line":99,"column":15}},"line":49}},"branchMap":{"0":{"loc":{"start":{"line":9,"column":2},"end":{"line":19,"column":3}},"type":"if","locations":[{"start":{"line":9,"column":2},"end":{"line":19,"column":3}},{"start":{},"end":{}}],"line":9},"1":{"loc":{"start":{"line":21,"column":2},"end":{"line":31,"column":3}},"type":"if","locations":[{"start":{"line":21,"column":2},"end":{"line":31,"column":3}},{"start":{},"end":{}}],"line":21},"2":{"loc":{"start":{"line":21,"column":6},"end":{"line":21,"column":38}},"type":"binary-expr","locations":[{"start":{"line":21,"column":6},"end":{"line":21,"column":14}},{"start":{"line":21,"column":18},"end":{"line":21,"column":38}}],"line":21},"3":{"loc":{"start":{"line":35,"column":4},"end":{"line":35,"column":39}},"type":"if","locations":[{"start":{"line":35,"column":4},"end":{"line":35,"column":39}},{"start":{},"end":{}}],"line":35},"4":{"loc":{"start":{"line":36,"column":4},"end":{"line":36,"column":42}},"type":"if","locations":[{"start":{"line":36,"column":4},"end":{"line":36,"column":42}},{"start":{},"end":{}}],"line":36},"5":{"loc":{"start":{"line":57,"column":15},"end":{"line":66,"column":15}},"type":"binary-expr","locations":[{"start":{"line":57,"column":15},"end":{"line":57,"column":27}},{"start":{"line":58,"column":16},"end":{"line":65,"column":22}}],"line":57}},"s":{"0":0,"1":0,"2":0,"3":0,"4":0,"5":0,"6":0,"7":0,"8":0,"9":0,"10":0,"11":0,"12":0,"13":0},"f":{"0":0,"1":0,"2":0},"b":{"0":[0,0],"1":[0,0],"2":[0,0],"3":[0,0],"4":[0,0],"5":[0,0]}}
,"/home/moltbot/.openclaw/workspace-zhc-developer/MadMatch/frontend/src/components/ShareButton.js": {"path":"/home/moltbot/.openclaw/workspace-zhc-developer/MadMatch/frontend/src/components/ShareButton.js","statementMap":{"0":{"start":{"line":8,"column":20},"end":{"line":49,"column":1}},"1":{"start":{"line":9,"column":36},"end":{"line":9,"column":51}},"2":{"start":{"line":11,"column":22},"end":{"line":27,"column":3}},"3":{"start":{"line":12,"column":23},"end":{"line":12,"column":71}},"4":{"start":{"line":14,"column":4},"end":{"line":26,"column":5}},"5":{"start":{"line":15,"column":6},"end":{"line":15,"column":54}},"6":{"start":{"line":16,"column":6},"end":{"line":16,"column":25}},"7":{"start":{"line":19,"column":6},"end":{"line":21,"column":15}},"8":{"start":{"line":20,"column":8},"end":{"line":20,"column":28}},"9":{"start":{"line":23,"column":6},"end":{"line":23,"column":57}},"10":{"start":{"line":25,"column":6},"end":{"line":25,"column":44}},"11":{"start":{"line":29,"column":2},"end":{"line":48,"column":4}}},"fnMap":{"0":{"name":"(anonymous_0)","decl":{"start":{"line":8,"column":20},"end":{"line":8,"column":21}},"loc":{"start":{"line":8,"column":52},"end":{"line":49,"column":1}},"line":8},"1":{"name":"(anonymous_1)","decl":{"start":{"line":11,"column":22},"end":{"line":11,"column":23}},"loc":{"start":{"line":11,"column":34},"end":{"line":27,"column":3}},"line":11},"2":{"name":"(anonymous_2)","decl":{"start":{"line":19,"column":17},"end":{"line":19,"column":18}},"loc":{"start":{"line":19,"column":23},"end":{"line":21,"column":7}},"line":19}},"branchMap":{"0":{"loc":{"start":{"line":41,"column":7},"end":{"line":46,"column":7}},"type":"binary-expr","locations":[{"start":{"line":41,"column":7},"end":{"line":41,"column":16}},{"start":{"line":42,"column":8},"end":{"line":45,"column":14}}],"line":41}},"s":{"0":0,"1":0,"2":0,"3":0,"4":0,"5":0,"6":0,"7":0,"8":0,"9":0,"10":0,"11":0},"f":{"0":0,"1":0,"2":0},"b":{"0":[0,0]}}
,"/home/moltbot/.openclaw/workspace-zhc-developer/MadMatch/frontend/src/components/SustainabilityCard.js": {"path":"/home/moltbot/.openclaw/workspace-zhc-developer/MadMatch/frontend/src/components/SustainabilityCard.js","statementMap":{"0":{"start":{"line":8,"column":27},"end":{"line":119,"column":1}},"1":{"start":{"line":10,"column":2},"end":{"line":21,"column":3}},"2":{"start":{"line":11,"column":4},"end":{"line":20,"column":6}},"3":{"start":{"line":24,"column":2},"end":{"line":35,"column":3}},"4":{"start":{"line":25,"column":4},"end":{"line":34,"column":6}},"5":{"start":{"line":37,"column":68},"end":{"line":37,"column":72}},"6":{"start":{"line":40,"column":27},"end":{"line":43,"column":3}},"7":{"start":{"line":41,"column":4},"end":{"line":41,"column":26}},"8":{"start":{"line":41,"column":16},"end":{"line":41,"column":26}},"9":{"start":{"line":42,"column":4},"end":{"line":42,"column":46}},"10":{"start":{"line":46,"column":33},"end":{"line":55,"column":3}},"11":{"start":{"line":47,"column":25},"end":{"line":53,"column":5}},"12":{"start":{"line":54,"column":4},"end":{"line":54,"column":74}},"13":{"start":{"line":57,"column":2},"end":{"line":118,"column":4}}},"fnMap":{"0":{"name":"(anonymous_0)","decl":{"start":{"line":8,"column":27},"end":{"line":8,"column":28}},"loc":{"start":{"line":8,"column":50},"end":{"line":119,"column":1}},"line":8},"1":{"name":"(anonymous_1)","decl":{"start":{"line":40,"column":27},"end":{"line":40,"column":28}},"loc":{"start":{"line":40,"column":38},"end":{"line":43,"column":3}},"line":40},"2":{"name":"(anonymous_2)","decl":{"start":{"line":46,"column":33},"end":{"line":46,"column":34}},"loc":{"start":{"line":46,"column":44},"end":{"line":55,"column":3}},"line":46}},"branchMap":{"0":{"loc":{"start":{"line":10,"column":2},"end":{"line":21,"column":3}},"type":"if","locations":[{"start":{"line":10,"column":2},"end":{"line":21,"column":3}},{"start":{},"end":{}}],"line":10},"1":{"loc":{"start":{"line":24,"column":2},"end":{"line":35,"column":3}},"type":"if","locations":[{"start":{"line":24,"column":2},"end":{"line":35,"column":3}},{"start":{},"end":{}}],"line":24},"2":{"loc":{"start":{"line":24,"column":6},"end":{"line":24,"column":25}},"type":"binary-expr","locations":[{"start":{"line":24,"column":6},"end":{"line":24,"column":11}},{"start":{"line":24,"column":15},"end":{"line":24,"column":25}}],"line":24},"3":{"loc":{"start":{"line":41,"column":4},"end":{"line":41,"column":26}},"type":"if","locations":[{"start":{"line":41,"column":4},"end":{"line":41,"column":26}},{"start":{},"end":{}}],"line":41},"4":{"loc":{"start":{"line":54,"column":11},"end":{"line":54,"column":73}},"type":"binary-expr","locations":[{"start":{"line":54,"column":11},"end":{"line":54,"column":45}},{"start":{"line":54,"column":49},"end":{"line":54,"column":73}}],"line":54},"5":{"loc":{"start":{"line":64,"column":7},"end":{"line":71,"column":7}},"type":"binary-expr","locations":[{"start":{"line":64,"column":7},"end":{"line":64,"column":15}},{"start":{"line":65,"column":8},"end":{"line":70,"column":14}}],"line":64},"6":{"loc":{"start":{"line":74,"column":7},"end":{"line":79,"column":7}},"type":"binary-expr","locations":[{"start":{"line":74,"column":7},"end":{"line":74,"column":22}},{"start":{"line":75,"column":8},"end":{"line":78,"column":14}}],"line":74},"7":{"loc":{"start":{"line":82,"column":7},"end":{"line":109,"column":7}},"type":"binary-expr","locations":[{"start":{"line":82,"column":7},"end":{"line":82,"column":21}},{"start":{"line":83,"column":8},"end":{"line":108,"column":14}}],"line":82},"8":{"loc":{"start":{"line":84,"column":11},"end":{"line":89,"column":11}},"type":"binary-expr","locations":[{"start":{"line":84,"column":11},"end":{"line":84,"column":33}},{"start":{"line":85,"column":12},"end":{"line":88,"column":18}}],"line":84},"9":{"loc":{"start":{"line":90,"column":11},"end":{"line":95,"column":11}},"type":"binary-expr","locations":[{"start":{"line":90,"column":11},"end":{"line":90,"column":35}},{"start":{"line":91,"column":12},"end":{"line":94,"column":18}}],"line":90},"10":{"loc":{"start":{"line":96,"column":11},"end":{"line":101,"column":11}},"type":"binary-expr","locations":[{"start":{"line":96,"column":11},"end":{"line":96,"column":31}},{"start":{"line":97,"column":12},"end":{"line":100,"column":18}}],"line":96},"11":{"loc":{"start":{"line":102,"column":11},"end":{"line":107,"column":11}},"type":"binary-expr","locations":[{"start":{"line":102,"column":11},"end":{"line":102,"column":45}},{"start":{"line":103,"column":12},"end":{"line":106,"column":18}}],"line":102},"12":{"loc":{"start":{"line":112,"column":7},"end":{"line":116,"column":7}},"type":"binary-expr","locations":[{"start":{"line":112,"column":7},"end":{"line":112,"column":17}},{"start":{"line":113,"column":8},"end":{"line":115,"column":14}}],"line":112},"13":{"loc":{"start":{"line":114,"column":27},"end":{"line":114,"column":87}},"type":"cond-expr","locations":[{"start":{"line":114,"column":53},"end":{"line":114,"column":67}},{"start":{"line":114,"column":70},"end":{"line":114,"column":87}}],"line":114}},"s":{"0":0,"1":0,"2":0,"3":0,"4":0,"5":0,"6":0,"7":0,"8":0,"9":0,"10":0,"11":0,"12":0,"13":0},"f":{"0":0,"1":0,"2":0},"b":{"0":[0,0],"1":[0,0],"2":[0,0],"3":[0,0],"4":[0,0],"5":[0,0],"6":[0,0],"7":[0,0],"8":[0,0],"9":[0,0],"10":[0,0],"11":[0,0],"12":[0,0],"13":[0,0]}}
,"/home/moltbot/.openclaw/workspace-zhc-developer/MadMatch/frontend/src/components/TilbudCard.js": {"path":"/home/moltbot/.openclaw/workspace-zhc-developer/MadMatch/frontend/src/components/TilbudCard.js","statementMap":{"0":{"start":{"line":5,"column":19},"end":{"line":30,"column":1}},"1":{"start":{"line":6,"column":2},"end":{"line":29,"column":4}}},"fnMap":{"0":{"name":"(anonymous_0)","decl":{"start":{"line":5,"column":19},"end":{"line":5,"column":20}},"loc":{"start":{"line":5,"column":35},"end":{"line":30,"column":1}},"line":5}},"branchMap":{},"s":{"0":0,"1":0},"f":{"0":0},"b":{}}
,"/home/moltbot/.openclaw/workspace-zhc-developer/MadMatch/frontend/src/contexts/RecipeFavoriteContext.js": {"path":"/home/moltbot/.openclaw/workspace-zhc-developer/MadMatch/frontend/src/contexts/RecipeFavoriteContext.js","statementMap":{"0":{"start":{"line":3,"column":30},"end":{"line":3,"column":45}},"1":{"start":{"line":5,"column":20},"end":{"line":5,"column":47}},"2":{"start":{"line":6,"column":24},"end":{"line":6,"column":25}},"3":{"start":{"line":21,"column":38},"end":{"line":109,"column":1}},"4":{"start":{"line":22,"column":36},"end":{"line":22,"column":48}},"5":{"start":{"line":23,"column":34},"end":{"line":23,"column":49}},"6":{"start":{"line":26,"column":2},"end":{"line":28,"column":9}},"7":{"start":{"line":27,"column":4},"end":{"line":27,"column":20}},"8":{"start":{"line":31,"column":2},"end":{"line":35,"column":28}},"9":{"start":{"line":32,"column":4},"end":{"line":34,"column":5}},"10":{"start":{"line":33,"column":6},"end":{"line":33,"column":31}},"11":{"start":{"line":37,"column":24},"end":{"line":58,"column":3}},"12":{"start":{"line":38,"column":4},"end":{"line":57,"column":5}},"13":{"start":{"line":39,"column":21},"end":{"line":39,"column":54}},"14":{"start":{"line":40,"column":6},"end":{"line":51,"column":7}},"15":{"start":{"line":41,"column":21},"end":{"line":41,"column":39}},"16":{"start":{"line":44,"column":8},"end":{"line":50,"column":9}},"17":{"start":{"line":45,"column":10},"end":{"line":45,"column":45}},"18":{"start":{"line":48,"column":10},"end":{"line":48,"column":79}},"19":{"start":{"line":49,"column":10},"end":{"line":49,"column":27}},"20":{"start":{"line":53,"column":6},"end":{"line":53,"column":63}},"21":{"start":{"line":54,"column":6},"end":{"line":54,"column":23}},"22":{"start":{"line":56,"column":6},"end":{"line":56,"column":24}},"23":{"start":{"line":60,"column":24},"end":{"line":71,"column":3}},"24":{"start":{"line":61,"column":4},"end":{"line":70,"column":5}},"25":{"start":{"line":62,"column":19},"end":{"line":66,"column":7}},"26":{"start":{"line":67,"column":6},"end":{"line":67,"column":62}},"27":{"start":{"line":69,"column":6},"end":{"line":69,"column":63}},"28":{"start":{"line":73,"column":25},"end":{"line":81,"column":3}},"29":{"start":{"line":74,"column":4},"end":{"line":80,"column":7}},"30":{"start":{"line":75,"column":6},"end":{"line":79,"column":7}},"31":{"start":{"line":76,"column":8},"end":{"line":76,"column":50}},"32":{"start":{"line":76,"column":33},"end":{"line":76,"column":48}},"33":{"start":{"line":78,"column":8},"end":{"line":78,"column":35}},"34":{"start":{"line":83,"column":21},"end":{"line":85,"column":3}},"35":{"start":{"line":84,"column":4},"end":{"line":84,"column":40}},"36":{"start":{"line":87,"column":27},"end":{"line":89,"column":3}},"37":{"start":{"line":88,"column":4},"end":{"line":88,"column":28}},"38":{"start":{"line":91,"column":28},"end":{"line":93,"column":3}},"39":{"start":{"line":92,"column":4},"end":{"line":92,"column":21}},"40":{"start":{"line":95,"column":16},"end":{"line":102,"column":3}},"41":{"start":{"line":104,"column":2},"end":{"line":108,"column":4}},"42":{"start":{"line":111,"column":34},"end":{"line":117,"column":1}},"43":{"start":{"line":112,"column":18},"end":{"line":112,"column":51}},"44":{"start":{"line":113,"column":2},"end":{"line":115,"column":3}},"45":{"start":{"line":114,"column":4},"end":{"line":114,"column":85}},"46":{"start":{"line":116,"column":2},"end":{"line":116,"column":17}}},"fnMap":{"0":{"name":"(anonymous_0)","decl":{"start":{"line":21,"column":38},"end":{"line":21,"column":39}},"loc":{"start":{"line":21,"column":56},"end":{"line":109,"column":1}},"line":21},"1":{"name":"(anonymous_1)","decl":{"start":{"line":26,"column":12},"end":{"line":26,"column":13}},"loc":{"start":{"line":26,"column":18},"end":{"line":28,"column":3}},"line":26},"2":{"name":"(anonymous_2)","decl":{"start":{"line":31,"column":12},"end":{"line":31,"column":13}},"loc":{"start":{"line":31,"column":18},"end":{"line":35,"column":3}},"line":31},"3":{"name":"(anonymous_3)","decl":{"start":{"line":37,"column":24},"end":{"line":37,"column":25}},"loc":{"start":{"line":37,"column":30},"end":{"line":58,"column":3}},"line":37},"4":{"name":"(anonymous_4)","decl":{"start":{"line":60,"column":24},"end":{"line":60,"column":25}},"loc":{"start":{"line":60,"column":42},"end":{"line":71,"column":3}},"line":60},"5":{"name":"(anonymous_5)","decl":{"start":{"line":73,"column":25},"end":{"line":73,"column":26}},"loc":{"start":{"line":73,"column":39},"end":{"line":81,"column":3}},"line":73},"6":{"name":"(anonymous_6)","decl":{"start":{"line":74,"column":17},"end":{"line":74,"column":18}},"loc":{"start":{"line":74,"column":25},"end":{"line":80,"column":5}},"line":74},"7":{"name":"(anonymous_7)","decl":{"start":{"line":76,"column":27},"end":{"line":76,"column":28}},"loc":{"start":{"line":76,"column":33},"end":{"line":76,"column":48}},"line":76},"8":{"name":"(anonymous_8)","decl":{"start":{"line":83,"column":21},"end":{"line":83,"column":22}},"loc":{"start":{"line":83,"column":35},"end":{"line":85,"column":3}},"line":83},"9":{"name":"(anonymous_9)","decl":{"start":{"line":87,"column":27},"end":{"line":87,"column":28}},"loc":{"start":{"line":87,"column":33},"end":{"line":89,"column":3}},"line":87},"10":{"name":"(anonymous_10)","decl":{"start":{"line":91,"column":28},"end":{"line":91,"column":29}},"loc":{"start":{"line":91,"column":34},"end":{"line":93,"column":3}},"line":91},"11":{"name":"(anonymous_11)","decl":{"start":{"line":111,"column":34},"end":{"line":111,"column":35}},"loc":{"start":{"line":111,"column":40},"end":{"line":117,"column":1}},"line":111}},"branchMap":{"0":{"loc":{"start":{"line":32,"column":4},"end":{"line":34,"column":5}},"type":"if","locations":[{"start":{"line":32,"column":4},"end":{"line":34,"column":5}},{"start":{},"end":{}}],"line":32},"1":{"loc":{"start":{"line":40,"column":6},"end":{"line":51,"column":7}},"type":"if","locations":[{"start":{"line":40,"column":6},"end":{"line":51,"column":7}},{"start":{},"end":{}}],"line":40},"2":{"loc":{"start":{"line":44,"column":8},"end":{"line":50,"column":9}},"type":"if","locations":[{"start":{"line":44,"column":8},"end":{"line":50,"column":9}},{"start":{"line":46,"column":15},"end":{"line":50,"column":9}}],"line":44},"3":{"loc":{"start":{"line":45,"column":23},"end":{"line":45,"column":43}},"type":"binary-expr","locations":[{"start":{"line":45,"column":23},"end":{"line":45,"column":37}},{"start":{"line":45,"column":41},"end":{"line":45,"column":43}}],"line":45},"4":{"loc":{"start":{"line":75,"column":6},"end":{"line":79,"column":7}},"type":"if","locations":[{"start":{"line":75,"column":6},"end":{"line":79,"column":7}},{"start":{"line":77,"column":13},"end":{"line":79,"column":7}}],"line":75},"5":{"loc":{"start":{"line":113,"column":2},"end":{"line":115,"column":3}},"type":"if","locations":[{"start":{"line":113,"column":2},"end":{"line":115,"column":3}},{"start":{},"end":{}}],"line":113}},"s":{"0":0,"1":0,"2":0,"3":0,"4":0,"5":0,"6":0,"7":0,"8":0,"9":0,"10":0,"11":0,"12":0,"13":0,"14":0,"15":0,"16":0,"17":0,"18":0,"19":0,"20":0,"21":0,"22":0,"23":0,"24":0,"25":0,"26":0,"27":0,"28":0,"29":0,"30":0,"31":0,"32":0,"33":0,"34":0,"35":0,"36":0,"37":0,"38":0,"39":0,"40":0,"41":0,"42":0,"43":0,"44":0,"45":0,"46":0},"f":{"0":0,"1":0,"2":0,"3":0,"4":0,"5":0,"6":0,"7":0,"8":0,"9":0,"10":0,"11":0},"b":{"0":[0,0],"1":[0,0],"2":[0,0],"3":[0,0],"4":[0,0],"5":[0,0]}}
,"/home/moltbot/.openclaw/workspace-zhc-developer/MadMatch/frontend/src/pages/ProductDetailPage.js": {"path":"/home/moltbot/.openclaw/workspace-zhc-developer/MadMatch/frontend/src/pages/ProductDetailPage.js","statementMap":{"0":{"start":{"line":12,"column":26},"end":{"line":248,"column":1}},"1":{"start":{"line":13,"column":17},"end":{"line":13,"column":28}},"2":{"start":{"line":14,"column":19},"end":{"line":14,"column":32}},"3":{"start":{"line":15,"column":32},"end":{"line":15,"column":46}},"4":{"start":{"line":16,"column":32},"end":{"line":16,"column":46}},"5":{"start":{"line":17,"column":28},"end":{"line":17,"column":42}},"6":{"start":{"line":18,"column":36},"end":{"line":18,"column":50}},"7":{"start":{"line":19,"column":50},"end":{"line":19,"column":65}},"8":{"start":{"line":20,"column":32},"end":{"line":20,"column":44}},"9":{"start":{"line":21,"column":46},"end":{"line":21,"column":61}},"10":{"start":{"line":22,"column":46},"end":{"line":22,"column":60}},"11":{"start":{"line":23,"column":60},"end":{"line":23,"column":75}},"12":{"start":{"line":25,"column":2},"end":{"line":27,"column":11}},"13":{"start":{"line":26,"column":4},"end":{"line":26,"column":18}},"14":{"start":{"line":29,"column":2},"end":{"line":35,"column":16}},"15":{"start":{"line":30,"column":4},"end":{"line":34,"column":5}},"16":{"start":{"line":31,"column":6},"end":{"line":31,"column":22}},"17":{"start":{"line":32,"column":6},"end":{"line":32,"column":20}},"18":{"start":{"line":33,"column":6},"end":{"line":33,"column":27}},"19":{"start":{"line":37,"column":22},"end":{"line":49,"column":3}},"20":{"start":{"line":38,"column":4},"end":{"line":48,"column":5}},"21":{"start":{"line":39,"column":6},"end":{"line":39,"column":23}},"22":{"start":{"line":40,"column":6},"end":{"line":40,"column":21}},"23":{"start":{"line":41,"column":19},"end":{"line":41,"column":66}},"24":{"start":{"line":42,"column":6},"end":{"line":42,"column":23}},"25":{"start":{"line":44,"column":6},"end":{"line":44,"column":52}},"26":{"start":{"line":45,"column":6},"end":{"line":45,"column":100}},"27":{"start":{"line":47,"column":6},"end":{"line":47,"column":24}},"28":{"start":{"line":51,"column":24},"end":{"line":68,"column":3}},"29":{"start":{"line":52,"column":4},"end":{"line":67,"column":5}},"30":{"start":{"line":53,"column":6},"end":{"line":53,"column":32}},"31":{"start":{"line":54,"column":23},"end":{"line":54,"column":66}},"32":{"start":{"line":56,"column":6},"end":{"line":61,"column":7}},"33":{"start":{"line":57,"column":21},"end":{"line":57,"column":42}},"34":{"start":{"line":58,"column":8},"end":{"line":58,"column":27}},"35":{"start":{"line":59,"column":13},"end":{"line":61,"column":7}},"36":{"start":{"line":60,"column":8},"end":{"line":60,"column":72}},"37":{"start":{"line":63,"column":6},"end":{"line":63,"column":59}},"38":{"start":{"line":66,"column":6},"end":{"line":66,"column":33}},"39":{"start":{"line":70,"column":22},"end":{"line":87,"column":3}},"40":{"start":{"line":71,"column":4},"end":{"line":86,"column":5}},"41":{"start":{"line":72,"column":6},"end":{"line":72,"column":30}},"42":{"start":{"line":73,"column":23},"end":{"line":73,"column":64}},"43":{"start":{"line":75,"column":6},"end":{"line":80,"column":7}},"44":{"start":{"line":76,"column":21},"end":{"line":76,"column":42}},"45":{"start":{"line":77,"column":8},"end":{"line":77,"column":39}},"46":{"start":{"line":78,"column":13},"end":{"line":80,"column":7}},"47":{"start":{"line":79,"column":8},"end":{"line":79,"column":69}},"48":{"start":{"line":82,"column":6},"end":{"line":82,"column":56}},"49":{"start":{"line":85,"column":6},"end":{"line":85,"column":31}},"50":{"start":{"line":89,"column":29},"end":{"line":106,"column":3}},"51":{"start":{"line":90,"column":4},"end":{"line":105,"column":5}},"52":{"start":{"line":91,"column":6},"end":{"line":91,"column":37}},"53":{"start":{"line":92,"column":23},"end":{"line":92,"column":71}},"54":{"start":{"line":94,"column":6},"end":{"line":99,"column":7}},"55":{"start":{"line":95,"column":29},"end":{"line":95,"column":50}},"56":{"start":{"line":96,"column":8},"end":{"line":96,"column":45}},"57":{"start":{"line":97,"column":13},"end":{"line":99,"column":7}},"58":{"start":{"line":98,"column":8},"end":{"line":98,"column":77}},"59":{"start":{"line":101,"column":6},"end":{"line":101,"column":64}},"60":{"start":{"line":104,"column":6},"end":{"line":104,"column":38}},"61":{"start":{"line":108,"column":21},"end":{"line":110,"column":3}},"62":{"start":{"line":109,"column":4},"end":{"line":109,"column":18}},"63":{"start":{"line":112,"column":2},"end":{"line":114,"column":3}},"64":{"start":{"line":113,"column":4},"end":{"line":113,"column":46}},"65":{"start":{"line":116,"column":2},"end":{"line":131,"column":3}},"66":{"start":{"line":117,"column":4},"end":{"line":130,"column":6}},"67":{"start":{"line":133,"column":2},"end":{"line":148,"column":3}},"68":{"start":{"line":134,"column":4},"end":{"line":147,"column":6}},"69":{"start":{"line":150,"column":2},"end":{"line":247,"column":4}}},"fnMap":{"0":{"name":"(anonymous_0)","decl":{"start":{"line":12,"column":26},"end":{"line":12,"column":27}},"loc":{"start":{"line":12,"column":32},"end":{"line":248,"column":1}},"line":12},"1":{"name":"(anonymous_1)","decl":{"start":{"line":25,"column":12},"end":{"line":25,"column":13}},"loc":{"start":{"line":25,"column":18},"end":{"line":27,"column":3}},"line":25},"2":{"name":"(anonymous_2)","decl":{"start":{"line":29,"column":12},"end":{"line":29,"column":13}},"loc":{"start":{"line":29,"column":18},"end":{"line":35,"column":3}},"line":29},"3":{"name":"(anonymous_3)","decl":{"start":{"line":37,"column":22},"end":{"line":37,"column":23}},"loc":{"start":{"line":37,"column":34},"end":{"line":49,"column":3}},"line":37},"4":{"name":"(anonymous_4)","decl":{"start":{"line":51,"column":24},"end":{"line":51,"column":25}},"loc":{"start":{"line":51,"column":36},"end":{"line":68,"column":3}},"line":51},"5":{"name":"(anonymous_5)","decl":{"start":{"line":70,"column":22},"end":{"line":70,"column":23}},"loc":{"start":{"line":70,"column":34},"end":{"line":87,"column":3}},"line":70},"6":{"name":"(anonymous_6)","decl":{"start":{"line":89,"column":29},"end":{"line":89,"column":30}},"loc":{"start":{"line":89,"column":41},"end":{"line":106,"column":3}},"line":89},"7":{"name":"(anonymous_7)","decl":{"start":{"line":108,"column":21},"end":{"line":108,"column":22}},"loc":{"start":{"line":108,"column":27},"end":{"line":110,"column":3}},"line":108}},"branchMap":{"0":{"loc":{"start":{"line":30,"column":4},"end":{"line":34,"column":5}},"type":"if","locations":[{"start":{"line":30,"column":4},"end":{"line":34,"column":5}},{"start":{},"end":{}}],"line":30},"1":{"loc":{"start":{"line":45,"column":15},"end":{"line":45,"column":98}},"type":"cond-expr","locations":[{"start":{"line":45,"column":46},"end":{"line":45,"column":67}},{"start":{"line":45,"column":70},"end":{"line":45,"column":98}}],"line":45},"2":{"loc":{"start":{"line":56,"column":6},"end":{"line":61,"column":7}},"type":"if","locations":[{"start":{"line":56,"column":6},"end":{"line":61,"column":7}},{"start":{"line":59,"column":13},"end":{"line":61,"column":7}}],"line":56},"3":{"loc":{"start":{"line":59,"column":13},"end":{"line":61,"column":7}},"type":"if","locations":[{"start":{"line":59,"column":13},"end":{"line":61,"column":7}},{"start":{},"end":{}}],"line":59},"4":{"loc":{"start":{"line":75,"column":6},"end":{"line":80,"column":7}},"type":"if","locations":[{"start":{"line":75,"column":6},"end":{"line":80,"column":7}},{"start":{"line":78,"column":13},"end":{"line":80,"column":7}}],"line":75},"5":{"loc":{"start":{"line":77,"column":19},"end":{"line":77,"column":37}},"type":"binary-expr","locations":[{"start":{"line":77,"column":19},"end":{"line":77,"column":31}},{"start":{"line":77,"column":35},"end":{"line":77,"column":37}}],"line":77},"6":{"loc":{"start":{"line":78,"column":13},"end":{"line":80,"column":7}},"type":"if","locations":[{"start":{"line":78,"column":13},"end":{"line":80,"column":7}},{"start":{},"end":{}}],"line":78},"7":{"loc":{"start":{"line":94,"column":6},"end":{"line":99,"column":7}},"type":"if","locations":[{"start":{"line":94,"column":6},"end":{"line":99,"column":7}},{"start":{"line":97,"column":13},"end":{"line":99,"column":7}}],"line":94},"8":{"loc":{"start":{"line":97,"column":13},"end":{"line":99,"column":7}},"type":"if","locations":[{"start":{"line":97,"column":13},"end":{"line":99,"column":7}},{"start":{},"end":{}}],"line":97},"9":{"loc":{"start":{"line":112,"column":2},"end":{"line":114,"column":3}},"type":"if","locations":[{"start":{"line":112,"column":2},"end":{"line":114,"column":3}},{"start":{},"end":{}}],"line":112},"10":{"loc":{"start":{"line":116,"column":2},"end":{"line":131,"column":3}},"type":"if","locations":[{"start":{"line":116,"column":2},"end":{"line":131,"column":3}},{"start":{},"end":{}}],"line":116},"11":{"loc":{"start":{"line":133,"column":2},"end":{"line":148,"column":3}},"type":"if","locations":[{"start":{"line":133,"column":2},"end":{"line":148,"column":3}},{"start":{},"end":{}}],"line":133},"12":{"loc":{"start":{"line":165,"column":13},"end":{"line":177,"column":13}},"type":"cond-expr","locations":[{"start":{"line":166,"column":14},"end":{"line":171,"column":16}},{"start":{"line":173,"column":14},"end":{"line":176,"column":20}}],"line":165},"13":{"loc":{"start":{"line":215,"column":13},"end":{"line":220,"column":13}},"type":"binary-expr","locations":[{"start":{"line":215,"column":13},"end":{"line":215,"column":30}},{"start":{"line":215,"column":34},"end":{"line":215,"column":51}},{"start":{"line":216,"column":14},"end":{"line":219,"column":20}}],"line":215},"14":{"loc":{"start":{"line":226,"column":13},"end":{"line":230,"column":13}},"type":"cond-expr","locations":[{"start":{"line":227,"column":14},"end":{"line":227,"column":50}},{"start":{"line":229,"column":14},"end":{"line":229,"column":80}}],"line":226},"15":{"loc":{"start":{"line":232,"column":13},"end":{"line":236,"column":13}},"type":"cond-expr","locations":[{"start":{"line":233,"column":14},"end":{"line":233,"column":48}},{"start":{"line":235,"column":14},"end":{"line":235,"column":78}}],"line":232},"16":{"loc":{"start":{"line":238,"column":13},"end":{"line":242,"column":13}},"type":"cond-expr","locations":[{"start":{"line":239,"column":14},"end":{"line":239,"column":55}},{"start":{"line":241,"column":14},"end":{"line":241,"column":90}}],"line":238}},"s":{"0":0,"1":0,"2":0,"3":0,"4":0,"5":0,"6":0,"7":0,"8":0,"9":0,"10":0,"11":0,"12":0,"13":0,"14":0,"15":0,"16":0,"17":0,"18":0,"19":0,"20":0,"21":0,"22":0,"23":0,"24":0,"25":0,"26":0,"27":0,"28":0,"29":0,"30":0,"31":0,"32":0,"33":0,"34":0,"35":0,"36":0,"37":0,"38":0,"39":0,"40":0,"41":0,"42":0,"43":0,"44":0,"45":0,"46":0,"47":0,"48":0,"49":0,"50":0,"51":0,"52":0,"53":0,"54":0,"55":0,"56":0,"57":0,"58":0,"59":0,"60":0,"61":0,"62":0,"63":0,"64":0,"65":0,"66":0,"67":0,"68":0,"69":0},"f":{"0":0,"1":0,"2":0,"3":0,"4":0,"5":0,"6":0,"7":0},"b":{"0":[0,0],"1":[0,0],"2":[0,0],"3":[0,0],"4":[0,0],"5":[0,0],"6":[0,0],"7":[0,0],"8":[0,0],"9":[0,0],"10":[0,0],"11":[0,0],"12":[0,0],"13":[0,0,0],"14":[0,0],"15":[0,0],"16":[0,0]}}
,"/home/moltbot/.openclaw/workspace-zhc-developer/MadMatch/frontend/src/pages/RecipeBrowse.js": {"path":"/home/moltbot/.openclaw/workspace-zhc-developer/MadMatch/frontend/src/pages/RecipeBrowse.js","statementMap":{"0":{"start":{"line":6,"column":21},"end":{"line":281,"column":1}},"1":{"start":{"line":7,"column":32},"end":{"line":7,"column":44}},"2":{"start":{"line":8,"column":32},"end":{"line":8,"column":46}},"3":{"start":{"line":9,"column":28},"end":{"line":9,"column":42}},"4":{"start":{"line":10,"column":40},"end":{"line":10,"column":51}},"5":{"start":{"line":11,"column":42},"end":{"line":11,"column":53}},"6":{"start":{"line":12,"column":32},"end":{"line":12,"column":47}},"7":{"start":{"line":13,"column":40},"end":{"line":13,"column":52}},"8":{"start":{"line":14,"column":46},"end":{"line":14,"column":58}},"9":{"start":{"line":16,"column":25},"end":{"line":16,"column":27}},"10":{"start":{"line":17,"column":26},"end":{"line":17,"column":38}},"11":{"start":{"line":20,"column":2},"end":{"line":35,"column":20}},"12":{"start":{"line":21,"column":4},"end":{"line":23,"column":5}},"13":{"start":{"line":22,"column":6},"end":{"line":22,"column":44}},"14":{"start":{"line":25,"column":4},"end":{"line":28,"column":12}},"15":{"start":{"line":26,"column":6},"end":{"line":26,"column":37}},"16":{"start":{"line":27,"column":6},"end":{"line":27,"column":24}},"17":{"start":{"line":30,"column":4},"end":{"line":34,"column":6}},"18":{"start":{"line":31,"column":6},"end":{"line":33,"column":7}},"19":{"start":{"line":32,"column":8},"end":{"line":32,"column":46}},"20":{"start":{"line":37,"column":2},"end":{"line":39,"column":36}},"21":{"start":{"line":38,"column":4},"end":{"line":38,"column":18}},"22":{"start":{"line":41,"column":22},"end":{"line":63,"column":3}},"23":{"start":{"line":42,"column":4},"end":{"line":62,"column":5}},"24":{"start":{"line":43,"column":6},"end":{"line":43,"column":23}},"25":{"start":{"line":44,"column":6},"end":{"line":44,"column":21}},"26":{"start":{"line":46,"column":21},"end":{"line":46,"column":55}},"27":{"start":{"line":47,"column":19},"end":{"line":52,"column":8}},"28":{"start":{"line":54,"column":6},"end":{"line":54,"column":37}},"29":{"start":{"line":55,"column":6},"end":{"line":55,"column":39}},"30":{"start":{"line":56,"column":6},"end":{"line":56,"column":40}},"31":{"start":{"line":58,"column":6},"end":{"line":58,"column":52}},"32":{"start":{"line":59,"column":6},"end":{"line":59,"column":67}},"33":{"start":{"line":61,"column":6},"end":{"line":61,"column":24}},"34":{"start":{"line":65,"column":29},"end":{"line":67,"column":3}},"35":{"start":{"line":66,"column":4},"end":{"line":66,"column":35}},"36":{"start":{"line":69,"column":28},"end":{"line":73,"column":3}},"37":{"start":{"line":70,"column":4},"end":{"line":70,"column":23}},"38":{"start":{"line":71,"column":4},"end":{"line":71,"column":26}},"39":{"start":{"line":72,"column":4},"end":{"line":72,"column":22}},"40":{"start":{"line":75,"column":29},"end":{"line":80,"column":3}},"41":{"start":{"line":76,"column":4},"end":{"line":79,"column":5}},"42":{"start":{"line":77,"column":6},"end":{"line":77,"column":38}},"43":{"start":{"line":78,"column":6},"end":{"line":78,"column":54}},"44":{"start":{"line":82,"column":25},"end":{"line":87,"column":3}},"45":{"start":{"line":83,"column":4},"end":{"line":86,"column":5}},"46":{"start":{"line":84,"column":6},"end":{"line":84,"column":38}},"47":{"start":{"line":85,"column":6},"end":{"line":85,"column":54}},"48":{"start":{"line":89,"column":26},"end":{"line":92,"column":3}},"49":{"start":{"line":90,"column":4},"end":{"line":90,"column":31}},"50":{"start":{"line":91,"column":4},"end":{"line":91,"column":52}},"51":{"start":{"line":94,"column":21},"end":{"line":94,"column":61}},"52":{"start":{"line":97,"column":25},"end":{"line":114,"column":3}},"53":{"start":{"line":98,"column":18},"end":{"line":98,"column":20}},"54":{"start":{"line":99,"column":27},"end":{"line":99,"column":28}},"55":{"start":{"line":101,"column":20},"end":{"line":101,"column":77}},"56":{"start":{"line":102,"column":18},"end":{"line":102,"column":70}},"57":{"start":{"line":105,"column":4},"end":{"line":107,"column":5}},"58":{"start":{"line":106,"column":6},"end":{"line":106,"column":60}},"59":{"start":{"line":109,"column":4},"end":{"line":111,"column":5}},"60":{"start":{"line":109,"column":17},"end":{"line":109,"column":26}},"61":{"start":{"line":110,"column":6},"end":{"line":110,"column":20}},"62":{"start":{"line":113,"column":4},"end":{"line":113,"column":17}},"63":{"start":{"line":116,"column":2},"end":{"line":125,"column":3}},"64":{"start":{"line":117,"column":4},"end":{"line":124,"column":6}},"65":{"start":{"line":127,"column":2},"end":{"line":139,"column":3}},"66":{"start":{"line":128,"column":4},"end":{"line":138,"column":6}},"67":{"start":{"line":141,"column":2},"end":{"line":280,"column":4}},"68":{"start":{"line":210,"column":14},"end":{"line":210,"column":60}},"69":{"start":{"line":230,"column":37},"end":{"line":230,"column":55}},"70":{"start":{"line":241,"column":18},"end":{"line":249,"column":27}},"71":{"start":{"line":243,"column":35},"end":{"line":243,"column":59}},"72":{"start":{"line":256,"column":37},"end":{"line":256,"column":64}}},"fnMap":{"0":{"name":"(anonymous_0)","decl":{"start":{"line":6,"column":21},"end":{"line":6,"column":22}},"loc":{"start":{"line":6,"column":27},"end":{"line":281,"column":1}},"line":6},"1":{"name":"(anonymous_1)","decl":{"start":{"line":20,"column":12},"end":{"line":20,"column":13}},"loc":{"start":{"line":20,"column":18},"end":{"line":35,"column":3}},"line":20},"2":{"name":"(anonymous_2)","decl":{"start":{"line":25,"column":41},"end":{"line":25,"column":42}},"loc":{"start":{"line":25,"column":47},"end":{"line":28,"column":5}},"line":25},"3":{"name":"(anonymous_3)","decl":{"start":{"line":30,"column":11},"end":{"line":30,"column":12}},"loc":{"start":{"line":30,"column":17},"end":{"line":34,"column":5}},"line":30},"4":{"name":"(anonymous_4)","decl":{"start":{"line":37,"column":12},"end":{"line":37,"column":13}},"loc":{"start":{"line":37,"column":18},"end":{"line":39,"column":3}},"line":37},"5":{"name":"(anonymous_5)","decl":{"start":{"line":41,"column":22},"end":{"line":41,"column":23}},"loc":{"start":{"line":41,"column":34},"end":{"line":63,"column":3}},"line":41},"6":{"name":"(anonymous_6)","decl":{"start":{"line":65,"column":29},"end":{"line":65,"column":30}},"loc":{"start":{"line":65,"column":36},"end":{"line":67,"column":3}},"line":65},"7":{"name":"(anonymous_7)","decl":{"start":{"line":69,"column":28},"end":{"line":69,"column":29}},"loc":{"start":{"line":69,"column":34},"end":{"line":73,"column":3}},"line":69},"8":{"name":"(anonymous_8)","decl":{"start":{"line":75,"column":29},"end":{"line":75,"column":30}},"loc":{"start":{"line":75,"column":35},"end":{"line":80,"column":3}},"line":75},"9":{"name":"(anonymous_9)","decl":{"start":{"line":82,"column":25},"end":{"line":82,"column":26}},"loc":{"start":{"line":82,"column":31},"end":{"line":87,"column":3}},"line":82},"10":{"name":"(anonymous_10)","decl":{"start":{"line":89,"column":26},"end":{"line":89,"column":27}},"loc":{"start":{"line":89,"column":42},"end":{"line":92,"column":3}},"line":89},"11":{"name":"(anonymous_11)","decl":{"start":{"line":97,"column":25},"end":{"line":97,"column":26}},"loc":{"start":{"line":97,"column":31},"end":{"line":114,"column":3}},"line":97},"12":{"name":"(anonymous_12)","decl":{"start":{"line":209,"column":25},"end":{"line":209,"column":26}},"loc":{"start":{"line":210,"column":14},"end":{"line":210,"column":60}},"line":210},"13":{"name":"(anonymous_13)","decl":{"start":{"line":230,"column":31},"end":{"line":230,"column":32}},"loc":{"start":{"line":230,"column":37},"end":{"line":230,"column":55}},"line":230},"14":{"name":"(anonymous_14)","decl":{"start":{"line":240,"column":38},"end":{"line":240,"column":39}},"loc":{"start":{"line":241,"column":18},"end":{"line":249,"column":27}},"line":241},"15":{"name":"(anonymous_15)","decl":{"start":{"line":243,"column":29},"end":{"line":243,"column":30}},"loc":{"start":{"line":243,"column":35},"end":{"line":243,"column":59}},"line":243},"16":{"name":"(anonymous_16)","decl":{"start":{"line":256,"column":31},"end":{"line":256,"column":32}},"loc":{"start":{"line":256,"column":37},"end":{"line":256,"column":64}},"line":256}},"branchMap":{"0":{"loc":{"start":{"line":21,"column":4},"end":{"line":23,"column":5}},"type":"if","locations":[{"start":{"line":21,"column":4},"end":{"line":23,"column":5}},{"start":{},"end":{}}],"line":21},"1":{"loc":{"start":{"line":31,"column":6},"end":{"line":33,"column":7}},"type":"if","locations":[{"start":{"line":31,"column":6},"end":{"line":33,"column":7}},{"start":{},"end":{}}],"line":31},"2":{"loc":{"start":{"line":54,"column":17},"end":{"line":54,"column":35}},"type":"binary-expr","locations":[{"start":{"line":54,"column":17},"end":{"line":54,"column":29}},{"start":{"line":54,"column":33},"end":{"line":54,"column":35}}],"line":54},"3":{"loc":{"start":{"line":55,"column":22},"end":{"line":55,"column":37}},"type":"binary-expr","locations":[{"start":{"line":55,"column":22},"end":{"line":55,"column":32}},{"start":{"line":55,"column":36},"end":{"line":55,"column":37}}],"line":55},"4":{"loc":{"start":{"line":56,"column":17},"end":{"line":56,"column":38}},"type":"binary-expr","locations":[{"start":{"line":56,"column":17},"end":{"line":56,"column":29}},{"start":{"line":56,"column":33},"end":{"line":56,"column":38}}],"line":56},"5":{"loc":{"start":{"line":76,"column":4},"end":{"line":79,"column":5}},"type":"if","locations":[{"start":{"line":76,"column":4},"end":{"line":79,"column":5}},{"start":{},"end":{}}],"line":76},"6":{"loc":{"start":{"line":83,"column":4},"end":{"line":86,"column":5}},"type":"if","locations":[{"start":{"line":83,"column":4},"end":{"line":86,"column":5}},{"start":{},"end":{}}],"line":83},"7":{"loc":{"start":{"line":105,"column":4},"end":{"line":107,"column":5}},"type":"if","locations":[{"start":{"line":105,"column":4},"end":{"line":107,"column":5}},{"start":{},"end":{}}],"line":105},"8":{"loc":{"start":{"line":116,"column":2},"end":{"line":125,"column":3}},"type":"if","locations":[{"start":{"line":116,"column":2},"end":{"line":125,"column":3}},{"start":{},"end":{}}],"line":116},"9":{"loc":{"start":{"line":127,"column":2},"end":{"line":139,"column":3}},"type":"if","locations":[{"start":{"line":127,"column":2},"end":{"line":139,"column":3}},{"start":{},"end":{}}],"line":127},"10":{"loc":{"start":{"line":170,"column":13},"end":{"line":188,"column":13}},"type":"binary-expr","locations":[{"start":{"line":170,"column":13},"end":{"line":170,"column":24}},{"start":{"line":171,"column":14},"end":{"line":187,"column":23}}],"line":170},"11":{"loc":{"start":{"line":194,"column":11},"end":{"line":194,"column":55}},"type":"binary-expr","locations":[{"start":{"line":194,"column":11},"end":{"line":194,"column":25}},{"start":{"line":194,"column":29},"end":{"line":194,"column":55}}],"line":194},"12":{"loc":{"start":{"line":198,"column":7},"end":{"line":278,"column":7}},"type":"cond-expr","locations":[{"start":{"line":199,"column":8},"end":{"line":205,"column":14}},{"start":{"line":207,"column":8},"end":{"line":277,"column":11}}],"line":198},"13":{"loc":{"start":{"line":198,"column":7},"end":{"line":198,"column":39}},"type":"binary-expr","locations":[{"start":{"line":198,"column":7},"end":{"line":198,"column":27}},{"start":{"line":198,"column":31},"end":{"line":198,"column":39}}],"line":198},"14":{"loc":{"start":{"line":201,"column":13},"end":{"line":203,"column":42}},"type":"cond-expr","locations":[{"start":{"line":202,"column":16},"end":{"line":202,"column":65}},{"start":{"line":203,"column":16},"end":{"line":203,"column":42}}],"line":201},"15":{"loc":{"start":{"line":214,"column":11},"end":{"line":276,"column":11}},"type":"binary-expr","locations":[{"start":{"line":214,"column":11},"end":{"line":214,"column":25}},{"start":{"line":215,"column":12},"end":{"line":275,"column":18}}],"line":214},"16":{"loc":{"start":{"line":227,"column":17},"end":{"line":238,"column":17}},"type":"binary-expr","locations":[{"start":{"line":227,"column":17},"end":{"line":227,"column":32}},{"start":{"line":228,"column":18},"end":{"line":237,"column":21}}],"line":227},"17":{"loc":{"start":{"line":236,"column":21},"end":{"line":236,"column":88}},"type":"binary-expr","locations":[{"start":{"line":236,"column":21},"end":{"line":236,"column":36}},{"start":{"line":236,"column":40},"end":{"line":236,"column":88}}],"line":236},"18":{"loc":{"start":{"line":244,"column":52},"end":{"line":244,"column":91}},"type":"cond-expr","locations":[{"start":{"line":244,"column":78},"end":{"line":244,"column":86}},{"start":{"line":244,"column":89},"end":{"line":244,"column":91}}],"line":244},"19":{"loc":{"start":{"line":246,"column":34},"end":{"line":246,"column":78}},"type":"cond-expr","locations":[{"start":{"line":246,"column":60},"end":{"line":246,"column":66}},{"start":{"line":246,"column":69},"end":{"line":246,"column":78}}],"line":246},"20":{"loc":{"start":{"line":252,"column":17},"end":{"line":263,"column":17}},"type":"binary-expr","locations":[{"start":{"line":252,"column":17},"end":{"line":252,"column":45}},{"start":{"line":253,"column":18},"end":{"line":262,"column":21}}],"line":252},"21":{"loc":{"start":{"line":254,"column":21},"end":{"line":254,"column":101}},"type":"binary-expr","locations":[{"start":{"line":254,"column":21},"end":{"line":254,"column":49}},{"start":{"line":254,"column":53},"end":{"line":254,"column":101}}],"line":254}},"s":{"0":0,"1":0,"2":0,"3":0,"4":0,"5":0,"6":0,"7":0,"8":0,"9":0,"10":0,"11":0,"12":0,"13":0,"14":0,"15":0,"16":0,"17":0,"18":0,"19":0,"20":0,"21":0,"22":0,"23":0,"24":0,"25":0,"26":0,"27":0,"28":0,"29":0,"30":0,"31":0,"32":0,"33":0,"34":0,"35":0,"36":0,"37":0,"38":0,"39":0,"40":0,"41":0,"42":0,"43":0,"44":0,"45":0,"46":0,"47":0,"48":0,"49":0,"50":0,"51":0,"52":0,"53":0,"54":0,"55":0,"56":0,"57":0,"58":0,"59":0,"60":0,"61":0,"62":0,"63":0,"64":0,"65":0,"66":0,"67":0,"68":0,"69":0,"70":0,"71":0,"72":0},"f":{"0":0,"1":0,"2":0,"3":0,"4":0,"5":0,"6":0,"7":0,"8":0,"9":0,"10":0,"11":0,"12":0,"13":0,"14":0,"15":0,"16":0},"b":{"0":[0,0],"1":[0,0],"2":[0,0],"3":[0,0],"4":[0,0],"5":[0,0],"6":[0,0],"7":[0,0],"8":[0,0],"9":[0,0],"10":[0,0],"11":[0,0],"12":[0,0],"13":[0,0],"14":[0,0],"15":[0,0],"16":[0,0],"17":[0,0],"18":[0,0],"19":[0,0],"20":[0,0],"21":[0,0]}}
,"/home/moltbot/.openclaw/workspace-zhc-developer/MadMatch/frontend/src/pages/RecipeDetail.js": {"path":"/home/moltbot/.openclaw/workspace-zhc-developer/MadMatch/frontend/src/pages/RecipeDetail.js","statementMap":{"0":{"start":{"line":9,"column":21},"end":{"line":267,"column":1}},"1":{"start":{"line":10,"column":17},"end":{"line":10,"column":28}},"2":{"start":{"line":11,"column":19},"end":{"line":11,"column":32}},"3":{"start":{"line":12,"column":41},"end":{"line":12,"column":61}},"4":{"start":{"line":13,"column":30},"end":{"line":13,"column":44}},"5":{"start":{"line":14,"column":32},"end":{"line":14,"column":46}},"6":{"start":{"line":15,"column":28},"end":{"line":15,"column":42}},"7":{"start":{"line":17,"column":27},"end":{"line":17,"column":65}},"8":{"start":{"line":19,"column":2},"end":{"line":21,"column":11}},"9":{"start":{"line":20,"column":4},"end":{"line":20,"column":17}},"10":{"start":{"line":23,"column":21},"end":{"line":35,"column":3}},"11":{"start":{"line":24,"column":4},"end":{"line":34,"column":5}},"12":{"start":{"line":25,"column":6},"end":{"line":25,"column":23}},"13":{"start":{"line":26,"column":6},"end":{"line":26,"column":21}},"14":{"start":{"line":27,"column":19},"end":{"line":27,"column":56}},"15":{"start":{"line":28,"column":6},"end":{"line":28,"column":22}},"16":{"start":{"line":30,"column":6},"end":{"line":30,"column":51}},"17":{"start":{"line":31,"column":6},"end":{"line":31,"column":102}},"18":{"start":{"line":33,"column":6},"end":{"line":33,"column":24}},"19":{"start":{"line":37,"column":21},"end":{"line":39,"column":3}},"20":{"start":{"line":38,"column":4},"end":{"line":38,"column":28}},"21":{"start":{"line":41,"column":30},"end":{"line":45,"column":3}},"22":{"start":{"line":42,"column":4},"end":{"line":44,"column":5}},"23":{"start":{"line":43,"column":6},"end":{"line":43,"column":32}},"24":{"start":{"line":47,"column":27},"end":{"line":50,"column":3}},"25":{"start":{"line":49,"column":4},"end":{"line":49,"column":57}},"26":{"start":{"line":52,"column":27},"end":{"line":56,"column":3}},"27":{"start":{"line":58,"column":2},"end":{"line":60,"column":3}},"28":{"start":{"line":59,"column":4},"end":{"line":59,"column":45}},"29":{"start":{"line":62,"column":2},"end":{"line":77,"column":3}},"30":{"start":{"line":63,"column":4},"end":{"line":76,"column":6}},"31":{"start":{"line":79,"column":2},"end":{"line":94,"column":3}},"32":{"start":{"line":80,"column":4},"end":{"line":93,"column":6}},"33":{"start":{"line":96,"column":2},"end":{"line":266,"column":4}},"34":{"start":{"line":137,"column":40},"end":{"line":137,"column":72}},"35":{"start":{"line":233,"column":20},"end":{"line":241,"column":25}},"36":{"start":{"line":252,"column":20},"end":{"line":257,"column":25}}},"fnMap":{"0":{"name":"(anonymous_0)","decl":{"start":{"line":9,"column":21},"end":{"line":9,"column":22}},"loc":{"start":{"line":9,"column":27},"end":{"line":267,"column":1}},"line":9},"1":{"name":"(anonymous_1)","decl":{"start":{"line":19,"column":12},"end":{"line":19,"column":13}},"loc":{"start":{"line":19,"column":18},"end":{"line":21,"column":3}},"line":19},"2":{"name":"(anonymous_2)","decl":{"start":{"line":23,"column":21},"end":{"line":23,"column":22}},"loc":{"start":{"line":23,"column":33},"end":{"line":35,"column":3}},"line":23},"3":{"name":"(anonymous_3)","decl":{"start":{"line":37,"column":21},"end":{"line":37,"column":22}},"loc":{"start":{"line":37,"column":27},"end":{"line":39,"column":3}},"line":37},"4":{"name":"(anonymous_4)","decl":{"start":{"line":41,"column":30},"end":{"line":41,"column":31}},"loc":{"start":{"line":41,"column":36},"end":{"line":45,"column":3}},"line":41},"5":{"name":"(anonymous_5)","decl":{"start":{"line":47,"column":27},"end":{"line":47,"column":28}},"loc":{"start":{"line":47,"column":33},"end":{"line":50,"column":3}},"line":47},"6":{"name":"(anonymous_6)","decl":{"start":{"line":137,"column":31},"end":{"line":137,"column":32}},"loc":{"start":{"line":137,"column":38},"end":{"line":137,"column":74}},"line":137},"7":{"name":"(anonymous_7)","decl":{"start":{"line":232,"column":42},"end":{"line":232,"column":43}},"loc":{"start":{"line":233,"column":20},"end":{"line":241,"column":25}},"line":233},"8":{"name":"(anonymous_8)","decl":{"start":{"line":251,"column":43},"end":{"line":251,"column":44}},"loc":{"start":{"line":252,"column":20},"end":{"line":257,"column":25}},"line":252}},"branchMap":{"0":{"loc":{"start":{"line":17,"column":27},"end":{"line":17,"column":65}},"type":"cond-expr","locations":[{"start":{"line":17,"column":36},"end":{"line":17,"column":57}},{"start":{"line":17,"column":60},"end":{"line":17,"column":65}}],"line":17},"1":{"loc":{"start":{"line":31,"column":15},"end":{"line":31,"column":100}},"type":"cond-expr","locations":[{"start":{"line":31,"column":46},"end":{"line":31,"column":68}},{"start":{"line":31,"column":71},"end":{"line":31,"column":100}}],"line":31},"2":{"loc":{"start":{"line":42,"column":4},"end":{"line":44,"column":5}},"type":"if","locations":[{"start":{"line":42,"column":4},"end":{"line":44,"column":5}},{"start":{},"end":{}}],"line":42},"3":{"loc":{"start":{"line":58,"column":2},"end":{"line":60,"column":3}},"type":"if","locations":[{"start":{"line":58,"column":2},"end":{"line":60,"column":3}},{"start":{},"end":{}}],"line":58},"4":{"loc":{"start":{"line":62,"column":2},"end":{"line":77,"column":3}},"type":"if","locations":[{"start":{"line":62,"column":2},"end":{"line":77,"column":3}},{"start":{},"end":{}}],"line":62},"5":{"loc":{"start":{"line":79,"column":2},"end":{"line":94,"column":3}},"type":"if","locations":[{"start":{"line":79,"column":2},"end":{"line":94,"column":3}},{"start":{},"end":{}}],"line":79},"6":{"loc":{"start":{"line":115,"column":13},"end":{"line":127,"column":13}},"type":"cond-expr","locations":[{"start":{"line":116,"column":14},"end":{"line":121,"column":16}},{"start":{"line":123,"column":14},"end":{"line":126,"column":20}}],"line":115},"7":{"loc":{"start":{"line":129,"column":13},"end":{"line":146,"column":13}},"type":"binary-expr","locations":[{"start":{"line":129,"column":13},"end":{"line":129,"column":26}},{"start":{"line":130,"column":14},"end":{"line":145,"column":20}}],"line":129},"8":{"loc":{"start":{"line":131,"column":17},"end":{"line":141,"column":17}},"type":"binary-expr","locations":[{"start":{"line":131,"column":17},"end":{"line":131,"column":41}},{"start":{"line":132,"column":18},"end":{"line":140,"column":21}}],"line":131},"9":{"loc":{"start":{"line":142,"column":17},"end":{"line":144,"column":17}},"type":"binary-expr","locations":[{"start":{"line":142,"column":17},"end":{"line":142,"column":41}},{"start":{"line":143,"column":18},"end":{"line":143,"column":70}}],"line":142},"10":{"loc":{"start":{"line":155,"column":15},"end":{"line":161,"column":15}},"type":"binary-expr","locations":[{"start":{"line":155,"column":15},"end":{"line":155,"column":37}},{"start":{"line":156,"column":16},"end":{"line":160,"column":22}}],"line":155},"11":{"loc":{"start":{"line":163,"column":15},"end":{"line":169,"column":15}},"type":"binary-expr","locations":[{"start":{"line":163,"column":15},"end":{"line":163,"column":37}},{"start":{"line":164,"column":16},"end":{"line":168,"column":22}}],"line":163},"12":{"loc":{"start":{"line":171,"column":15},"end":{"line":177,"column":15}},"type":"binary-expr","locations":[{"start":{"line":171,"column":15},"end":{"line":171,"column":38}},{"start":{"line":172,"column":16},"end":{"line":176,"column":22}}],"line":171},"13":{"loc":{"start":{"line":179,"column":15},"end":{"line":185,"column":15}},"type":"binary-expr","locations":[{"start":{"line":179,"column":15},"end":{"line":179,"column":30}},{"start":{"line":180,"column":16},"end":{"line":184,"column":22}}],"line":179},"14":{"loc":{"start":{"line":187,"column":15},"end":{"line":195,"column":15}},"type":"binary-expr","locations":[{"start":{"line":187,"column":15},"end":{"line":187,"column":32}},{"start":{"line":188,"column":16},"end":{"line":194,"column":22}}],"line":187},"15":{"loc":{"start":{"line":192,"column":21},"end":{"line":192,"column":77}},"type":"binary-expr","locations":[{"start":{"line":192,"column":21},"end":{"line":192,"column":56}},{"start":{"line":192,"column":60},"end":{"line":192,"column":77}}],"line":192},"16":{"loc":{"start":{"line":200,"column":43},"end":{"line":200,"column":78}},"type":"cond-expr","locations":[{"start":{"line":200,"column":62},"end":{"line":200,"column":73}},{"start":{"line":200,"column":76},"end":{"line":200,"column":78}}],"line":200},"17":{"loc":{"start":{"line":202,"column":28},"end":{"line":202,"column":95}},"type":"cond-expr","locations":[{"start":{"line":202,"column":47},"end":{"line":202,"column":69}},{"start":{"line":202,"column":72},"end":{"line":202,"column":95}}],"line":202},"18":{"loc":{"start":{"line":204,"column":44},"end":{"line":204,"column":74}},"type":"cond-expr","locations":[{"start":{"line":204,"column":63},"end":{"line":204,"column":67}},{"start":{"line":204,"column":70},"end":{"line":204,"column":74}}],"line":204},"19":{"loc":{"start":{"line":205,"column":17},"end":{"line":205,"column":77}},"type":"cond-expr","locations":[{"start":{"line":205,"column":36},"end":{"line":205,"column":51}},{"start":{"line":205,"column":54},"end":{"line":205,"column":77}}],"line":205},"20":{"loc":{"start":{"line":228,"column":13},"end":{"line":245,"column":13}},"type":"binary-expr","locations":[{"start":{"line":228,"column":13},"end":{"line":228,"column":31}},{"start":{"line":228,"column":35},"end":{"line":228,"column":64}},{"start":{"line":229,"column":14},"end":{"line":244,"column":24}}],"line":228},"21":{"loc":{"start":{"line":234,"column":23},"end":{"line":236,"column":23}},"type":"binary-expr","locations":[{"start":{"line":234,"column":23},"end":{"line":234,"column":42}},{"start":{"line":235,"column":24},"end":{"line":235,"column":90}}],"line":234},"22":{"loc":{"start":{"line":237,"column":23},"end":{"line":239,"column":23}},"type":"binary-expr","locations":[{"start":{"line":237,"column":23},"end":{"line":237,"column":38}},{"start":{"line":238,"column":24},"end":{"line":238,"column":82}}],"line":237},"23":{"loc":{"start":{"line":247,"column":13},"end":{"line":261,"column":13}},"type":"binary-expr","locations":[{"start":{"line":247,"column":13},"end":{"line":247,"column":32}},{"start":{"line":247,"column":36},"end":{"line":247,"column":66}},{"start":{"line":248,"column":14},"end":{"line":260,"column":24}}],"line":247}},"s":{"0":0,"1":0,"2":0,"3":0,"4":0,"5":0,"6":0,"7":0,"8":0,"9":0,"10":0,"11":0,"12":0,"13":0,"14":0,"15":0,"16":0,"17":0,"18":0,"19":0,"20":0,"21":0,"22":0,"23":0,"24":0,"25":0,"26":0,"27":0,"28":0,"29":0,"30":0,"31":0,"32":0,"33":0,"34":0,"35":0,"36":0},"f":{"0":0,"1":0,"2":0,"3":0,"4":0,"5":0,"6":0,"7":0,"8":0},"b":{"0":[0,0],"1":[0,0],"2":[0,0],"3":[0,0],"4":[0,0],"5":[0,0],"6":[0,0],"7":[0,0],"8":[0,0],"9":[0,0],"10":[0,0],"11":[0,0],"12":[0,0],"13":[0,0],"14":[0,0],"15":[0,0],"16":[0,0],"17":[0,0],"18":[0,0],"19":[0,0],"20":[0,0,0],"21":[0,0],"22":[0,0],"23":[0,0,0]}}
,"/home/moltbot/.openclaw/workspace-zhc-developer/MadMatch/frontend/src/pages/RecipeFavorites.js": {"path":"/home/moltbot/.openclaw/workspace-zhc-developer/MadMatch/frontend/src/pages/RecipeFavorites.js","statementMap":{"0":{"start":{"line":8,"column":24},"end":{"line":97,"column":1}},"1":{"start":{"line":9,"column":52},"end":{"line":9,"column":72}},"2":{"start":{"line":10,"column":32},"end":{"line":10,"column":44}},"3":{"start":{"line":11,"column":32},"end":{"line":11,"column":46}},"4":{"start":{"line":12,"column":28},"end":{"line":12,"column":42}},"5":{"start":{"line":14,"column":2},"end":{"line":18,"column":28}},"6":{"start":{"line":15,"column":4},"end":{"line":17,"column":5}},"7":{"start":{"line":16,"column":6},"end":{"line":16,"column":28}},"8":{"start":{"line":20,"column":30},"end":{"line":44,"column":3}},"9":{"start":{"line":21,"column":4},"end":{"line":43,"column":5}},"10":{"start":{"line":22,"column":6},"end":{"line":22,"column":23}},"11":{"start":{"line":23,"column":6},"end":{"line":23,"column":21}},"12":{"start":{"line":25,"column":6},"end":{"line":29,"column":7}},"13":{"start":{"line":26,"column":8},"end":{"line":26,"column":23}},"14":{"start":{"line":27,"column":8},"end":{"line":27,"column":26}},"15":{"start":{"line":28,"column":8},"end":{"line":28,"column":15}},"16":{"start":{"line":32,"column":25},"end":{"line":32,"column":60}},"17":{"start":{"line":33,"column":30},"end":{"line":35,"column":7}},"18":{"start":{"line":34,"column":8},"end":{"line":34,"column":37}},"19":{"start":{"line":37,"column":6},"end":{"line":37,"column":34}},"20":{"start":{"line":39,"column":6},"end":{"line":39,"column":61}},"21":{"start":{"line":40,"column":6},"end":{"line":40,"column":49}},"22":{"start":{"line":42,"column":6},"end":{"line":42,"column":24}},"23":{"start":{"line":46,"column":2},"end":{"line":55,"column":3}},"24":{"start":{"line":47,"column":4},"end":{"line":54,"column":6}},"25":{"start":{"line":57,"column":2},"end":{"line":69,"column":3}},"26":{"start":{"line":58,"column":4},"end":{"line":68,"column":6}},"27":{"start":{"line":71,"column":24},"end":{"line":71,"column":42}},"28":{"start":{"line":73,"column":2},"end":{"line":96,"column":4}},"29":{"start":{"line":91,"column":12},"end":{"line":91,"column":58}}},"fnMap":{"0":{"name":"(anonymous_0)","decl":{"start":{"line":8,"column":24},"end":{"line":8,"column":25}},"loc":{"start":{"line":8,"column":30},"end":{"line":97,"column":1}},"line":8},"1":{"name":"(anonymous_1)","decl":{"start":{"line":14,"column":12},"end":{"line":14,"column":13}},"loc":{"start":{"line":14,"column":18},"end":{"line":18,"column":3}},"line":14},"2":{"name":"(anonymous_2)","decl":{"start":{"line":20,"column":30},"end":{"line":20,"column":31}},"loc":{"start":{"line":20,"column":42},"end":{"line":44,"column":3}},"line":20},"3":{"name":"(anonymous_3)","decl":{"start":{"line":33,"column":48},"end":{"line":33,"column":49}},"loc":{"start":{"line":34,"column":8},"end":{"line":34,"column":37}},"line":34},"4":{"name":"(anonymous_4)","decl":{"start":{"line":90,"column":23},"end":{"line":90,"column":24}},"loc":{"start":{"line":91,"column":12},"end":{"line":91,"column":58}},"line":91}},"branchMap":{"0":{"loc":{"start":{"line":15,"column":4},"end":{"line":17,"column":5}},"type":"if","locations":[{"start":{"line":15,"column":4},"end":{"line":17,"column":5}},{"start":{},"end":{}}],"line":15},"1":{"loc":{"start":{"line":25,"column":6},"end":{"line":29,"column":7}},"type":"if","locations":[{"start":{"line":25,"column":6},"end":{"line":29,"column":7}},{"start":{},"end":{}}],"line":25},"2":{"loc":{"start":{"line":46,"column":2},"end":{"line":55,"column":3}},"type":"if","locations":[{"start":{"line":46,"column":2},"end":{"line":55,"column":3}},{"start":{},"end":{}}],"line":46},"3":{"loc":{"start":{"line":46,"column":6},"end":{"line":46,"column":26}},"type":"binary-expr","locations":[{"start":{"line":46,"column":6},"end":{"line":46,"column":15}},{"start":{"line":46,"column":19},"end":{"line":46,"column":26}}],"line":46},"4":{"loc":{"start":{"line":57,"column":2},"end":{"line":69,"column":3}},"type":"if","locations":[{"start":{"line":57,"column":2},"end":{"line":69,"column":3}},{"start":{},"end":{}}],"line":57},"5":{"loc":{"start":{"line":76,"column":29},"end":{"line":76,"column":70}},"type":"binary-expr","locations":[{"start":{"line":76,"column":29},"end":{"line":76,"column":46}},{"start":{"line":76,"column":50},"end":{"line":76,"column":70}}],"line":76},"6":{"loc":{"start":{"line":82,"column":7},"end":{"line":94,"column":7}},"type":"cond-expr","locations":[{"start":{"line":83,"column":8},"end":{"line":87,"column":14}},{"start":{"line":89,"column":8},"end":{"line":93,"column":14}}],"line":82}},"s":{"0":0,"1":0,"2":0,"3":0,"4":0,"5":0,"6":0,"7":0,"8":0,"9":0,"10":0,"11":0,"12":0,"13":0,"14":0,"15":0,"16":0,"17":0,"18":0,"19":0,"20":0,"21":0,"22":0,"23":0,"24":0,"25":0,"26":0,"27":0,"28":0,"29":0},"f":{"0":0,"1":0,"2":0,"3":0,"4":0},"b":{"0":[0,0],"1":[0,0],"2":[0,0],"3":[0,0],"4":[0,0],"5":[0,0],"6":[0,0]}}
,"/home/moltbot/.openclaw/workspace-zhc-developer/MadMatch/frontend/src/services/recipeService.js": {"path":"/home/moltbot/.openclaw/workspace-zhc-developer/MadMatch/frontend/src/services/recipeService.js","statementMap":{"0":{"start":{"line":1,"column":21},"end":{"line":1,"column":60}},"1":{"start":{"line":3,"column":29},"end":{"line":64,"column":1}},"2":{"start":{"line":14,"column":4},"end":{"line":41,"column":5}},"3":{"start":{"line":20,"column":10},"end":{"line":20,"column":17}},"4":{"start":{"line":22,"column":21},"end":{"line":27,"column":8}},"5":{"start":{"line":29,"column":18},"end":{"line":29,"column":71}},"6":{"start":{"line":30,"column":23},"end":{"line":30,"column":39}},"7":{"start":{"line":32,"column":6},"end":{"line":34,"column":7}},"8":{"start":{"line":33,"column":8},"end":{"line":33,"column":66}},"9":{"start":{"line":36,"column":19},"end":{"line":36,"column":40}},"10":{"start":{"line":37,"column":6},"end":{"line":37,"column":18}},"11":{"start":{"line":39,"column":6},"end":{"line":39,"column":55}},"12":{"start":{"line":40,"column":6},"end":{"line":40,"column":18}},"13":{"start":{"line":50,"column":4},"end":{"line":62,"column":5}},"14":{"start":{"line":51,"column":23},"end":{"line":51,"column":67}},"15":{"start":{"line":53,"column":6},"end":{"line":55,"column":7}},"16":{"start":{"line":54,"column":8},"end":{"line":54,"column":66}},"17":{"start":{"line":57,"column":19},"end":{"line":57,"column":40}},"18":{"start":{"line":58,"column":6},"end":{"line":58,"column":18}},"19":{"start":{"line":60,"column":6},"end":{"line":60,"column":59}},"20":{"start":{"line":61,"column":6},"end":{"line":61,"column":18}}},"fnMap":{"0":{"name":"(anonymous_0)","decl":{"start":{"line":13,"column":2},"end":{"line":13,"column":3}},"loc":{"start":{"line":13,"column":36},"end":{"line":42,"column":3}},"line":13},"1":{"name":"(anonymous_1)","decl":{"start":{"line":49,"column":2},"end":{"line":49,"column":3}},"loc":{"start":{"line":49,"column":26},"end":{"line":63,"column":3}},"line":49}},"branchMap":{"0":{"loc":{"start":{"line":1,"column":21},"end":{"line":1,"column":60}},"type":"binary-expr","locations":[{"start":{"line":1,"column":21},"end":{"line":1,"column":50}},{"start":{"line":1,"column":54},"end":{"line":1,"column":60}}],"line":1},"1":{"loc":{"start":{"line":13,"column":22},"end":{"line":13,"column":34}},"type":"default-arg","locations":[{"start":{"line":13,"column":32},"end":{"line":13,"column":34}}],"line":13},"2":{"loc":{"start":{"line":16,"column":8},"end":{"line":16,"column":18}},"type":"default-arg","locations":[{"start":{"line":16,"column":16},"end":{"line":16,"column":18}}],"line":16},"3":{"loc":{"start":{"line":17,"column":8},"end":{"line":17,"column":23}},"type":"default-arg","locations":[{"start":{"line":17,"column":19},"end":{"line":17,"column":23}}],"line":17},"4":{"loc":{"start":{"line":18,"column":8},"end":{"line":18,"column":18}},"type":"default-arg","locations":[{"start":{"line":18,"column":16},"end":{"line":18,"column":18}}],"line":18},"5":{"loc":{"start":{"line":19,"column":8},"end":{"line":19,"column":18}},"type":"default-arg","locations":[{"start":{"line":19,"column":17},"end":{"line":19,"column":18}}],"line":19},"6":{"loc":{"start":{"line":32,"column":6},"end":{"line":34,"column":7}},"type":"if","locations":[{"start":{"line":32,"column":6},"end":{"line":34,"column":7}},{"start":{},"end":{}}],"line":32},"7":{"loc":{"start":{"line":53,"column":6},"end":{"line":55,"column":7}},"type":"if","locations":[{"start":{"line":53,"column":6},"end":{"line":55,"column":7}},{"start":{},"end":{}}],"line":53}},"s":{"0":0,"1":0,"2":0,"3":0,"4":0,"5":0,"6":0,"7":0,"8":0,"9":0,"10":0,"11":0,"12":0,"13":0,"14":0,"15":0,"16":0,"17":0,"18":0,"19":0,"20":0},"f":{"0":0,"1":0},"b":{"0":[0,0],"1":[0],"2":[0],"3":[0],"4":[0],"5":[0],"6":[0,0],"7":[0,0]}}
,"/home/moltbot/.openclaw/workspace-zhc-developer/MadMatch/frontend/src/services/tilbudService.js": {"path":"/home/moltbot/.openclaw/workspace-zhc-developer/MadMatch/frontend/src/services/tilbudService.js","statementMap":{"0":{"start":{"line":1,"column":21},"end":{"line":1,"column":60}},"1":{"start":{"line":3,"column":29},"end":{"line":72,"column":1}},"2":{"start":{"line":5,"column":4},"end":{"line":22,"column":5}},"3":{"start":{"line":6,"column":21},"end":{"line":6,"column":42}},"4":{"start":{"line":7,"column":6},"end":{"line":7,"column":63}},"5":{"start":{"line":7,"column":25},"end":{"line":7,"column":63}},"6":{"start":{"line":8,"column":6},"end":{"line":8,"column":72}},"7":{"start":{"line":8,"column":28},"end":{"line":8,"column":72}},"8":{"start":{"line":10,"column":18},"end":{"line":10,"column":93}},"9":{"start":{"line":11,"column":23},"end":{"line":11,"column":39}},"10":{"start":{"line":13,"column":6},"end":{"line":15,"column":7}},"11":{"start":{"line":14,"column":8},"end":{"line":14,"column":66}},"12":{"start":{"line":17,"column":19},"end":{"line":17,"column":40}},"13":{"start":{"line":18,"column":6},"end":{"line":18,"column":23}},"14":{"start":{"line":20,"column":6},"end":{"line":20,"column":53}},"15":{"start":{"line":21,"column":6},"end":{"line":21,"column":18}},"16":{"start":{"line":26,"column":4},"end":{"line":38,"column":5}},"17":{"start":{"line":27,"column":23},"end":{"line":27,"column":66}},"18":{"start":{"line":29,"column":6},"end":{"line":31,"column":7}},"19":{"start":{"line":30,"column":8},"end":{"line":30,"column":66}},"20":{"start":{"line":33,"column":19},"end":{"line":33,"column":40}},"21":{"start":{"line":34,"column":6},"end":{"line":34,"column":23}},"22":{"start":{"line":36,"column":6},"end":{"line":36,"column":59}},"23":{"start":{"line":37,"column":6},"end":{"line":37,"column":18}},"24":{"start":{"line":42,"column":4},"end":{"line":54,"column":5}},"25":{"start":{"line":43,"column":23},"end":{"line":43,"column":62}},"26":{"start":{"line":45,"column":6},"end":{"line":47,"column":7}},"27":{"start":{"line":46,"column":8},"end":{"line":46,"column":66}},"28":{"start":{"line":49,"column":19},"end":{"line":49,"column":40}},"29":{"start":{"line":50,"column":6},"end":{"line":50,"column":23}},"30":{"start":{"line":52,"column":6},"end":{"line":52,"column":55}},"31":{"start":{"line":53,"column":6},"end":{"line":53,"column":18}},"32":{"start":{"line":58,"column":4},"end":{"line":70,"column":5}},"33":{"start":{"line":59,"column":23},"end":{"line":59,"column":64}},"34":{"start":{"line":61,"column":6},"end":{"line":63,"column":7}},"35":{"start":{"line":62,"column":8},"end":{"line":62,"column":66}},"36":{"start":{"line":65,"column":19},"end":{"line":65,"column":40}},"37":{"start":{"line":66,"column":6},"end":{"line":66,"column":23}},"38":{"start":{"line":68,"column":6},"end":{"line":68,"column":57}},"39":{"start":{"line":69,"column":6},"end":{"line":69,"column":18}}},"fnMap":{"0":{"name":"(anonymous_0)","decl":{"start":{"line":4,"column":2},"end":{"line":4,"column":3}},"loc":{"start":{"line":4,"column":35},"end":{"line":23,"column":3}},"line":4},"1":{"name":"(anonymous_1)","decl":{"start":{"line":25,"column":2},"end":{"line":25,"column":3}},"loc":{"start":{"line":25,"column":26},"end":{"line":39,"column":3}},"line":25},"2":{"name":"(anonymous_2)","decl":{"start":{"line":41,"column":2},"end":{"line":41,"column":3}},"loc":{"start":{"line":41,"column":22},"end":{"line":55,"column":3}},"line":41},"3":{"name":"(anonymous_3)","decl":{"start":{"line":57,"column":2},"end":{"line":57,"column":3}},"loc":{"start":{"line":57,"column":24},"end":{"line":71,"column":3}},"line":57}},"branchMap":{"0":{"loc":{"start":{"line":1,"column":21},"end":{"line":1,"column":60}},"type":"binary-expr","locations":[{"start":{"line":1,"column":21},"end":{"line":1,"column":50}},{"start":{"line":1,"column":54},"end":{"line":1,"column":60}}],"line":1},"1":{"loc":{"start":{"line":4,"column":21},"end":{"line":4,"column":33}},"type":"default-arg","locations":[{"start":{"line":4,"column":31},"end":{"line":4,"column":33}}],"line":4},"2":{"loc":{"start":{"line":7,"column":6},"end":{"line":7,"column":63}},"type":"if","locations":[{"start":{"line":7,"column":6},"end":{"line":7,"column":63}},{"start":{},"end":{}}],"line":7},"3":{"loc":{"start":{"line":8,"column":6},"end":{"line":8,"column":72}},"type":"if","locations":[{"start":{"line":8,"column":6},"end":{"line":8,"column":72}},{"start":{},"end":{}}],"line":8},"4":{"loc":{"start":{"line":10,"column":43},"end":{"line":10,"column":91}},"type":"cond-expr","locations":[{"start":{"line":10,"column":63},"end":{"line":10,"column":86}},{"start":{"line":10,"column":89},"end":{"line":10,"column":91}}],"line":10},"5":{"loc":{"start":{"line":13,"column":6},"end":{"line":15,"column":7}},"type":"if","locations":[{"start":{"line":13,"column":6},"end":{"line":15,"column":7}},{"start":{},"end":{}}],"line":13},"6":{"loc":{"start":{"line":29,"column":6},"end":{"line":31,"column":7}},"type":"if","locations":[{"start":{"line":29,"column":6},"end":{"line":31,"column":7}},{"start":{},"end":{}}],"line":29},"7":{"loc":{"start":{"line":45,"column":6},"end":{"line":47,"column":7}},"type":"if","locations":[{"start":{"line":45,"column":6},"end":{"line":47,"column":7}},{"start":{},"end":{}}],"line":45},"8":{"loc":{"start":{"line":61,"column":6},"end":{"line":63,"column":7}},"type":"if","locations":[{"start":{"line":61,"column":6},"end":{"line":63,"column":7}},{"start":{},"end":{}}],"line":61}},"s":{"0":0,"1":0,"2":0,"3":0,"4":0,"5":0,"6":0,"7":0,"8":0,"9":0,"10":0,"11":0,"12":0,"13":0,"14":0,"15":0,"16":0,"17":0,"18":0,"19":0,"20":0,"21":0,"22":0,"23":0,"24":0,"25":0,"26":0,"27":0,"28":0,"29":0,"30":0,"31":0,"32":0,"33":0,"34":0,"35":0,"36":0,"37":0,"38":0,"39":0},"f":{"0":0,"1":0,"2":0,"3":0},"b":{"0":[0,0],"1":[0],"2":[0,0],"3":[0,0],"4":[0,0],"5":[0,0],"6":[0,0],"7":[0,0],"8":[0,0]}}
}
