{"/opt/madmatch-dev/frontend/src/App.js": {"path":"/opt/madmatch-dev/frontend/src/App.js","statementMap":{"0":{"start":{"line":16,"column":24},"end":{"line":16,"column":38}},"1":{"start":{"line":17,"column":25},"end":{"line":17,"column":34}},"2":{"start":{"line":19,"column":2},"end":{"line":32,"column":4}},"3":{"start":{"line":36,"column":30},"end":{"line":36,"column":42}},"4":{"start":{"line":37,"column":34},"end":{"line":37,"column":46}},"5":{"start":{"line":38,"column":44},"end":{"line":38,"column":56}},"6":{"start":{"line":39,"column":32},"end":{"line":39,"column":46}},"7":{"start":{"line":40,"column":28},"end":{"line":40,"column":42}},"8":{"start":{"line":43,"column":2},"end":{"line":45,"column":9}},"9":{"start":{"line":44,"column":4},"end":{"line":44,"column":22}},"10":{"start":{"line":48,"column":2},"end":{"line":50,"column":22}},"11":{"start":{"line":49,"column":4},"end":{"line":49,"column":17}},"12":{"start":{"line":52,"column":26},"end":{"line":69,"column":3}},"13":{"start":{"line":53,"column":4},"end":{"line":68,"column":5}},"14":{"start":{"line":54,"column":6},"end":{"line":54,"column":23}},"15":{"start":{"line":55,"column":41},"end":{"line":58,"column":8}},"16":{"start":{"line":60,"column":6},"end":{"line":60,"column":28}},"17":{"start":{"line":61,"column":6},"end":{"line":61,"column":32}},"18":{"start":{"line":62,"column":6},"end":{"line":62,"column":21}},"19":{"start":{"line":64,"column":6},"end":{"line":64,"column":57}},"20":{"start":{"line":65,"column":6},"end":{"line":65,"column":83}},"21":{"start":{"line":67,"column":6},"end":{"line":67,"column":24}},"22":{"start":{"line":71,"column":21},"end":{"line":83,"column":3}},"23":{"start":{"line":72,"column":4},"end":{"line":82,"column":5}},"24":{"start":{"line":73,"column":22},"end":{"line":73,"column":24}},"25":{"start":{"line":74,"column":6},"end":{"line":74,"column":55}},"26":{"start":{"line":74,"column":25},"end":{"line":74,"column":55}},"27":{"start":{"line":76,"column":19},"end":{"line":76,"column":60}},"28":{"start":{"line":77,"column":6},"end":{"line":77,"column":22}},"29":{"start":{"line":78,"column":6},"end":{"line":78,"column":21}},"30":{"start":{"line":80,"column":6},"end":{"line":80,"column":51}},"31":{"start":{"line":81,"column":6},"end":{"line":81,"column":45}},"32":{"start":{"line":85,"column":22},"end":{"line":87,"column":3}},"33":{"start":{"line":86,"column":4},"end":{"line":86,"column":25}},"34":{"start":{"line":89,"column":2},"end":{"line":95,"column":3}},"35":{"start":{"line":90,"column":4},"end":{"line":94,"column":6}},"36":{"start":{"line":97,"column":2},"end":{"line":107,"column":3}},"37":{"start":{"line":98,"column":4},"end":{"line":106,"column":6}},"38":{"start":{"line":109,"column":2},"end":{"line":147,"column":4}},"39":{"start":{"line":137,"column":14},"end":{"line":137,"column":56}},"40":{"start":{"line":151,"column":2},"end":{"line":167,"column":4}}},"fnMap":{"0":{"name":"Navigation","decl":{"start":{"line":15,"column":9},"end":{"line":15,"column":19}},"loc":{"start":{"line":15,"column":22},"end":{"line":33,"column":1}},"line":15},"1":{"name":"TilbudOversigt","decl":{"start":{"line":35,"column":9},"end":{"line":35,"column":23}},"loc":{"start":{"line":35,"column":26},"end":{"line":148,"column":1}},"line":35},"2":{"name":"(anonymous_2)","decl":{"start":{"line":43,"column":12},"end":{"line":43,"column":13}},"loc":{"start":{"line":43,"column":18},"end":{"line":45,"column":3}},"line":43},"3":{"name":"(anonymous_3)","decl":{"start":{"line":48,"column":12},"end":{"line":48,"column":13}},"loc":{"start":{"line":48,"column":18},"end":{"line":50,"column":3}},"line":48},"4":{"name":"(anonymous_4)","decl":{"start":{"line":52,"column":26},"end":{"line":52,"column":27}},"loc":{"start":{"line":52,"column":38},"end":{"line":69,"column":3}},"line":52},"5":{"name":"(anonymous_5)","decl":{"start":{"line":71,"column":21},"end":{"line":71,"column":22}},"loc":{"start":{"line":71,"column":33},"end":{"line":83,"column":3}},"line":71},"6":{"name":"(anonymous_6)","decl":{"start":{"line":85,"column":22},"end":{"line":85,"column":23}},"loc":{"start":{"line":85,"column":28},"end":{"line":87,"column":3}},"line":85},"7":{"name":"(anonymous_7)","decl":{"start":{"line":136,"column":25},"end":{"line":136,"column":26}},"loc":{"start":{"line":137,"column":14},"end":{"line":137,"column":56}},"line":137},"8":{"name":"App","decl":{"start":{"line":150,"column":9},"end":{"line":150,"column":12}},"loc":{"start":{"line":150,"column":15},"end":{"line":168,"column":1}},"line":150}},"branchMap":{"0":{"loc":{"start":{"line":23,"column":22},"end":{"line":23,"column":101}},"type":"binary-expr","locations":[{"start":{"line":23,"column":22},"end":{"line":23,"column":42}},{"start":{"line":23,"column":46},"end":{"line":23,"column":101}}],"line":23},"1":{"loc":{"start":{"line":26,"column":23},"end":{"line":26,"column":90}},"type":"binary-expr","locations":[{"start":{"line":26,"column":23},"end":{"line":26,"column":37}},{"start":{"line":26,"column":41},"end":{"line":26,"column":90}}],"line":26},"2":{"loc":{"start":{"line":74,"column":6},"end":{"line":74,"column":55}},"type":"if","locations":[{"start":{"line":74,"column":6},"end":{"line":74,"column":55}},{"start":{},"end":{}}],"line":74},"3":{"loc":{"start":{"line":89,"column":2},"end":{"line":95,"column":3}},"type":"if","locations":[{"start":{"line":89,"column":2},"end":{"line":95,"column":3}},{"start":{},"end":{}}],"line":89},"4":{"loc":{"start":{"line":97,"column":2},"end":{"line":107,"column":3}},"type":"if","locations":[{"start":{"line":97,"column":2},"end":{"line":107,"column":3}},{"start":{},"end":{}}],"line":97},"5":{"loc":{"start":{"line":126,"column":17},"end":{"line":126,"column":36}},"type":"binary-expr","locations":[{"start":{"line":126,"column":17},"end":{"line":126,"column":31}},{"start":{"line":126,"column":35},"end":{"line":126,"column":36}}],"line":126},"6":{"loc":{"start":{"line":129,"column":9},"end":{"line":140,"column":9}},"type":"cond-expr","locations":[{"start":{"line":130,"column":10},"end":{"line":133,"column":16}},{"start":{"line":135,"column":10},"end":{"line":139,"column":16}}],"line":129},"7":{"loc":{"start":{"line":129,"column":10},"end":{"line":129,"column":29}},"type":"binary-expr","locations":[{"start":{"line":129,"column":10},"end":{"line":129,"column":24}},{"start":{"line":129,"column":28},"end":{"line":129,"column":29}}],"line":129}},"s":{"0":1,"1":1,"2":1,"3":2,"4":2,"5":2,"6":2,"7":2,"8":2,"9":1,"10":2,"11":1,"12":2,"13":1,"14":1,"15":1,"16":1,"17":1,"18":1,"19":0,"20":0,"21":1,"22":2,"23":1,"24":1,"25":1,"26":0,"27":1,"28":1,"29":1,"30":0,"31":0,"32":2,"33":0,"34":2,"35":1,"36":1,"37":0,"38":1,"39":0,"40":1},"f":{"0":1,"1":2,"2":1,"3":1,"4":1,"5":1,"6":0,"7":0,"8":1},"b":{"0":[1,0],"1":[1,0],"2":[0,1],"3":[1,1],"4":[0,1],"5":[1,1],"6":[1,0],"7":[1,1]},"_coverageSchema":"1a1c01bbd47fc00a2c39e90264f33305004495a9","hash":"9c8aa2652eea64c4bb1f7534bfea6e7b72585a6f"}
,"/opt/madmatch-dev/frontend/src/index.js": {"path":"/opt/madmatch-dev/frontend/src/index.js","statementMap":{"0":{"start":{"line":6,"column":13},"end":{"line":6,"column":65}},"1":{"start":{"line":7,"column":0},"end":{"line":11,"column":2}}},"fnMap":{},"branchMap":{},"s":{"0":0,"1":0},"f":{},"b":{}}
,"/opt/madmatch-dev/frontend/src/components/AddToCartButton.js": {"path":"/opt/madmatch-dev/frontend/src/components/AddToCartButton.js","statementMap":{"0":{"start":{"line":12,"column":24},"end":{"line":47,"column":1}},"1":{"start":{"line":13,"column":24},"end":{"line":13,"column":33}},"2":{"start":{"line":14,"column":42},"end":{"line":14,"column":57}},"3":{"start":{"line":16,"column":22},"end":{"line":25,"column":26}},"4":{"start":{"line":17,"column":4},"end":{"line":17,"column":23}},"5":{"start":{"line":18,"column":4},"end":{"line":18,"column":24}},"6":{"start":{"line":20,"column":4},"end":{"line":20,"column":23}},"7":{"start":{"line":23,"column":4},"end":{"line":23,"column":26}},"8":{"start":{"line":24,"column":4},"end":{"line":24,"column":51}},"9":{"start":{"line":24,"column":21},"end":{"line":24,"column":43}},"10":{"start":{"line":27,"column":2},"end":{"line":46,"column":4}}},"fnMap":{"0":{"name":"(anonymous_0)","decl":{"start":{"line":12,"column":24},"end":{"line":12,"column":25}},"loc":{"start":{"line":12,"column":41},"end":{"line":47,"column":1}},"line":12},"1":{"name":"(anonymous_1)","decl":{"start":{"line":16,"column":34},"end":{"line":16,"column":35}},"loc":{"start":{"line":16,"column":41},"end":{"line":25,"column":3}},"line":16},"2":{"name":"(anonymous_2)","decl":{"start":{"line":24,"column":15},"end":{"line":24,"column":16}},"loc":{"start":{"line":24,"column":21},"end":{"line":24,"column":43}},"line":24}},"branchMap":{"0":{"loc":{"start":{"line":36,"column":7},"end":{"line":44,"column":7}},"type":"binary-expr","locations":[{"start":{"line":36,"column":7},"end":{"line":36,"column":19}},{"start":{"line":37,"column":8},"end":{"line":43,"column":14}}],"line":36}},"s":{"0":2,"1":24,"2":24,"3":24,"4":10,"5":10,"6":10,"7":10,"8":10,"9":1,"10":24},"f":{"0":24,"1":10,"2":1},"b":{"0":[24,11]},"_coverageSchema":"1a1c01bbd47fc00a2c39e90264f33305004495a9","hash":"a4bdd3bf23c6b9e941809ad5167495fadce914e3"}
,"/opt/madmatch-dev/frontend/src/components/BudgetDisplay.js": {"path":"/opt/madmatch-dev/frontend/src/components/BudgetDisplay.js","statementMap":{"0":{"start":{"line":13,"column":22},"end":{"line":96,"column":1}},"1":{"start":{"line":14,"column":60},"end":{"line":14,"column":71}},"2":{"start":{"line":17,"column":27},"end":{"line":22,"column":25}},"3":{"start":{"line":18,"column":26},"end":{"line":18,"column":69}},"4":{"start":{"line":19,"column":4},"end":{"line":19,"column":46}},"5":{"start":{"line":19,"column":29},"end":{"line":19,"column":46}},"6":{"start":{"line":20,"column":4},"end":{"line":20,"column":47}},"7":{"start":{"line":20,"column":30},"end":{"line":20,"column":47}},"8":{"start":{"line":21,"column":4},"end":{"line":21,"column":21}},"9":{"start":{"line":25,"column":2},"end":{"line":27,"column":3}},"10":{"start":{"line":26,"column":4},"end":{"line":26,"column":16}},"11":{"start":{"line":29,"column":65},"end":{"line":29,"column":98}},"12":{"start":{"line":31,"column":24},"end":{"line":31,"column":40}},"13":{"start":{"line":32,"column":24},"end":{"line":32,"column":56}},"14":{"start":{"line":34,"column":2},"end":{"line":50,"column":3}},"15":{"start":{"line":35,"column":4},"end":{"line":49,"column":6}},"16":{"start":{"line":52,"column":2},"end":{"line":95,"column":4}}},"fnMap":{"0":{"name":"(anonymous_0)","decl":{"start":{"line":13,"column":22},"end":{"line":13,"column":23}},"loc":{"start":{"line":13,"column":62},"end":{"line":96,"column":1}},"line":13},"1":{"name":"(anonymous_1)","decl":{"start":{"line":17,"column":35},"end":{"line":17,"column":36}},"loc":{"start":{"line":17,"column":41},"end":{"line":22,"column":3}},"line":17}},"branchMap":{"0":{"loc":{"start":{"line":13,"column":25},"end":{"line":13,"column":38}},"type":"default-arg","locations":[{"start":{"line":13,"column":37},"end":{"line":13,"column":38}}],"line":13},"1":{"loc":{"start":{"line":13,"column":40},"end":{"line":13,"column":55}},"type":"default-arg","locations":[{"start":{"line":13,"column":50},"end":{"line":13,"column":55}}],"line":13},"2":{"loc":{"start":{"line":18,"column":26},"end":{"line":18,"column":69}},"type":"cond-expr","locations":[{"start":{"line":18,"column":39},"end":{"line":18,"column":65}},{"start":{"line":18,"column":68},"end":{"line":18,"column":69}}],"line":18},"3":{"loc":{"start":{"line":19,"column":4},"end":{"line":19,"column":46}},"type":"if","locations":[{"start":{"line":19,"column":4},"end":{"line":19,"column":46}},{"start":{},"end":{}}],"line":19},"4":{"loc":{"start":{"line":20,"column":4},"end":{"line":20,"column":47}},"type":"if","locations":[{"start":{"line":20,"column":4},"end":{"line":20,"column":47}},{"start":{},"end":{}}],"line":20},"5":{"loc":{"start":{"line":25,"column":2},"end":{"line":27,"column":3}},"type":"if","locations":[{"start":{"line":25,"column":2},"end":{"line":27,"column":3}},{"start":{},"end":{}}],"line":25},"6":{"loc":{"start":{"line":34,"column":2},"end":{"line":50,"column":3}},"type":"if","locations":[{"start":{"line":34,"column":2},"end":{"line":50,"column":3}},{"start":{},"end":{}}],"line":34},"7":{"loc":{"start":{"line":38,"column":11},"end":{"line":46,"column":11}},"type":"cond-expr","locations":[{"start":{"line":39,"column":12},"end":{"line":41,"column":19}},{"start":{"line":43,"column":12},"end":{"line":45,"column":19}}],"line":38},"8":{"loc":{"start":{"line":56,"column":9},"end":{"line":60,"column":9}},"type":"binary-expr","locations":[{"start":{"line":56,"column":9},"end":{"line":56,"column":23}},{"start":{"line":57,"column":10},"end":{"line":59,"column":17}}],"line":56},"9":{"loc":{"start":{"line":74,"column":42},"end":{"line":74,"column":80}},"type":"cond-expr","locations":[{"start":{"line":74,"column":64},"end":{"line":74,"column":75}},{"start":{"line":74,"column":78},"end":{"line":74,"column":80}}],"line":74}},"s":{"0":3,"1":45,"2":45,"3":39,"4":39,"5":29,"6":10,"7":4,"8":6,"9":45,"10":1,"11":44,"12":44,"13":44,"14":44,"15":3,"16":41},"f":{"0":45,"1":39},"b":{"0":[1],"1":[42],"2":[27,12],"3":[29,10],"4":[4,6],"5":[1,44],"6":[3,41],"7":[1,2],"8":[41,5],"9":[23,18]},"_coverageSchema":"1a1c01bbd47fc00a2c39e90264f33305004495a9","hash":"baeb04f5bf1a1587e8fbcc2b20643237decd9a4f"}
,"/opt/madmatch-dev/frontend/src/components/BudgetSettings.js": {"path":"/opt/madmatch-dev/frontend/src/components/BudgetSettings.js","statementMap":{"0":{"start":{"line":5,"column":23},"end":{"line":93,"column":1}},"1":{"start":{"line":6,"column":74},"end":{"line":6,"column":85}},"2":{"start":{"line":7,"column":38},"end":{"line":7,"column":65}},"3":{"start":{"line":10,"column":2},"end":{"line":12,"column":15}},"4":{"start":{"line":11,"column":4},"end":{"line":11,"column":37}},"5":{"start":{"line":14,"column":29},"end":{"line":23,"column":3}},"6":{"start":{"line":15,"column":18},"end":{"line":15,"column":32}},"7":{"start":{"line":16,"column":4},"end":{"line":16,"column":25}},"8":{"start":{"line":19,"column":21},"end":{"line":19,"column":34}},"9":{"start":{"line":20,"column":4},"end":{"line":22,"column":5}},"10":{"start":{"line":21,"column":6},"end":{"line":21,"column":26}},"11":{"start":{"line":25,"column":23},"end":{"line":27,"column":3}},"12":{"start":{"line":26,"column":4},"end":{"line":26,"column":19}},"13":{"start":{"line":29,"column":22},"end":{"line":32,"column":3}},"14":{"start":{"line":30,"column":4},"end":{"line":30,"column":18}},"15":{"start":{"line":34,"column":2},"end":{"line":92,"column":4}}},"fnMap":{"0":{"name":"(anonymous_0)","decl":{"start":{"line":5,"column":23},"end":{"line":5,"column":24}},"loc":{"start":{"line":5,"column":29},"end":{"line":93,"column":1}},"line":5},"1":{"name":"(anonymous_1)","decl":{"start":{"line":10,"column":12},"end":{"line":10,"column":13}},"loc":{"start":{"line":10,"column":18},"end":{"line":12,"column":3}},"line":10},"2":{"name":"(anonymous_2)","decl":{"start":{"line":14,"column":29},"end":{"line":14,"column":30}},"loc":{"start":{"line":14,"column":36},"end":{"line":23,"column":3}},"line":14},"3":{"name":"(anonymous_3)","decl":{"start":{"line":25,"column":23},"end":{"line":25,"column":24}},"loc":{"start":{"line":25,"column":29},"end":{"line":27,"column":3}},"line":25},"4":{"name":"(anonymous_4)","decl":{"start":{"line":29,"column":22},"end":{"line":29,"column":23}},"loc":{"start":{"line":29,"column":28},"end":{"line":32,"column":3}},"line":29}},"branchMap":{"0":{"loc":{"start":{"line":20,"column":4},"end":{"line":22,"column":5}},"type":"if","locations":[{"start":{"line":20,"column":4},"end":{"line":22,"column":5}},{"start":{},"end":{}}],"line":20},"1":{"loc":{"start":{"line":20,"column":8},"end":{"line":20,"column":41}},"type":"binary-expr","locations":[{"start":{"line":20,"column":8},"end":{"line":20,"column":24}},{"start":{"line":20,"column":28},"end":{"line":20,"column":41}}],"line":20},"2":{"loc":{"start":{"line":54,"column":7},"end":{"line":83,"column":7}},"type":"binary-expr","locations":[{"start":{"line":54,"column":7},"end":{"line":54,"column":20}},{"start":{"line":55,"column":8},"end":{"line":82,"column":11}}],"line":54}},"s":{"0":1,"1":54,"2":54,"3":54,"4":31,"5":54,"6":10,"7":10,"8":10,"9":10,"10":9,"11":54,"12":6,"13":54,"14":2,"15":54},"f":{"0":54,"1":31,"2":10,"3":6,"4":2},"b":{"0":[9,1],"1":[10,10],"2":[54,42]},"_coverageSchema":"1a1c01bbd47fc00a2c39e90264f33305004495a9","hash":"8a760982df3dbff11457724359b2ff7cc225f286"}
,"/opt/madmatch-dev/frontend/src/components/CartItem.js": {"path":"/opt/madmatch-dev/frontend/src/components/CartItem.js","statementMap":{"0":{"start":{"line":12,"column":17},"end":{"line":95,"column":1}},"1":{"start":{"line":13,"column":45},"end":{"line":13,"column":54}},"2":{"start":{"line":15,"column":26},"end":{"line":21,"column":31}},"3":{"start":{"line":16,"column":4},"end":{"line":16,"column":25}},"4":{"start":{"line":16,"column":18},"end":{"line":16,"column":25}},"5":{"start":{"line":17,"column":21},"end":{"line":17,"column":52}},"6":{"start":{"line":18,"column":4},"end":{"line":20,"column":5}},"7":{"start":{"line":19,"column":6},"end":{"line":19,"column":47}},"8":{"start":{"line":23,"column":26},"end":{"line":29,"column":31}},"9":{"start":{"line":24,"column":4},"end":{"line":24,"column":25}},"10":{"start":{"line":24,"column":18},"end":{"line":24,"column":25}},"11":{"start":{"line":25,"column":21},"end":{"line":25,"column":52}},"12":{"start":{"line":26,"column":4},"end":{"line":28,"column":5}},"13":{"start":{"line":27,"column":6},"end":{"line":27,"column":47}},"14":{"start":{"line":31,"column":23},"end":{"line":34,"column":31}},"15":{"start":{"line":32,"column":4},"end":{"line":32,"column":25}},"16":{"start":{"line":32,"column":18},"end":{"line":32,"column":25}},"17":{"start":{"line":33,"column":4},"end":{"line":33,"column":31}},"18":{"start":{"line":36,"column":2},"end":{"line":36,"column":28}},"19":{"start":{"line":36,"column":16},"end":{"line":36,"column":28}},"20":{"start":{"line":38,"column":19},"end":{"line":38,"column":35}},"21":{"start":{"line":39,"column":19},"end":{"line":39,"column":42}},"22":{"start":{"line":41,"column":19},"end":{"line":41,"column":49}},"23":{"start":{"line":42,"column":18},"end":{"line":42,"column":71}},"24":{"start":{"line":44,"column":2},"end":{"line":94,"column":4}}},"fnMap":{"0":{"name":"(anonymous_0)","decl":{"start":{"line":12,"column":17},"end":{"line":12,"column":18}},"loc":{"start":{"line":12,"column":34},"end":{"line":95,"column":1}},"line":12},"1":{"name":"(anonymous_1)","decl":{"start":{"line":15,"column":38},"end":{"line":15,"column":39}},"loc":{"start":{"line":15,"column":44},"end":{"line":21,"column":3}},"line":15},"2":{"name":"(anonymous_2)","decl":{"start":{"line":23,"column":38},"end":{"line":23,"column":39}},"loc":{"start":{"line":23,"column":44},"end":{"line":29,"column":3}},"line":23},"3":{"name":"(anonymous_3)","decl":{"start":{"line":31,"column":35},"end":{"line":31,"column":36}},"loc":{"start":{"line":31,"column":41},"end":{"line":34,"column":3}},"line":31}},"branchMap":{"0":{"loc":{"start":{"line":16,"column":4},"end":{"line":16,"column":25}},"type":"if","locations":[{"start":{"line":16,"column":4},"end":{"line":16,"column":25}},{"start":{},"end":{}}],"line":16},"1":{"loc":{"start":{"line":17,"column":21},"end":{"line":17,"column":52}},"type":"binary-expr","locations":[{"start":{"line":17,"column":21},"end":{"line":17,"column":47}},{"start":{"line":17,"column":51},"end":{"line":17,"column":52}}],"line":17},"2":{"loc":{"start":{"line":18,"column":4},"end":{"line":20,"column":5}},"type":"if","locations":[{"start":{"line":18,"column":4},"end":{"line":20,"column":5}},{"start":{},"end":{}}],"line":18},"3":{"loc":{"start":{"line":24,"column":4},"end":{"line":24,"column":25}},"type":"if","locations":[{"start":{"line":24,"column":4},"end":{"line":24,"column":25}},{"start":{},"end":{}}],"line":24},"4":{"loc":{"start":{"line":25,"column":21},"end":{"line":25,"column":52}},"type":"binary-expr","locations":[{"start":{"line":25,"column":21},"end":{"line":25,"column":47}},{"start":{"line":25,"column":51},"end":{"line":25,"column":52}}],"line":25},"5":{"loc":{"start":{"line":26,"column":4},"end":{"line":28,"column":5}},"type":"if","locations":[{"start":{"line":26,"column":4},"end":{"line":28,"column":5}},{"start":{},"end":{}}],"line":26},"6":{"loc":{"start":{"line":32,"column":4},"end":{"line":32,"column":25}},"type":"if","locations":[{"start":{"line":32,"column":4},"end":{"line":32,"column":25}},{"start":{},"end":{}}],"line":32},"7":{"loc":{"start":{"line":36,"column":2},"end":{"line":36,"column":28}},"type":"if","locations":[{"start":{"line":36,"column":2},"end":{"line":36,"column":28}},{"start":{},"end":{}}],"line":36},"8":{"loc":{"start":{"line":39,"column":19},"end":{"line":39,"column":42}},"type":"binary-expr","locations":[{"start":{"line":39,"column":19},"end":{"line":39,"column":37}},{"start":{"line":39,"column":41},"end":{"line":39,"column":42}}],"line":39},"9":{"loc":{"start":{"line":80,"column":11},"end":{"line":82,"column":11}},"type":"binary-expr","locations":[{"start":{"line":80,"column":11},"end":{"line":80,"column":22}},{"start":{"line":81,"column":12},"end":{"line":81,"column":80}}],"line":80}},"s":{"0":3,"1":40,"2":40,"3":1,"4":0,"5":1,"6":1,"7":1,"8":40,"9":1,"10":0,"11":1,"12":1,"13":1,"14":40,"15":1,"16":0,"17":1,"18":40,"19":2,"20":38,"21":38,"22":38,"23":38,"24":38},"f":{"0":40,"1":1,"2":1,"3":1},"b":{"0":[0,1],"1":[1,0],"2":[1,0],"3":[0,1],"4":[1,0],"5":[1,0],"6":[0,1],"7":[2,38],"8":[38,1],"9":[38,37]},"_coverageSchema":"1a1c01bbd47fc00a2c39e90264f33305004495a9","hash":"8ea2cbaeb352b7d333faa4fc2a9c6c363276a3af"}
,"/opt/madmatch-dev/frontend/src/components/ErrorBoundary.js": {"path":"/opt/madmatch-dev/frontend/src/components/ErrorBoundary.js","statementMap":{"0":{"start":{"line":10,"column":4},"end":{"line":10,"column":17}},"1":{"start":{"line":11,"column":4},"end":{"line":15,"column":6}},"2":{"start":{"line":20,"column":4},"end":{"line":20,"column":30}},"3":{"start":{"line":25,"column":4},"end":{"line":25,"column":70}},"4":{"start":{"line":27,"column":4},"end":{"line":30,"column":7}},"5":{"start":{"line":33,"column":16},"end":{"line":44,"column":3}},"6":{"start":{"line":34,"column":4},"end":{"line":38,"column":7}},"7":{"start":{"line":41,"column":4},"end":{"line":43,"column":5}},"8":{"start":{"line":42,"column":6},"end":{"line":42,"column":27}},"9":{"start":{"line":47,"column":4},"end":{"line":85,"column":5}},"10":{"start":{"line":49,"column":6},"end":{"line":84,"column":8}},"11":{"start":{"line":76,"column":31},"end":{"line":76,"column":57}},"12":{"start":{"line":87,"column":4},"end":{"line":87,"column":31}}},"fnMap":{"0":{"name":"(anonymous_0)","decl":{"start":{"line":9,"column":2},"end":{"line":9,"column":3}},"loc":{"start":{"line":9,"column":21},"end":{"line":16,"column":3}},"line":9},"1":{"name":"(anonymous_1)","decl":{"start":{"line":18,"column":2},"end":{"line":18,"column":3}},"loc":{"start":{"line":18,"column":41},"end":{"line":21,"column":3}},"line":18},"2":{"name":"(anonymous_2)","decl":{"start":{"line":23,"column":2},"end":{"line":23,"column":3}},"loc":{"start":{"line":23,"column":38},"end":{"line":31,"column":3}},"line":23},"3":{"name":"(anonymous_3)","decl":{"start":{"line":33,"column":16},"end":{"line":33,"column":17}},"loc":{"start":{"line":33,"column":22},"end":{"line":44,"column":3}},"line":33},"4":{"name":"(anonymous_4)","decl":{"start":{"line":46,"column":2},"end":{"line":46,"column":3}},"loc":{"start":{"line":46,"column":11},"end":{"line":88,"column":3}},"line":46},"5":{"name":"(anonymous_5)","decl":{"start":{"line":76,"column":25},"end":{"line":76,"column":26}},"loc":{"start":{"line":76,"column":31},"end":{"line":76,"column":57}},"line":76}},"branchMap":{"0":{"loc":{"start":{"line":41,"column":4},"end":{"line":43,"column":5}},"type":"if","locations":[{"start":{"line":41,"column":4},"end":{"line":43,"column":5}},{"start":{},"end":{}}],"line":41},"1":{"loc":{"start":{"line":47,"column":4},"end":{"line":85,"column":5}},"type":"if","locations":[{"start":{"line":47,"column":4},"end":{"line":85,"column":5}},{"start":{},"end":{}}],"line":47},"2":{"loc":{"start":{"line":58,"column":13},"end":{"line":66,"column":13}},"type":"binary-expr","locations":[{"start":{"line":58,"column":13},"end":{"line":58,"column":51}},{"start":{"line":58,"column":55},"end":{"line":58,"column":71}},{"start":{"line":59,"column":14},"end":{"line":65,"column":24}}],"line":58},"3":{"loc":{"start":{"line":63,"column":19},"end":{"line":63,"column":78}},"type":"binary-expr","locations":[{"start":{"line":63,"column":19},"end":{"line":63,"column":39}},{"start":{"line":63,"column":43},"end":{"line":63,"column":78}}],"line":63}},"s":{"0":22,"1":21,"2":22,"3":11,"4":11,"5":21,"6":2,"7":2,"8":1,"9":58,"10":33,"11":1,"12":25},"f":{"0":22,"1":22,"2":11,"3":2,"4":58,"5":1},"b":{"0":[1,1],"1":[33,25],"2":[33,3,1],"3":[1,1]},"_coverageSchema":"1a1c01bbd47fc00a2c39e90264f33305004495a9","hash":"76e58ec6ff9fbaa7842becae838190f63d71430a"}
,"/opt/madmatch-dev/frontend/src/components/FavoriteButton.js": {"path":"/opt/madmatch-dev/frontend/src/components/FavoriteButton.js","statementMap":{"0":{"start":{"line":12,"column":23},"end":{"line":43,"column":1}},"1":{"start":{"line":13,"column":54},"end":{"line":13,"column":68}},"2":{"start":{"line":14,"column":40},"end":{"line":14,"column":55}},"3":{"start":{"line":15,"column":20},"end":{"line":15,"column":41}},"4":{"start":{"line":17,"column":22},"end":{"line":30,"column":57}},"5":{"start":{"line":18,"column":4},"end":{"line":18,"column":23}},"6":{"start":{"line":19,"column":4},"end":{"line":19,"column":24}},"7":{"start":{"line":22,"column":4},"end":{"line":22,"column":25}},"8":{"start":{"line":23,"column":4},"end":{"line":23,"column":49}},"9":{"start":{"line":23,"column":21},"end":{"line":23,"column":42}},"10":{"start":{"line":25,"column":4},"end":{"line":29,"column":5}},"11":{"start":{"line":26,"column":6},"end":{"line":26,"column":32}},"12":{"start":{"line":28,"column":6},"end":{"line":28,"column":29}},"13":{"start":{"line":32,"column":2},"end":{"line":42,"column":4}}},"fnMap":{"0":{"name":"(anonymous_0)","decl":{"start":{"line":12,"column":23},"end":{"line":12,"column":24}},"loc":{"start":{"line":12,"column":42},"end":{"line":43,"column":1}},"line":12},"1":{"name":"(anonymous_1)","decl":{"start":{"line":17,"column":34},"end":{"line":17,"column":35}},"loc":{"start":{"line":17,"column":41},"end":{"line":30,"column":3}},"line":17},"2":{"name":"(anonymous_2)","decl":{"start":{"line":23,"column":15},"end":{"line":23,"column":16}},"loc":{"start":{"line":23,"column":21},"end":{"line":23,"column":42}},"line":23}},"branchMap":{"0":{"loc":{"start":{"line":25,"column":4},"end":{"line":29,"column":5}},"type":"if","locations":[{"start":{"line":25,"column":4},"end":{"line":29,"column":5}},{"start":{"line":27,"column":11},"end":{"line":29,"column":5}}],"line":25},"1":{"loc":{"start":{"line":34,"column":36},"end":{"line":34,"column":64}},"type":"cond-expr","locations":[{"start":{"line":34,"column":48},"end":{"line":34,"column":59}},{"start":{"line":34,"column":62},"end":{"line":34,"column":64}}],"line":34},"2":{"loc":{"start":{"line":34,"column":68},"end":{"line":34,"column":98}},"type":"cond-expr","locations":[{"start":{"line":34,"column":82},"end":{"line":34,"column":93}},{"start":{"line":34,"column":96},"end":{"line":34,"column":98}}],"line":34},"3":{"loc":{"start":{"line":36,"column":18},"end":{"line":36,"column":78}},"type":"cond-expr","locations":[{"start":{"line":36,"column":30},"end":{"line":36,"column":52}},{"start":{"line":36,"column":55},"end":{"line":36,"column":78}}],"line":36},"4":{"loc":{"start":{"line":38,"column":13},"end":{"line":38,"column":73}},"type":"cond-expr","locations":[{"start":{"line":38,"column":25},"end":{"line":38,"column":47}},{"start":{"line":38,"column":50},"end":{"line":38,"column":73}}],"line":38},"5":{"loc":{"start":{"line":40,"column":7},"end":{"line":40,"column":28}},"type":"cond-expr","locations":[{"start":{"line":40,"column":19},"end":{"line":40,"column":22}},{"start":{"line":40,"column":25},"end":{"line":40,"column":28}}],"line":40}},"s":{"0":3,"1":50,"2":50,"3":50,"4":50,"5":4,"6":4,"7":4,"8":4,"9":0,"10":4,"11":1,"12":3,"13":50},"f":{"0":50,"1":4,"2":0},"b":{"0":[1,3],"1":[5,45],"2":[4,46],"3":[5,45],"4":[5,45],"5":[5,45]},"_coverageSchema":"1a1c01bbd47fc00a2c39e90264f33305004495a9","hash":"8698cb007e7588fb0cce873a1bd59071375445ea"}
,"/opt/madmatch-dev/frontend/src/components/FilterBar.js": {"path":"/opt/madmatch-dev/frontend/src/components/FilterBar.js","statementMap":{"0":{"start":{"line":4,"column":18},"end":{"line":33,"column":1}},"1":{"start":{"line":10,"column":2},"end":{"line":32,"column":4}},"2":{"start":{"line":17,"column":27},"end":{"line":17,"column":56}},"3":{"start":{"line":21,"column":12},"end":{"line":21,"column":62}}},"fnMap":{"0":{"name":"(anonymous_0)","decl":{"start":{"line":4,"column":18},"end":{"line":4,"column":19}},"loc":{"start":{"line":9,"column":6},"end":{"line":33,"column":1}},"line":9},"1":{"name":"(anonymous_1)","decl":{"start":{"line":17,"column":20},"end":{"line":17,"column":21}},"loc":{"start":{"line":17,"column":27},"end":{"line":17,"column":56}},"line":17},"2":{"name":"(anonymous_2)","decl":{"start":{"line":20,"column":25},"end":{"line":20,"column":26}},"loc":{"start":{"line":21,"column":12},"end":{"line":21,"column":62}},"line":21}},"branchMap":{"0":{"loc":{"start":{"line":26,"column":7},"end":{"line":30,"column":7}},"type":"binary-expr","locations":[{"start":{"line":26,"column":7},"end":{"line":26,"column":20}},{"start":{"line":27,"column":8},"end":{"line":29,"column":17}}],"line":26}},"s":{"0":1,"1":1,"2":0,"3":0},"f":{"0":1,"1":0,"2":0},"b":{"0":[1,0]},"_coverageSchema":"1a1c01bbd47fc00a2c39e90264f33305004495a9","hash":"2797a2b49722e0d7819a0672fbb438ab9c8b20a3"}
,"/opt/madmatch-dev/frontend/src/components/LoadingSkeleton.js": {"path":"/opt/madmatch-dev/frontend/src/components/LoadingSkeleton.js","statementMap":{"0":{"start":{"line":8,"column":24},"end":{"line":85,"column":1}},"1":{"start":{"line":9,"column":2},"end":{"line":19,"column":3}},"2":{"start":{"line":10,"column":4},"end":{"line":18,"column":6}},"3":{"start":{"line":21,"column":2},"end":{"line":36,"column":3}},"4":{"start":{"line":22,"column":4},"end":{"line":35,"column":6}},"5":{"start":{"line":27,"column":12},"end":{"line":31,"column":18}},"6":{"start":{"line":38,"column":2},"end":{"line":47,"column":3}},"7":{"start":{"line":39,"column":4},"end":{"line":46,"column":6}},"8":{"start":{"line":50,"column":2},"end":{"line":84,"column":4}}},"fnMap":{"0":{"name":"(anonymous_0)","decl":{"start":{"line":8,"column":24},"end":{"line":8,"column":25}},"loc":{"start":{"line":8,"column":50},"end":{"line":85,"column":1}},"line":8},"1":{"name":"(anonymous_1)","decl":{"start":{"line":26,"column":25},"end":{"line":26,"column":26}},"loc":{"start":{"line":27,"column":12},"end":{"line":31,"column":18}},"line":27}},"branchMap":{"0":{"loc":{"start":{"line":8,"column":27},"end":{"line":8,"column":43}},"type":"default-arg","locations":[{"start":{"line":8,"column":34},"end":{"line":8,"column":43}}],"line":8},"1":{"loc":{"start":{"line":9,"column":2},"end":{"line":19,"column":3}},"type":"if","locations":[{"start":{"line":9,"column":2},"end":{"line":19,"column":3}},{"start":{},"end":{}}],"line":9},"2":{"loc":{"start":{"line":21,"column":2},"end":{"line":36,"column":3}},"type":"if","locations":[{"start":{"line":21,"column":2},"end":{"line":36,"column":3}},{"start":{},"end":{}}],"line":21},"3":{"loc":{"start":{"line":38,"column":2},"end":{"line":47,"column":3}},"type":"if","locations":[{"start":{"line":38,"column":2},"end":{"line":47,"column":3}},{"start":{},"end":{}}],"line":38}},"s":{"0":2,"1":9,"2":3,"3":6,"4":2,"5":6,"6":4,"7":2,"8":2},"f":{"0":9,"1":6},"b":{"0":[1],"1":[3,6],"2":[2,4],"3":[2,2]},"_coverageSchema":"1a1c01bbd47fc00a2c39e90264f33305004495a9","hash":"a39d38c2d4eb058587e6f2a9209b658ca29af334"}
,"/opt/madmatch-dev/frontend/src/components/NutritionCard.js": {"path":"/opt/madmatch-dev/frontend/src/components/NutritionCard.js","statementMap":{"0":{"start":{"line":9,"column":22},"end":{"line":101,"column":1}},"1":{"start":{"line":10,"column":2},"end":{"line":19,"column":3}},"2":{"start":{"line":11,"column":4},"end":{"line":18,"column":6}},"3":{"start":{"line":21,"column":2},"end":{"line":30,"column":3}},"4":{"start":{"line":22,"column":4},"end":{"line":29,"column":6}},"5":{"start":{"line":32,"column":25},"end":{"line":32,"column":34}},"6":{"start":{"line":37,"column":22},"end":{"line":42,"column":3}},"7":{"start":{"line":38,"column":4},"end":{"line":40,"column":5}},"8":{"start":{"line":39,"column":6},"end":{"line":39,"column":17}},"9":{"start":{"line":41,"column":4},"end":{"line":41,"column":56}},"10":{"start":{"line":47,"column":23},"end":{"line":62,"column":3}},"11":{"start":{"line":48,"column":17},"end":{"line":48,"column":47}},"12":{"start":{"line":49,"column":15},"end":{"line":49,"column":40}},"13":{"start":{"line":51,"column":4},"end":{"line":53,"column":5}},"14":{"start":{"line":52,"column":6},"end":{"line":52,"column":17}},"15":{"start":{"line":55,"column":21},"end":{"line":55,"column":59}},"16":{"start":{"line":56,"column":19},"end":{"line":56,"column":51}},"17":{"start":{"line":58,"column":4},"end":{"line":60,"column":5}},"18":{"start":{"line":59,"column":6},"end":{"line":59,"column":39}},"19":{"start":{"line":61,"column":4},"end":{"line":61,"column":30}},"20":{"start":{"line":64,"column":24},"end":{"line":73,"column":3}},"21":{"start":{"line":75,"column":2},"end":{"line":100,"column":4}},"22":{"start":{"line":83,"column":12},"end":{"line":89,"column":17}}},"fnMap":{"0":{"name":"(anonymous_0)","decl":{"start":{"line":9,"column":22},"end":{"line":9,"column":23}},"loc":{"start":{"line":9,"column":50},"end":{"line":101,"column":1}},"line":9},"1":{"name":"(anonymous_1)","decl":{"start":{"line":37,"column":22},"end":{"line":37,"column":23}},"loc":{"start":{"line":37,"column":59},"end":{"line":42,"column":3}},"line":37},"2":{"name":"(anonymous_2)","decl":{"start":{"line":47,"column":23},"end":{"line":47,"column":24}},"loc":{"start":{"line":47,"column":29},"end":{"line":62,"column":3}},"line":47},"3":{"name":"(anonymous_3)","decl":{"start":{"line":82,"column":29},"end":{"line":82,"column":30}},"loc":{"start":{"line":83,"column":12},"end":{"line":89,"column":17}},"line":83}},"branchMap":{"0":{"loc":{"start":{"line":10,"column":2},"end":{"line":19,"column":3}},"type":"if","locations":[{"start":{"line":10,"column":2},"end":{"line":19,"column":3}},{"start":{},"end":{}}],"line":10},"1":{"loc":{"start":{"line":21,"column":2},"end":{"line":30,"column":3}},"type":"if","locations":[{"start":{"line":21,"column":2},"end":{"line":30,"column":3}},{"start":{},"end":{}}],"line":21},"2":{"loc":{"start":{"line":21,"column":6},"end":{"line":21,"column":41}},"type":"binary-expr","locations":[{"start":{"line":21,"column":6},"end":{"line":21,"column":16}},{"start":{"line":21,"column":20},"end":{"line":21,"column":41}}],"line":21},"3":{"loc":{"start":{"line":37,"column":30},"end":{"line":37,"column":40}},"type":"default-arg","locations":[{"start":{"line":37,"column":37},"end":{"line":37,"column":40}}],"line":37},"4":{"loc":{"start":{"line":37,"column":42},"end":{"line":37,"column":54}},"type":"default-arg","locations":[{"start":{"line":37,"column":53},"end":{"line":37,"column":54}}],"line":37},"5":{"loc":{"start":{"line":38,"column":4},"end":{"line":40,"column":5}},"type":"if","locations":[{"start":{"line":38,"column":4},"end":{"line":40,"column":5}},{"start":{},"end":{}}],"line":38},"6":{"loc":{"start":{"line":38,"column":8},"end":{"line":38,"column":45}},"type":"binary-expr","locations":[{"start":{"line":38,"column":8},"end":{"line":38,"column":27}},{"start":{"line":38,"column":31},"end":{"line":38,"column":45}}],"line":38},"7":{"loc":{"start":{"line":51,"column":4},"end":{"line":53,"column":5}},"type":"if","locations":[{"start":{"line":51,"column":4},"end":{"line":53,"column":5}},{"start":{},"end":{}}],"line":51},"8":{"loc":{"start":{"line":51,"column":8},"end":{"line":51,"column":20}},"type":"binary-expr","locations":[{"start":{"line":51,"column":8},"end":{"line":51,"column":13}},{"start":{"line":51,"column":17},"end":{"line":51,"column":20}}],"line":51},"9":{"loc":{"start":{"line":55,"column":21},"end":{"line":55,"column":59}},"type":"cond-expr","locations":[{"start":{"line":55,"column":28},"end":{"line":55,"column":54}},{"start":{"line":55,"column":57},"end":{"line":55,"column":59}}],"line":55},"10":{"loc":{"start":{"line":56,"column":19},"end":{"line":56,"column":51}},"type":"cond-expr","locations":[{"start":{"line":56,"column":24},"end":{"line":56,"column":46}},{"start":{"line":56,"column":49},"end":{"line":56,"column":51}}],"line":56},"11":{"loc":{"start":{"line":58,"column":4},"end":{"line":60,"column":5}},"type":"if","locations":[{"start":{"line":58,"column":4},"end":{"line":60,"column":5}},{"start":{},"end":{}}],"line":58},"12":{"loc":{"start":{"line":58,"column":8},"end":{"line":58,"column":26}},"type":"binary-expr","locations":[{"start":{"line":58,"column":8},"end":{"line":58,"column":16}},{"start":{"line":58,"column":20},"end":{"line":58,"column":26}}],"line":58},"13":{"loc":{"start":{"line":61,"column":11},"end":{"line":61,"column":29}},"type":"binary-expr","locations":[{"start":{"line":61,"column":11},"end":{"line":61,"column":19}},{"start":{"line":61,"column":23},"end":{"line":61,"column":29}}],"line":61},"14":{"loc":{"start":{"line":85,"column":48},"end":{"line":85,"column":95}},"type":"cond-expr","locations":[{"start":{"line":85,"column":61},"end":{"line":85,"column":90}},{"start":{"line":85,"column":93},"end":{"line":85,"column":95}}],"line":85},"15":{"loc":{"start":{"line":94,"column":7},"end":{"line":98,"column":7}},"type":"binary-expr","locations":[{"start":{"line":94,"column":7},"end":{"line":94,"column":28}},{"start":{"line":95,"column":8},"end":{"line":97,"column":14}}],"line":94}},"s":{"0":2,"1":14,"2":1,"3":13,"4":2,"5":11,"6":11,"7":77,"8":39,"9":38,"10":11,"11":11,"12":11,"13":11,"14":1,"15":10,"16":10,"17":10,"18":6,"19":4,"20":11,"21":11,"22":88},"f":{"0":14,"1":77,"2":11,"3":88},"b":{"0":[1,13],"1":[2,11],"2":[13,12],"3":[77],"4":[77],"5":[39,38],"6":[77,38],"7":[1,10],"8":[11,2],"9":[9,1],"10":[7,3],"11":[6,4],"12":[10,9],"13":[4,1],"14":[22,66],"15":[11,8]},"_coverageSchema":"1a1c01bbd47fc00a2c39e90264f33305004495a9","hash":"6c5da1523bf69ba85345577bd3d85a57386470e9"}
,"/opt/madmatch-dev/frontend/src/components/RecipeSuggestions.js": {"path":"/opt/madmatch-dev/frontend/src/components/RecipeSuggestions.js","statementMap":{"0":{"start":{"line":8,"column":26},"end":{"line":108,"column":1}},"1":{"start":{"line":9,"column":2},"end":{"line":19,"column":3}},"2":{"start":{"line":10,"column":4},"end":{"line":18,"column":6}},"3":{"start":{"line":21,"column":2},"end":{"line":31,"column":3}},"4":{"start":{"line":22,"column":4},"end":{"line":30,"column":6}},"5":{"start":{"line":34,"column":29},"end":{"line":38,"column":3}},"6":{"start":{"line":35,"column":4},"end":{"line":35,"column":39}},"7":{"start":{"line":35,"column":26},"end":{"line":35,"column":39}},"8":{"start":{"line":36,"column":4},"end":{"line":36,"column":42}},"9":{"start":{"line":36,"column":26},"end":{"line":36,"column":42}},"10":{"start":{"line":37,"column":4},"end":{"line":37,"column":18}},"11":{"start":{"line":41,"column":25},"end":{"line":41,"column":44}},"12":{"start":{"line":43,"column":2},"end":{"line":107,"column":4}},"13":{"start":{"line":49,"column":10},"end":{"line":99,"column":15}}},"fnMap":{"0":{"name":"(anonymous_0)","decl":{"start":{"line":8,"column":26},"end":{"line":8,"column":27}},"loc":{"start":{"line":8,"column":52},"end":{"line":108,"column":1}},"line":8},"1":{"name":"(anonymous_1)","decl":{"start":{"line":34,"column":29},"end":{"line":34,"column":30}},"loc":{"start":{"line":34,"column":45},"end":{"line":38,"column":3}},"line":34},"2":{"name":"(anonymous_2)","decl":{"start":{"line":48,"column":28},"end":{"line":48,"column":29}},"loc":{"start":{"line":49,"column":10},"end":{"line":99,"column":15}},"line":49}},"branchMap":{"0":{"loc":{"start":{"line":9,"column":2},"end":{"line":19,"column":3}},"type":"if","locations":[{"start":{"line":9,"column":2},"end":{"line":19,"column":3}},{"start":{},"end":{}}],"line":9},"1":{"loc":{"start":{"line":21,"column":2},"end":{"line":31,"column":3}},"type":"if","locations":[{"start":{"line":21,"column":2},"end":{"line":31,"column":3}},{"start":{},"end":{}}],"line":21},"2":{"loc":{"start":{"line":21,"column":6},"end":{"line":21,"column":38}},"type":"binary-expr","locations":[{"start":{"line":21,"column":6},"end":{"line":21,"column":14}},{"start":{"line":21,"column":18},"end":{"line":21,"column":38}}],"line":21},"3":{"loc":{"start":{"line":35,"column":4},"end":{"line":35,"column":39}},"type":"if","locations":[{"start":{"line":35,"column":4},"end":{"line":35,"column":39}},{"start":{},"end":{}}],"line":35},"4":{"loc":{"start":{"line":36,"column":4},"end":{"line":36,"column":42}},"type":"if","locations":[{"start":{"line":36,"column":4},"end":{"line":36,"column":42}},{"start":{},"end":{}}],"line":36},"5":{"loc":{"start":{"line":57,"column":15},"end":{"line":66,"column":15}},"type":"binary-expr","locations":[{"start":{"line":57,"column":15},"end":{"line":57,"column":27}},{"start":{"line":58,"column":16},"end":{"line":65,"column":22}}],"line":57}},"s":{"0":2,"1":23,"2":3,"3":20,"4":5,"5":15,"6":123,"7":45,"8":78,"9":39,"10":39,"11":15,"12":15,"13":41},"f":{"0":23,"1":123,"2":41},"b":{"0":[3,20],"1":[5,15],"2":[20,18],"3":[45,78],"4":[39,39],"5":[41,40]},"_coverageSchema":"1a1c01bbd47fc00a2c39e90264f33305004495a9","hash":"6d46bfc1773ae88aee41e209fc468d7006e993b9"}
,"/opt/madmatch-dev/frontend/src/components/ShareButton.js": {"path":"/opt/madmatch-dev/frontend/src/components/ShareButton.js","statementMap":{"0":{"start":{"line":12,"column":20},"end":{"line":114,"column":1}},"1":{"start":{"line":13,"column":36},"end":{"line":13,"column":51}},"2":{"start":{"line":14,"column":36},"end":{"line":14,"column":51}},"3":{"start":{"line":15,"column":38},"end":{"line":15,"column":53}},"4":{"start":{"line":17,"column":26},"end":{"line":34,"column":3}},"5":{"start":{"line":18,"column":20},"end":{"line":18,"column":42}},"6":{"start":{"line":19,"column":23},"end":{"line":19,"column":54}},"7":{"start":{"line":21,"column":4},"end":{"line":33,"column":5}},"8":{"start":{"line":22,"column":6},"end":{"line":26,"column":8}},"9":{"start":{"line":28,"column":6},"end":{"line":32,"column":8}},"10":{"start":{"line":36,"column":22},"end":{"line":82,"column":3}},"11":{"start":{"line":37,"column":4},"end":{"line":37,"column":23}},"12":{"start":{"line":38,"column":4},"end":{"line":38,"column":25}},"13":{"start":{"line":40,"column":22},"end":{"line":40,"column":39}},"14":{"start":{"line":43,"column":4},"end":{"line":57,"column":5}},"15":{"start":{"line":44,"column":6},"end":{"line":56,"column":7}},"16":{"start":{"line":45,"column":8},"end":{"line":45,"column":41}},"17":{"start":{"line":46,"column":8},"end":{"line":46,"column":28}},"18":{"start":{"line":47,"column":8},"end":{"line":47,"column":15}},"19":{"start":{"line":50,"column":8},"end":{"line":50,"column":28}},"20":{"start":{"line":51,"column":8},"end":{"line":55,"column":9}},"21":{"start":{"line":54,"column":10},"end":{"line":54,"column":17}},"22":{"start":{"line":60,"column":4},"end":{"line":81,"column":5}},"23":{"start":{"line":61,"column":26},"end":{"line":61,"column":63}},"24":{"start":{"line":62,"column":6},"end":{"line":62,"column":55}},"25":{"start":{"line":63,"column":6},"end":{"line":63,"column":25}},"26":{"start":{"line":64,"column":6},"end":{"line":64,"column":26}},"27":{"start":{"line":67,"column":6},"end":{"line":69,"column":15}},"28":{"start":{"line":68,"column":8},"end":{"line":68,"column":28}},"29":{"start":{"line":71,"column":6},"end":{"line":71,"column":26}},"30":{"start":{"line":72,"column":6},"end":{"line":72,"column":26}},"31":{"start":{"line":75,"column":6},"end":{"line":77,"column":15}},"32":{"start":{"line":76,"column":8},"end":{"line":76,"column":29}},"33":{"start":{"line":80,"column":6},"end":{"line":80,"column":51}},"34":{"start":{"line":84,"column":2},"end":{"line":113,"column":4}}},"fnMap":{"0":{"name":"(anonymous_0)","decl":{"start":{"line":12,"column":20},"end":{"line":12,"column":21}},"loc":{"start":{"line":12,"column":52},"end":{"line":114,"column":1}},"line":12},"1":{"name":"(anonymous_1)","decl":{"start":{"line":17,"column":26},"end":{"line":17,"column":27}},"loc":{"start":{"line":17,"column":32},"end":{"line":34,"column":3}},"line":17},"2":{"name":"(anonymous_2)","decl":{"start":{"line":36,"column":22},"end":{"line":36,"column":23}},"loc":{"start":{"line":36,"column":34},"end":{"line":82,"column":3}},"line":36},"3":{"name":"(anonymous_3)","decl":{"start":{"line":67,"column":17},"end":{"line":67,"column":18}},"loc":{"start":{"line":67,"column":23},"end":{"line":69,"column":7}},"line":67},"4":{"name":"(anonymous_4)","decl":{"start":{"line":75,"column":17},"end":{"line":75,"column":18}},"loc":{"start":{"line":75,"column":23},"end":{"line":77,"column":7}},"line":75}},"branchMap":{"0":{"loc":{"start":{"line":12,"column":29},"end":{"line":12,"column":45}},"type":"default-arg","locations":[{"start":{"line":12,"column":36},"end":{"line":12,"column":45}}],"line":12},"1":{"loc":{"start":{"line":21,"column":4},"end":{"line":33,"column":5}},"type":"if","locations":[{"start":{"line":21,"column":4},"end":{"line":33,"column":5}},{"start":{"line":27,"column":11},"end":{"line":33,"column":5}}],"line":21},"2":{"loc":{"start":{"line":43,"column":4},"end":{"line":57,"column":5}},"type":"if","locations":[{"start":{"line":43,"column":4},"end":{"line":57,"column":5}},{"start":{},"end":{}}],"line":43},"3":{"loc":{"start":{"line":43,"column":8},"end":{"line":43,"column":78}},"type":"binary-expr","locations":[{"start":{"line":43,"column":8},"end":{"line":43,"column":23}},{"start":{"line":43,"column":27},"end":{"line":43,"column":45}},{"start":{"line":43,"column":49},"end":{"line":43,"column":78}}],"line":43},"4":{"loc":{"start":{"line":51,"column":8},"end":{"line":55,"column":9}},"type":"if","locations":[{"start":{"line":51,"column":8},"end":{"line":55,"column":9}},{"start":{"line":53,"column":15},"end":{"line":55,"column":9}}],"line":51},"5":{"loc":{"start":{"line":88,"column":35},"end":{"line":88,"column":61}},"type":"cond-expr","locations":[{"start":{"line":88,"column":47},"end":{"line":88,"column":56}},{"start":{"line":88,"column":59},"end":{"line":88,"column":61}}],"line":88},"6":{"loc":{"start":{"line":94,"column":11},"end":{"line":94,"column":33}},"type":"cond-expr","locations":[{"start":{"line":94,"column":23},"end":{"line":94,"column":26}},{"start":{"line":94,"column":29},"end":{"line":94,"column":33}}],"line":94},"7":{"loc":{"start":{"line":96,"column":38},"end":{"line":96,"column":68}},"type":"cond-expr","locations":[{"start":{"line":96,"column":50},"end":{"line":96,"column":60}},{"start":{"line":96,"column":63},"end":{"line":96,"column":68}}],"line":96},"8":{"loc":{"start":{"line":99,"column":7},"end":{"line":104,"column":7}},"type":"binary-expr","locations":[{"start":{"line":99,"column":7},"end":{"line":99,"column":16}},{"start":{"line":100,"column":8},"end":{"line":103,"column":14}}],"line":99},"9":{"loc":{"start":{"line":106,"column":7},"end":{"line":111,"column":7}},"type":"binary-expr","locations":[{"start":{"line":106,"column":7},"end":{"line":106,"column":17}},{"start":{"line":107,"column":8},"end":{"line":110,"column":14}}],"line":106}},"s":{"0":2,"1":37,"2":37,"3":37,"4":37,"5":14,"6":14,"7":14,"8":3,"9":11,"10":37,"11":14,"12":14,"13":14,"14":14,"15":5,"16":5,"17":3,"18":3,"19":2,"20":2,"21":1,"22":10,"23":10,"24":10,"25":9,"26":9,"27":9,"28":1,"29":1,"30":1,"31":1,"32":0,"33":1,"34":37},"f":{"0":37,"1":14,"2":14,"3":1,"4":0},"b":{"0":[2],"1":[3,11],"2":[5,9],"3":[14,5,5],"4":[1,1],"5":[14,23],"6":[14,23],"7":[14,23],"8":[37,4],"9":[37,1]},"_coverageSchema":"1a1c01bbd47fc00a2c39e90264f33305004495a9","hash":"701b1fe09db17617e331378eda95ecf500a78588"}
,"/opt/madmatch-dev/frontend/src/components/SustainabilityCard.js": {"path":"/opt/madmatch-dev/frontend/src/components/SustainabilityCard.js","statementMap":{"0":{"start":{"line":8,"column":27},"end":{"line":119,"column":1}},"1":{"start":{"line":10,"column":2},"end":{"line":21,"column":3}},"2":{"start":{"line":11,"column":4},"end":{"line":20,"column":6}},"3":{"start":{"line":24,"column":2},"end":{"line":35,"column":3}},"4":{"start":{"line":25,"column":4},"end":{"line":34,"column":6}},"5":{"start":{"line":37,"column":68},"end":{"line":37,"column":72}},"6":{"start":{"line":40,"column":27},"end":{"line":43,"column":3}},"7":{"start":{"line":41,"column":4},"end":{"line":41,"column":26}},"8":{"start":{"line":41,"column":16},"end":{"line":41,"column":26}},"9":{"start":{"line":42,"column":4},"end":{"line":42,"column":46}},"10":{"start":{"line":46,"column":33},"end":{"line":55,"column":3}},"11":{"start":{"line":47,"column":25},"end":{"line":53,"column":5}},"12":{"start":{"line":54,"column":4},"end":{"line":54,"column":74}},"13":{"start":{"line":57,"column":2},"end":{"line":118,"column":4}}},"fnMap":{"0":{"name":"(anonymous_0)","decl":{"start":{"line":8,"column":27},"end":{"line":8,"column":28}},"loc":{"start":{"line":8,"column":50},"end":{"line":119,"column":1}},"line":8},"1":{"name":"(anonymous_1)","decl":{"start":{"line":40,"column":27},"end":{"line":40,"column":28}},"loc":{"start":{"line":40,"column":38},"end":{"line":43,"column":3}},"line":40},"2":{"name":"(anonymous_2)","decl":{"start":{"line":46,"column":33},"end":{"line":46,"column":34}},"loc":{"start":{"line":46,"column":44},"end":{"line":55,"column":3}},"line":46}},"branchMap":{"0":{"loc":{"start":{"line":10,"column":2},"end":{"line":21,"column":3}},"type":"if","locations":[{"start":{"line":10,"column":2},"end":{"line":21,"column":3}},{"start":{},"end":{}}],"line":10},"1":{"loc":{"start":{"line":24,"column":2},"end":{"line":35,"column":3}},"type":"if","locations":[{"start":{"line":24,"column":2},"end":{"line":35,"column":3}},{"start":{},"end":{}}],"line":24},"2":{"loc":{"start":{"line":24,"column":6},"end":{"line":24,"column":25}},"type":"binary-expr","locations":[{"start":{"line":24,"column":6},"end":{"line":24,"column":11}},{"start":{"line":24,"column":15},"end":{"line":24,"column":25}}],"line":24},"3":{"loc":{"start":{"line":41,"column":4},"end":{"line":41,"column":26}},"type":"if","locations":[{"start":{"line":41,"column":4},"end":{"line":41,"column":26}},{"start":{},"end":{}}],"line":41},"4":{"loc":{"start":{"line":54,"column":11},"end":{"line":54,"column":73}},"type":"binary-expr","locations":[{"start":{"line":54,"column":11},"end":{"line":54,"column":45}},{"start":{"line":54,"column":49},"end":{"line":54,"column":73}}],"line":54},"5":{"loc":{"start":{"line":64,"column":7},"end":{"line":71,"column":7}},"type":"binary-expr","locations":[{"start":{"line":64,"column":7},"end":{"line":64,"column":15}},{"start":{"line":65,"column":8},"end":{"line":70,"column":14}}],"line":64},"6":{"loc":{"start":{"line":74,"column":7},"end":{"line":79,"column":7}},"type":"binary-expr","locations":[{"start":{"line":74,"column":7},"end":{"line":74,"column":22}},{"start":{"line":75,"column":8},"end":{"line":78,"column":14}}],"line":74},"7":{"loc":{"start":{"line":82,"column":7},"end":{"line":109,"column":7}},"type":"binary-expr","locations":[{"start":{"line":82,"column":7},"end":{"line":82,"column":21}},{"start":{"line":83,"column":8},"end":{"line":108,"column":14}}],"line":82},"8":{"loc":{"start":{"line":84,"column":11},"end":{"line":89,"column":11}},"type":"binary-expr","locations":[{"start":{"line":84,"column":11},"end":{"line":84,"column":33}},{"start":{"line":85,"column":12},"end":{"line":88,"column":18}}],"line":84},"9":{"loc":{"start":{"line":90,"column":11},"end":{"line":95,"column":11}},"type":"binary-expr","locations":[{"start":{"line":90,"column":11},"end":{"line":90,"column":35}},{"start":{"line":91,"column":12},"end":{"line":94,"column":18}}],"line":90},"10":{"loc":{"start":{"line":96,"column":11},"end":{"line":101,"column":11}},"type":"binary-expr","locations":[{"start":{"line":96,"column":11},"end":{"line":96,"column":31}},{"start":{"line":97,"column":12},"end":{"line":100,"column":18}}],"line":96},"11":{"loc":{"start":{"line":102,"column":11},"end":{"line":107,"column":11}},"type":"binary-expr","locations":[{"start":{"line":102,"column":11},"end":{"line":102,"column":45}},{"start":{"line":103,"column":12},"end":{"line":106,"column":18}}],"line":102},"12":{"loc":{"start":{"line":112,"column":7},"end":{"line":116,"column":7}},"type":"binary-expr","locations":[{"start":{"line":112,"column":7},"end":{"line":112,"column":17}},{"start":{"line":113,"column":8},"end":{"line":115,"column":14}}],"line":112},"13":{"loc":{"start":{"line":114,"column":27},"end":{"line":114,"column":87}},"type":"cond-expr","locations":[{"start":{"line":114,"column":53},"end":{"line":114,"column":67}},{"start":{"line":114,"column":70},"end":{"line":114,"column":87}}],"line":114}},"s":{"0":2,"1":21,"2":0,"3":21,"4":2,"5":19,"6":19,"7":10,"8":0,"9":10,"10":19,"11":10,"12":10,"13":19},"f":{"0":21,"1":10,"2":10},"b":{"0":[0,21],"1":[2,19],"2":[21,20],"3":[0,10],"4":[10,0],"5":[19,10],"6":[19,4],"7":[19,7],"8":[7,4],"9":[7,3],"10":[7,3],"11":[7,4],"12":[19,18],"13":[17,1]},"_coverageSchema":"1a1c01bbd47fc00a2c39e90264f33305004495a9","hash":"4a309d29e0fafc23f0c73c01ed0fca497a6e542c"}
,"/opt/madmatch-dev/frontend/src/components/TilbudCard.js": {"path":"/opt/madmatch-dev/frontend/src/components/TilbudCard.js","statementMap":{"0":{"start":{"line":8,"column":19},"end":{"line":41,"column":1}},"1":{"start":{"line":9,"column":2},"end":{"line":40,"column":4}}},"fnMap":{"0":{"name":"(anonymous_0)","decl":{"start":{"line":8,"column":19},"end":{"line":8,"column":20}},"loc":{"start":{"line":8,"column":35},"end":{"line":41,"column":1}},"line":8}},"branchMap":{},"s":{"0":2,"1":7},"f":{"0":7},"b":{},"_coverageSchema":"1a1c01bbd47fc00a2c39e90264f33305004495a9","hash":"3bb7594a0935b53fffb67a0c101a74def242a325"}
,"/opt/madmatch-dev/frontend/src/contexts/BudgetContext.js": {"path":"/opt/madmatch-dev/frontend/src/contexts/BudgetContext.js","statementMap":{"0":{"start":{"line":4,"column":22},"end":{"line":4,"column":37}},"1":{"start":{"line":6,"column":20},"end":{"line":6,"column":37}},"2":{"start":{"line":7,"column":28},"end":{"line":7,"column":35}},"3":{"start":{"line":9,"column":25},"end":{"line":15,"column":1}},"4":{"start":{"line":10,"column":18},"end":{"line":10,"column":43}},"5":{"start":{"line":11,"column":2},"end":{"line":13,"column":3}},"6":{"start":{"line":12,"column":4},"end":{"line":12,"column":70}},"7":{"start":{"line":14,"column":2},"end":{"line":14,"column":17}},"8":{"start":{"line":21,"column":30},"end":{"line":60,"column":1}},"9":{"start":{"line":22,"column":2},"end":{"line":58,"column":3}},"10":{"start":{"line":23,"column":19},"end":{"line":23,"column":47}},"11":{"start":{"line":24,"column":4},"end":{"line":55,"column":5}},"12":{"start":{"line":25,"column":19},"end":{"line":25,"column":37}},"13":{"start":{"line":28,"column":6},"end":{"line":52,"column":7}},"14":{"start":{"line":30,"column":26},"end":{"line":30,"column":45}},"15":{"start":{"line":31,"column":28},"end":{"line":31,"column":88}},"16":{"start":{"line":33,"column":8},"end":{"line":35,"column":9}},"17":{"start":{"line":34,"column":10},"end":{"line":34,"column":95}},"18":{"start":{"line":38,"column":29},"end":{"line":38,"column":84}},"19":{"start":{"line":40,"column":8},"end":{"line":42,"column":9}},"20":{"start":{"line":41,"column":10},"end":{"line":41,"column":98}},"21":{"start":{"line":44,"column":8},"end":{"line":44,"column":123}},"22":{"start":{"line":45,"column":8},"end":{"line":48,"column":10}},"23":{"start":{"line":50,"column":8},"end":{"line":50,"column":80}},"24":{"start":{"line":51,"column":8},"end":{"line":51,"column":40}},"25":{"start":{"line":54,"column":6},"end":{"line":54,"column":87}},"26":{"start":{"line":57,"column":4},"end":{"line":57,"column":80}},"27":{"start":{"line":59,"column":2},"end":{"line":59,"column":38}},"28":{"start":{"line":62,"column":30},"end":{"line":175,"column":1}},"29":{"start":{"line":64,"column":23},"end":{"line":64,"column":46}},"30":{"start":{"line":65,"column":35},"end":{"line":65,"column":64}},"31":{"start":{"line":66,"column":32},"end":{"line":66,"column":62}},"32":{"start":{"line":67,"column":46},"end":{"line":67,"column":60}},"33":{"start":{"line":70,"column":23},"end":{"line":70,"column":35}},"34":{"start":{"line":73,"column":2},"end":{"line":81,"column":9}},"35":{"start":{"line":74,"column":19},"end":{"line":74,"column":45}},"36":{"start":{"line":75,"column":4},"end":{"line":75,"column":59}},"37":{"start":{"line":77,"column":4},"end":{"line":80,"column":5}},"38":{"start":{"line":78,"column":6},"end":{"line":78,"column":81}},"39":{"start":{"line":79,"column":6},"end":{"line":79,"column":79}},"40":{"start":{"line":84,"column":2},"end":{"line":123,"column":24}},"41":{"start":{"line":86,"column":4},"end":{"line":90,"column":5}},"42":{"start":{"line":87,"column":6},"end":{"line":87,"column":35}},"43":{"start":{"line":88,"column":6},"end":{"line":88,"column":92}},"44":{"start":{"line":89,"column":6},"end":{"line":89,"column":13}},"45":{"start":{"line":92,"column":23},"end":{"line":120,"column":5}},"46":{"start":{"line":93,"column":6},"end":{"line":119,"column":7}},"47":{"start":{"line":94,"column":21},"end":{"line":99,"column":9}},"48":{"start":{"line":101,"column":23},"end":{"line":101,"column":63}},"49":{"start":{"line":103,"column":8},"end":{"line":115,"column":9}},"50":{"start":{"line":104,"column":10},"end":{"line":104,"column":95}},"51":{"start":{"line":107,"column":10},"end":{"line":111,"column":11}},"52":{"start":{"line":108,"column":12},"end":{"line":108,"column":46}},"53":{"start":{"line":110,"column":12},"end":{"line":110,"column":36}},"54":{"start":{"line":113,"column":10},"end":{"line":113,"column":80}},"55":{"start":{"line":114,"column":10},"end":{"line":114,"column":72}},"56":{"start":{"line":117,"column":8},"end":{"line":117,"column":82}},"57":{"start":{"line":118,"column":8},"end":{"line":118,"column":70}},"58":{"start":{"line":122,"column":4},"end":{"line":122,"column":17}},"59":{"start":{"line":125,"column":20},"end":{"line":129,"column":3}},"60":{"start":{"line":126,"column":24},"end":{"line":126,"column":56}},"61":{"start":{"line":127,"column":4},"end":{"line":127,"column":64}},"62":{"start":{"line":128,"column":4},"end":{"line":128,"column":32}},"63":{"start":{"line":131,"column":23},"end":{"line":134,"column":3}},"64":{"start":{"line":132,"column":4},"end":{"line":132,"column":62}},"65":{"start":{"line":133,"column":4},"end":{"line":133,"column":30}},"66":{"start":{"line":133,"column":23},"end":{"line":133,"column":28}},"67":{"start":{"line":136,"column":22},"end":{"line":140,"column":3}},"68":{"start":{"line":137,"column":4},"end":{"line":137,"column":52}},"69":{"start":{"line":138,"column":4},"end":{"line":138,"column":22}},"70":{"start":{"line":139,"column":4},"end":{"line":139,"column":22}},"71":{"start":{"line":147,"column":33},"end":{"line":157,"column":3}},"72":{"start":{"line":148,"column":22},"end":{"line":148,"column":40}},"73":{"start":{"line":149,"column":21},"end":{"line":149,"column":53}},"74":{"start":{"line":150,"column":24},"end":{"line":150,"column":82}},"75":{"start":{"line":152,"column":4},"end":{"line":156,"column":6}},"76":{"start":{"line":159,"column":16},"end":{"line":168,"column":3}},"77":{"start":{"line":170,"column":2},"end":{"line":174,"column":4}}},"fnMap":{"0":{"name":"(anonymous_0)","decl":{"start":{"line":9,"column":25},"end":{"line":9,"column":26}},"loc":{"start":{"line":9,"column":31},"end":{"line":15,"column":1}},"line":9},"1":{"name":"(anonymous_1)","decl":{"start":{"line":21,"column":30},"end":{"line":21,"column":31}},"loc":{"start":{"line":21,"column":36},"end":{"line":60,"column":1}},"line":21},"2":{"name":"(anonymous_2)","decl":{"start":{"line":62,"column":30},"end":{"line":62,"column":31}},"loc":{"start":{"line":62,"column":48},"end":{"line":175,"column":1}},"line":62},"3":{"name":"(anonymous_3)","decl":{"start":{"line":73,"column":12},"end":{"line":73,"column":13}},"loc":{"start":{"line":73,"column":18},"end":{"line":81,"column":3}},"line":73},"4":{"name":"(anonymous_4)","decl":{"start":{"line":84,"column":12},"end":{"line":84,"column":13}},"loc":{"start":{"line":84,"column":18},"end":{"line":123,"column":3}},"line":84},"5":{"name":"(anonymous_5)","decl":{"start":{"line":92,"column":23},"end":{"line":92,"column":24}},"loc":{"start":{"line":92,"column":35},"end":{"line":120,"column":5}},"line":92},"6":{"name":"(anonymous_6)","decl":{"start":{"line":125,"column":20},"end":{"line":125,"column":21}},"loc":{"start":{"line":125,"column":32},"end":{"line":129,"column":3}},"line":125},"7":{"name":"(anonymous_7)","decl":{"start":{"line":131,"column":23},"end":{"line":131,"column":24}},"loc":{"start":{"line":131,"column":29},"end":{"line":134,"column":3}},"line":131},"8":{"name":"(anonymous_8)","decl":{"start":{"line":133,"column":15},"end":{"line":133,"column":16}},"loc":{"start":{"line":133,"column":23},"end":{"line":133,"column":28}},"line":133},"9":{"name":"(anonymous_9)","decl":{"start":{"line":136,"column":22},"end":{"line":136,"column":23}},"loc":{"start":{"line":136,"column":28},"end":{"line":140,"column":3}},"line":136},"10":{"name":"(anonymous_10)","decl":{"start":{"line":147,"column":33},"end":{"line":147,"column":34}},"loc":{"start":{"line":147,"column":52},"end":{"line":157,"column":3}},"line":147}},"branchMap":{"0":{"loc":{"start":{"line":11,"column":2},"end":{"line":13,"column":3}},"type":"if","locations":[{"start":{"line":11,"column":2},"end":{"line":13,"column":3}},{"start":{},"end":{}}],"line":11},"1":{"loc":{"start":{"line":24,"column":4},"end":{"line":55,"column":5}},"type":"if","locations":[{"start":{"line":24,"column":4},"end":{"line":55,"column":5}},{"start":{"line":53,"column":11},"end":{"line":55,"column":5}}],"line":24},"2":{"loc":{"start":{"line":28,"column":6},"end":{"line":52,"column":7}},"type":"if","locations":[{"start":{"line":28,"column":6},"end":{"line":52,"column":7}},{"start":{"line":49,"column":13},"end":{"line":52,"column":7}}],"line":28},"3":{"loc":{"start":{"line":31,"column":28},"end":{"line":31,"column":88}},"type":"cond-expr","locations":[{"start":{"line":31,"column":75},"end":{"line":31,"column":84}},{"start":{"line":31,"column":87},"end":{"line":31,"column":88}}],"line":31},"4":{"loc":{"start":{"line":31,"column":28},"end":{"line":31,"column":72}},"type":"binary-expr","locations":[{"start":{"line":31,"column":28},"end":{"line":31,"column":54}},{"start":{"line":31,"column":58},"end":{"line":31,"column":72}}],"line":31},"5":{"loc":{"start":{"line":33,"column":8},"end":{"line":35,"column":9}},"type":"if","locations":[{"start":{"line":33,"column":8},"end":{"line":35,"column":9}},{"start":{},"end":{}}],"line":33},"6":{"loc":{"start":{"line":38,"column":29},"end":{"line":38,"column":84}},"type":"cond-expr","locations":[{"start":{"line":38,"column":65},"end":{"line":38,"column":77}},{"start":{"line":38,"column":80},"end":{"line":38,"column":84}}],"line":38},"7":{"loc":{"start":{"line":40,"column":8},"end":{"line":42,"column":9}},"type":"if","locations":[{"start":{"line":40,"column":8},"end":{"line":42,"column":9}},{"start":{},"end":{}}],"line":40},"8":{"loc":{"start":{"line":77,"column":4},"end":{"line":80,"column":5}},"type":"if","locations":[{"start":{"line":77,"column":4},"end":{"line":80,"column":5}},{"start":{},"end":{}}],"line":77},"9":{"loc":{"start":{"line":86,"column":4},"end":{"line":90,"column":5}},"type":"if","locations":[{"start":{"line":86,"column":4},"end":{"line":90,"column":5}},{"start":{},"end":{}}],"line":86},"10":{"loc":{"start":{"line":103,"column":8},"end":{"line":115,"column":9}},"type":"if","locations":[{"start":{"line":103,"column":8},"end":{"line":115,"column":9}},{"start":{"line":112,"column":15},"end":{"line":115,"column":9}}],"line":103},"11":{"loc":{"start":{"line":107,"column":10},"end":{"line":111,"column":11}},"type":"if","locations":[{"start":{"line":107,"column":10},"end":{"line":111,"column":11}},{"start":{"line":109,"column":17},"end":{"line":111,"column":11}}],"line":107},"12":{"loc":{"start":{"line":107,"column":14},"end":{"line":107,"column":65}},"type":"binary-expr","locations":[{"start":{"line":107,"column":14},"end":{"line":107,"column":28}},{"start":{"line":107,"column":32},"end":{"line":107,"column":65}}],"line":107},"13":{"loc":{"start":{"line":126,"column":36},"end":{"line":126,"column":55}},"type":"binary-expr","locations":[{"start":{"line":126,"column":36},"end":{"line":126,"column":50}},{"start":{"line":126,"column":54},"end":{"line":126,"column":55}}],"line":126},"14":{"loc":{"start":{"line":147,"column":34},"end":{"line":147,"column":47}},"type":"default-arg","locations":[{"start":{"line":147,"column":46},"end":{"line":147,"column":47}}],"line":147},"15":{"loc":{"start":{"line":149,"column":21},"end":{"line":149,"column":53}},"type":"binary-expr","locations":[{"start":{"line":149,"column":21},"end":{"line":149,"column":39}},{"start":{"line":149,"column":43},"end":{"line":149,"column":53}}],"line":149},"16":{"loc":{"start":{"line":150,"column":24},"end":{"line":150,"column":82}},"type":"cond-expr","locations":[{"start":{"line":150,"column":37},"end":{"line":150,"column":78}},{"start":{"line":150,"column":81},"end":{"line":150,"column":82}}],"line":150}},"s":{"0":6,"1":6,"2":6,"3":6,"4":292,"5":290,"6":4,"7":286,"8":6,"9":170,"10":170,"11":170,"12":53,"13":53,"14":52,"15":52,"16":52,"17":2,"18":52,"19":52,"20":2,"21":52,"22":52,"23":1,"24":1,"25":117,"26":0,"27":118,"28":6,"29":170,"30":170,"31":170,"32":170,"33":170,"34":170,"35":129,"36":129,"37":129,"38":0,"39":0,"40":170,"41":166,"42":129,"43":129,"44":129,"45":37,"46":37,"47":37,"48":37,"49":37,"50":37,"51":37,"52":0,"53":37,"54":0,"55":0,"56":0,"57":0,"58":37,"59":170,"60":25,"61":25,"62":25,"63":170,"64":13,"65":13,"66":13,"67":170,"68":3,"69":3,"70":3,"71":170,"72":98,"73":98,"74":98,"75":98,"76":170,"77":170},"f":{"0":292,"1":170,"2":170,"3":129,"4":166,"5":37,"6":25,"7":13,"8":13,"9":3,"10":98},"b":{"0":[4,286],"1":[53,117],"2":[52,1],"3":[50,2],"4":[52,50],"5":[2,50],"6":[50,2],"7":[2,50],"8":[0,129],"9":[129,37],"10":[37,0],"11":[0,37],"12":[37,0],"13":[25,2],"14":[2],"15":[98,28],"16":[48,50]},"_coverageSchema":"1a1c01bbd47fc00a2c39e90264f33305004495a9","hash":"4b5d3bf405f6a2f831517a9a8b13f247d52982df"}
,"/opt/madmatch-dev/frontend/src/contexts/CartContext.js": {"path":"/opt/madmatch-dev/frontend/src/contexts/CartContext.js","statementMap":{"0":{"start":{"line":4,"column":20},"end":{"line":4,"column":35}},"1":{"start":{"line":6,"column":20},"end":{"line":6,"column":35}},"2":{"start":{"line":7,"column":28},"end":{"line":7,"column":35}},"3":{"start":{"line":9,"column":23},"end":{"line":15,"column":1}},"4":{"start":{"line":10,"column":18},"end":{"line":10,"column":41}},"5":{"start":{"line":11,"column":2},"end":{"line":13,"column":3}},"6":{"start":{"line":12,"column":4},"end":{"line":12,"column":66}},"7":{"start":{"line":14,"column":2},"end":{"line":14,"column":17}},"8":{"start":{"line":21,"column":23},"end":{"line":82,"column":1}},"9":{"start":{"line":22,"column":2},"end":{"line":80,"column":3}},"10":{"start":{"line":23,"column":19},"end":{"line":23,"column":47}},"11":{"start":{"line":24,"column":4},"end":{"line":77,"column":5}},"12":{"start":{"line":25,"column":19},"end":{"line":25,"column":37}},"13":{"start":{"line":28,"column":6},"end":{"line":74,"column":7}},"14":{"start":{"line":29,"column":8},"end":{"line":70,"column":9}},"15":{"start":{"line":31,"column":28},"end":{"line":60,"column":12}},"16":{"start":{"line":33,"column":12},"end":{"line":36,"column":13}},"17":{"start":{"line":34,"column":14},"end":{"line":34,"column":90}},"18":{"start":{"line":35,"column":14},"end":{"line":35,"column":27}},"19":{"start":{"line":39,"column":12},"end":{"line":42,"column":13}},"20":{"start":{"line":40,"column":14},"end":{"line":40,"column":92}},"21":{"start":{"line":41,"column":14},"end":{"line":41,"column":27}},"22":{"start":{"line":45,"column":29},"end":{"line":45,"column":50}},"23":{"start":{"line":46,"column":12},"end":{"line":49,"column":13}},"24":{"start":{"line":47,"column":14},"end":{"line":47,"column":96}},"25":{"start":{"line":48,"column":14},"end":{"line":48,"column":27}},"26":{"start":{"line":52,"column":12},"end":{"line":57,"column":13}},"27":{"start":{"line":53,"column":14},"end":{"line":56,"column":15}},"28":{"start":{"line":54,"column":16},"end":{"line":54,"column":111}},"29":{"start":{"line":55,"column":16},"end":{"line":55,"column":44}},"30":{"start":{"line":59,"column":12},"end":{"line":59,"column":24}},"31":{"start":{"line":62,"column":10},"end":{"line":64,"column":11}},"32":{"start":{"line":63,"column":12},"end":{"line":63,"column":83}},"33":{"start":{"line":66,"column":10},"end":{"line":66,"column":100}},"34":{"start":{"line":67,"column":10},"end":{"line":67,"column":27}},"35":{"start":{"line":69,"column":10},"end":{"line":69,"column":87}},"36":{"start":{"line":72,"column":8},"end":{"line":72,"column":77}},"37":{"start":{"line":73,"column":8},"end":{"line":73,"column":40}},"38":{"start":{"line":76,"column":6},"end":{"line":76,"column":85}},"39":{"start":{"line":79,"column":4},"end":{"line":79,"column":76}},"40":{"start":{"line":81,"column":2},"end":{"line":81,"column":12}},"41":{"start":{"line":84,"column":28},"end":{"line":226,"column":1}},"42":{"start":{"line":86,"column":26},"end":{"line":86,"column":50}},"43":{"start":{"line":87,"column":46},"end":{"line":87,"column":60}},"44":{"start":{"line":90,"column":23},"end":{"line":90,"column":35}},"45":{"start":{"line":93,"column":2},"end":{"line":101,"column":9}},"46":{"start":{"line":94,"column":19},"end":{"line":94,"column":45}},"47":{"start":{"line":95,"column":4},"end":{"line":95,"column":57}},"48":{"start":{"line":97,"column":4},"end":{"line":100,"column":5}},"49":{"start":{"line":98,"column":6},"end":{"line":98,"column":79}},"50":{"start":{"line":99,"column":6},"end":{"line":99,"column":77}},"51":{"start":{"line":104,"column":2},"end":{"line":142,"column":13}},"52":{"start":{"line":106,"column":4},"end":{"line":110,"column":5}},"53":{"start":{"line":107,"column":6},"end":{"line":107,"column":35}},"54":{"start":{"line":108,"column":6},"end":{"line":108,"column":90}},"55":{"start":{"line":109,"column":6},"end":{"line":109,"column":13}},"56":{"start":{"line":112,"column":21},"end":{"line":139,"column":5}},"57":{"start":{"line":113,"column":6},"end":{"line":138,"column":7}},"58":{"start":{"line":114,"column":21},"end":{"line":118,"column":9}},"59":{"start":{"line":120,"column":23},"end":{"line":120,"column":63}},"60":{"start":{"line":122,"column":8},"end":{"line":134,"column":9}},"61":{"start":{"line":123,"column":10},"end":{"line":123,"column":104}},"62":{"start":{"line":126,"column":10},"end":{"line":130,"column":11}},"63":{"start":{"line":127,"column":12},"end":{"line":127,"column":46}},"64":{"start":{"line":129,"column":12},"end":{"line":129,"column":36}},"65":{"start":{"line":132,"column":10},"end":{"line":132,"column":76}},"66":{"start":{"line":133,"column":10},"end":{"line":133,"column":70}},"67":{"start":{"line":136,"column":8},"end":{"line":136,"column":78}},"68":{"start":{"line":137,"column":8},"end":{"line":137,"column":68}},"69":{"start":{"line":141,"column":4},"end":{"line":141,"column":15}},"70":{"start":{"line":144,"column":20},"end":{"line":184,"column":3}},"71":{"start":{"line":145,"column":4},"end":{"line":183,"column":7}},"72":{"start":{"line":146,"column":27},"end":{"line":146,"column":75}},"73":{"start":{"line":146,"column":45},"end":{"line":146,"column":74}},"74":{"start":{"line":148,"column":6},"end":{"line":182,"column":7}},"75":{"start":{"line":150,"column":8},"end":{"line":150,"column":84}},"76":{"start":{"line":151,"column":8},"end":{"line":155,"column":10}},"77":{"start":{"line":152,"column":10},"end":{"line":154,"column":18}},"78":{"start":{"line":158,"column":8},"end":{"line":158,"column":77}},"79":{"start":{"line":159,"column":8},"end":{"line":181,"column":10}},"80":{"start":{"line":186,"column":25},"end":{"line":188,"column":3}},"81":{"start":{"line":187,"column":4},"end":{"line":187,"column":71}},"82":{"start":{"line":187,"column":20},"end":{"line":187,"column":69}},"83":{"start":{"line":187,"column":40},"end":{"line":187,"column":68}},"84":{"start":{"line":190,"column":25},"end":{"line":201,"column":3}},"85":{"start":{"line":192,"column":26},"end":{"line":192,"column":61}},"86":{"start":{"line":194,"column":4},"end":{"line":200,"column":6}},"87":{"start":{"line":195,"column":6},"end":{"line":199,"column":7}},"88":{"start":{"line":196,"column":8},"end":{"line":198,"column":16}},"89":{"start":{"line":203,"column":20},"end":{"line":205,"column":3}},"90":{"start":{"line":204,"column":4},"end":{"line":204,"column":16}},"91":{"start":{"line":208,"column":21},"end":{"line":208,"column":71}},"92":{"start":{"line":208,"column":48},"end":{"line":208,"column":67}},"93":{"start":{"line":210,"column":16},"end":{"line":219,"column":3}},"94":{"start":{"line":221,"column":2},"end":{"line":225,"column":4}}},"fnMap":{"0":{"name":"(anonymous_0)","decl":{"start":{"line":9,"column":23},"end":{"line":9,"column":24}},"loc":{"start":{"line":9,"column":29},"end":{"line":15,"column":1}},"line":9},"1":{"name":"(anonymous_1)","decl":{"start":{"line":21,"column":23},"end":{"line":21,"column":24}},"loc":{"start":{"line":21,"column":29},"end":{"line":82,"column":1}},"line":21},"2":{"name":"(anonymous_2)","decl":{"start":{"line":31,"column":45},"end":{"line":31,"column":46}},"loc":{"start":{"line":31,"column":53},"end":{"line":60,"column":11}},"line":31},"3":{"name":"(anonymous_3)","decl":{"start":{"line":84,"column":28},"end":{"line":84,"column":29}},"loc":{"start":{"line":84,"column":46},"end":{"line":226,"column":1}},"line":84},"4":{"name":"(anonymous_4)","decl":{"start":{"line":93,"column":12},"end":{"line":93,"column":13}},"loc":{"start":{"line":93,"column":18},"end":{"line":101,"column":3}},"line":93},"5":{"name":"(anonymous_5)","decl":{"start":{"line":104,"column":12},"end":{"line":104,"column":13}},"loc":{"start":{"line":104,"column":18},"end":{"line":142,"column":3}},"line":104},"6":{"name":"(anonymous_6)","decl":{"start":{"line":112,"column":21},"end":{"line":112,"column":22}},"loc":{"start":{"line":112,"column":33},"end":{"line":139,"column":5}},"line":112},"7":{"name":"(anonymous_7)","decl":{"start":{"line":144,"column":20},"end":{"line":144,"column":21}},"loc":{"start":{"line":144,"column":33},"end":{"line":184,"column":3}},"line":144},"8":{"name":"(anonymous_8)","decl":{"start":{"line":145,"column":12},"end":{"line":145,"column":13}},"loc":{"start":{"line":145,"column":20},"end":{"line":183,"column":5}},"line":145},"9":{"name":"(anonymous_9)","decl":{"start":{"line":146,"column":37},"end":{"line":146,"column":38}},"loc":{"start":{"line":146,"column":45},"end":{"line":146,"column":74}},"line":146},"10":{"name":"(anonymous_10)","decl":{"start":{"line":151,"column":24},"end":{"line":151,"column":25}},"loc":{"start":{"line":152,"column":10},"end":{"line":154,"column":18}},"line":152},"11":{"name":"(anonymous_11)","decl":{"start":{"line":186,"column":25},"end":{"line":186,"column":26}},"loc":{"start":{"line":186,"column":40},"end":{"line":188,"column":3}},"line":186},"12":{"name":"(anonymous_12)","decl":{"start":{"line":187,"column":12},"end":{"line":187,"column":13}},"loc":{"start":{"line":187,"column":20},"end":{"line":187,"column":69}},"line":187},"13":{"name":"(anonymous_13)","decl":{"start":{"line":187,"column":32},"end":{"line":187,"column":33}},"loc":{"start":{"line":187,"column":40},"end":{"line":187,"column":68}},"line":187},"14":{"name":"(anonymous_14)","decl":{"start":{"line":190,"column":25},"end":{"line":190,"column":26}},"loc":{"start":{"line":190,"column":50},"end":{"line":201,"column":3}},"line":190},"15":{"name":"(anonymous_15)","decl":{"start":{"line":194,"column":12},"end":{"line":194,"column":13}},"loc":{"start":{"line":195,"column":6},"end":{"line":199,"column":7}},"line":195},"16":{"name":"(anonymous_16)","decl":{"start":{"line":195,"column":15},"end":{"line":195,"column":16}},"loc":{"start":{"line":196,"column":8},"end":{"line":198,"column":16}},"line":196},"17":{"name":"(anonymous_17)","decl":{"start":{"line":203,"column":20},"end":{"line":203,"column":21}},"loc":{"start":{"line":203,"column":26},"end":{"line":205,"column":3}},"line":203},"18":{"name":"(anonymous_18)","decl":{"start":{"line":208,"column":33},"end":{"line":208,"column":34}},"loc":{"start":{"line":208,"column":48},"end":{"line":208,"column":67}},"line":208}},"branchMap":{"0":{"loc":{"start":{"line":11,"column":2},"end":{"line":13,"column":3}},"type":"if","locations":[{"start":{"line":11,"column":2},"end":{"line":13,"column":3}},{"start":{},"end":{}}],"line":11},"1":{"loc":{"start":{"line":24,"column":4},"end":{"line":77,"column":5}},"type":"if","locations":[{"start":{"line":24,"column":4},"end":{"line":77,"column":5}},{"start":{"line":75,"column":11},"end":{"line":77,"column":5}}],"line":24},"2":{"loc":{"start":{"line":28,"column":6},"end":{"line":74,"column":7}},"type":"if","locations":[{"start":{"line":28,"column":6},"end":{"line":74,"column":7}},{"start":{"line":71,"column":13},"end":{"line":74,"column":7}}],"line":28},"3":{"loc":{"start":{"line":29,"column":8},"end":{"line":70,"column":9}},"type":"if","locations":[{"start":{"line":29,"column":8},"end":{"line":70,"column":9}},{"start":{"line":68,"column":15},"end":{"line":70,"column":9}}],"line":29},"4":{"loc":{"start":{"line":33,"column":12},"end":{"line":36,"column":13}},"type":"if","locations":[{"start":{"line":33,"column":12},"end":{"line":36,"column":13}},{"start":{},"end":{}}],"line":33},"5":{"loc":{"start":{"line":33,"column":16},"end":{"line":33,"column":49}},"type":"binary-expr","locations":[{"start":{"line":33,"column":16},"end":{"line":33,"column":21}},{"start":{"line":33,"column":25},"end":{"line":33,"column":49}}],"line":33},"6":{"loc":{"start":{"line":39,"column":12},"end":{"line":42,"column":13}},"type":"if","locations":[{"start":{"line":39,"column":12},"end":{"line":42,"column":13}},{"start":{},"end":{}}],"line":39},"7":{"loc":{"start":{"line":46,"column":12},"end":{"line":49,"column":13}},"type":"if","locations":[{"start":{"line":46,"column":12},"end":{"line":49,"column":13}},{"start":{},"end":{}}],"line":46},"8":{"loc":{"start":{"line":46,"column":16},"end":{"line":46,"column":72}},"type":"binary-expr","locations":[{"start":{"line":46,"column":16},"end":{"line":46,"column":25}},{"start":{"line":46,"column":29},"end":{"line":46,"column":42}},{"start":{"line":46,"column":46},"end":{"line":46,"column":72}}],"line":46},"9":{"loc":{"start":{"line":52,"column":12},"end":{"line":57,"column":13}},"type":"if","locations":[{"start":{"line":52,"column":12},"end":{"line":57,"column":13}},{"start":{},"end":{}}],"line":52},"10":{"loc":{"start":{"line":53,"column":14},"end":{"line":56,"column":15}},"type":"if","locations":[{"start":{"line":53,"column":14},"end":{"line":56,"column":15}},{"start":{},"end":{}}],"line":53},"11":{"loc":{"start":{"line":53,"column":18},"end":{"line":53,"column":73}},"type":"binary-expr","locations":[{"start":{"line":53,"column":18},"end":{"line":53,"column":42}},{"start":{"line":53,"column":46},"end":{"line":53,"column":73}}],"line":53},"12":{"loc":{"start":{"line":62,"column":10},"end":{"line":64,"column":11}},"type":"if","locations":[{"start":{"line":62,"column":10},"end":{"line":64,"column":11}},{"start":{},"end":{}}],"line":62},"13":{"loc":{"start":{"line":97,"column":4},"end":{"line":100,"column":5}},"type":"if","locations":[{"start":{"line":97,"column":4},"end":{"line":100,"column":5}},{"start":{},"end":{}}],"line":97},"14":{"loc":{"start":{"line":106,"column":4},"end":{"line":110,"column":5}},"type":"if","locations":[{
[...]
21},"end":{"line":573,"column":22}},"loc":{"start":{"line":573,"column":27},"end":{"line":591,"column":1}},"line":573},"25":{"name":"(anonymous_25)","decl":{"start":{"line":586,"column":39},"end":{"line":586,"column":40}},"loc":{"start":{"line":586,"column":46},"end":{"line":588,"column":3}},"line":586}},"branchMap":{"0":{"loc":{"start":{"line":42,"column":4},"end":{"line":45,"column":5}},"type":"if","locations":[{"start":{"line":42,"column":4},"end":{"line":45,"column":5}},{"start":{},"end":{}}],"line":42},"1":{"loc":{"start":{"line":49,"column":22},"end":{"line":49,"column":70}},"type":"binary-expr","locations":[{"start":{"line":49,"column":22},"end":{"line":49,"column":44}},{"start":{"line":49,"column":48},"end":{"line":49,"column":70}}],"line":49},"2":{"loc":{"start":{"line":50,"column":6},"end":{"line":52,"column":7}},"type":"if","locations":[{"start":{"line":50,"column":6},"end":{"line":52,"column":7}},{"start":{},"end":{}}],"line":50},"3":{"loc":{"start":{"line":65,"column":4},"end":{"line":68,"column":5}},"type":"if","locations":[{"start":{"line":65,"column":4},"end":{"line":68,"column":5}},{"start":{},"end":{}}],"line":65},"4":{"loc":{"start":{"line":73,"column":6},"end":{"line":76,"column":7}},"type":"if","locations":[{"start":{"line":73,"column":6},"end":{"line":76,"column":7}},{"start":{},"end":{}}],"line":73},"5":{"loc":{"start":{"line":73,"column":10},"end":{"line":73,"column":43}},"type":"binary-expr","locations":[{"start":{"line":73,"column":10},"end":{"line":73,"column":15}},{"start":{"line":73,"column":19},"end":{"line":73,"column":43}}],"line":73},"6":{"loc":{"start":{"line":79,"column":6},"end":{"line":82,"column":7}},"type":"if","locations":[{"start":{"line":79,"column":6},"end":{"line":82,"column":7}},{"start":{},"end":{}}],"line":79},"7":{"loc":{"start":{"line":79,"column":10},"end":{"line":79,"column":42}},"type":"binary-expr","locations":[{"start":{"line":79,"column":10},"end":{"line":79,"column":25}},{"start":{"line":79,"column":29},"end":{"line":79,"column":42}}],"line":79},"8":{"loc":{"start":{"line":86,"column":6},"end":{"line":89,"column":7}},"type":"if","locations":[{"start":{"line":86,"column":6},"end":{"line":89,"column":7}},{"start":{},"end":{}}],"line":86},"9":{"loc":{"start":{"line":86,"column":10},"end":{"line":86,"column":66}},"type":"binary-expr","locations":[{"start":{"line":86,"column":10},"end":{"line":86,"column":19}},{"start":{"line":86,"column":23},"end":{"line":86,"column":36}},{"start":{"line":86,"column":40},"end":{"line":86,"column":66}}],"line":86},"10":{"loc":{"start":{"line":92,"column":6},"end":{"line":98,"column":7}},"type":"if","locations":[{"start":{"line":92,"column":6},"end":{"line":98,"column":7}},{"start":{},"end":{}}],"line":92},"11":{"loc":{"start":{"line":93,"column":8},"end":{"line":97,"column":9}},"type":"if","locations":[{"start":{"line":93,"column":8},"end":{"line":97,"column":9}},{"start":{},"end":{}}],"line":93},"12":{"loc":{"start":{"line":93,"column":12},"end":{"line":93,"column":67}},"type":"binary-expr","locations":[{"start":{"line":93,"column":12},"end":{"line":93,"column":36}},{"start":{"line":93,"column":40},"end":{"line":93,"column":67}}],"line":93},"13":{"loc":{"start":{"line":115,"column":24},"end":{"line":115,"column":75}},"type":"cond-expr","locations":[{"start":{"line":115,"column":65},"end":{"line":115,"column":71}},{"start":{"line":115,"column":74},"end":{"line":115,"column":75}}],"line":115},"14":{"loc":{"start":{"line":115,"column":24},"end":{"line":115,"column":62}},"type":"binary-expr","locations":[{"start":{"line":115,"column":24},"end":{"line":115,"column":47}},{"start":{"line":115,"column":51},"end":{"line":115,"column":62}}],"line":115},"15":{"loc":{"start":{"line":117,"column":4},"end":{"line":119,"column":5}},"type":"if","locations":[{"start":{"line":117,"column":4},"end":{"line":119,"column":5}},{"start":{},"end":{}}],"line":117},"16":{"loc":{"start":{"line":122,"column":25},"end":{"line":122,"column":78}},"type":"cond-expr","locations":[{"start":{"line":122,"column":60},"end":{"line":122,"column":71}},{"start":{"line":122,"column":74},"end":{"line":122,"column":78}}],"line":122},"17":{"loc":{"start":{"line":124,"column":4},"end":{"line":126,"column":5}},"type":"if","locations":[{"start":{"line":124,"column":4},"end":{"line":126,"column":5}},{"start":{},"end":{}}],"line":124},"18":{"loc":{"start":{"line":142,"column":2},"end":{"line":149,"column":3}},"type":"if","locations":[{"start":{"line":142,"column":2},"end":{"line":149,"column":3}},{"start":{},"end":{}}],"line":142},"19":{"loc":{"start":{"line":143,"column":51},"end":{"line":143,"column":71}},"type":"binary-expr","locations":[{"start":{"line":143,"column":51},"end":{"line":143,"column":65}},{"start":{"line":143,"column":69},"end":{"line":143,"column":71}}],"line":143},"20":{"loc":{"start":{"line":152,"column":2},"end":{"line":173,"column":3}},"type":"if","locations":[{"start":{"line":152,"column":2},"end":{"line":173,"column":3}},{"start":{},"end":{}}],"line":152},"21":{"loc":{"start":{"line":153,"column":41},"end":{"line":153,"column":56}},"type":"binary-expr","locations":[{"start":{"line":153,"column":41},"end":{"line":153,"column":50}},{"start":{"line":153,"column":54},"end":{"line":153,"column":56}}],"line":153},"22":{"loc":{"start":{"line":158,"column":6},"end":{"line":164,"column":7}},"type":"if","locations":[{"start":{"line":158,"column":6},"end":{"line":164,"column":7}},{"start":{},"end":{}}],"line":158},"23":{"loc":{"start":{"line":158,"column":10},"end":{"line":158,"column":41}},"type":"binary-expr","locations":[{"start":{"line":158,"column":10},"end":{"line":158,"column":22}},{"start":{"line":158,"column":26},"end":{"line":158,"column":41}}],"line":158},"24":{"loc":{"start":{"line":161,"column":21},"end":{"line":161,"column":52}},"type":"binary-expr","locations":[{"start":{"line":161,"column":21},"end":{"line":161,"column":36}},{"start":{"line":161,"column":40},"end":{"line":161,"column":52}}],"line":161},"25":{"loc":{"start":{"line":162,"column":27},"end":{"line":162,"column":86}},"type":"cond-expr","locations":[{"start":{"line":162,"column":62},"end":{"line":162,"column":74}},{"start":{"line":162,"column":77},"end":{"line":162,"column":86}}],"line":162},"26":{"loc":{"start":{"line":176,"column":2},"end":{"line":184,"column":3}},"type":"if","locations":[{"start":{"line":176,"column":2},"end":{"line":184,"column":3}},{"start":{},"end":{}}],"line":176},"27":{"loc":{"start":{"line":206,"column":20},"end":{"line":206,"column":37}},"type":"binary-expr","locations":[{"start":{"line":206,"column":20},"end":{"line":206,"column":32}},{"start":{"line":206,"column":36},"end":{"line":206,"column":37}}],"line":206},"28":{"loc":{"start":{"line":209,"column":4},"end":{"line":232,"column":5}},"type":"if","locations":[{"start":{"line":209,"column":4},"end":{"line":232,"column":5}},{"start":{},"end":{}}],"line":209},"29":{"loc":{"start":{"line":211,"column":6},"end":{"line":229,"column":7}},"type":"if","locations":[{"start":{"line":211,"column":6},"end":{"line":229,"column":7}},{"start":{"line":217,"column":13},"end":{"line":229,"column":7}}],"line":211},"30":{"loc":{"start":{"line":213,"column":8},"end":{"line":216,"column":9}},"type":"if","locations":[{"start":{"line":213,"column":8},"end":{"line":216,"column":9}},{"start":{},"end":{}}],"line":213},"31":{"loc":{"start":{"line":213,"column":34},"end":{"line":213,"column":54}},"type":"binary-expr","locations":[{"start":{"line":213,"column":34},"end":{"line":213,"column":48}},{"start":{"line":213,"column":52},"end":{"line":213,"column":54}}],"line":213},"32":{"loc":{"start":{"line":217,"column":13},"end":{"line":229,"column":7}},"type":"if","locations":[{"start":{"line":217,"column":13},"end":{"line":229,"column":7}},{"start":{"line":223,"column":13},"end":{"line":229,"column":7}}],"line":217},"33":{"loc":{"start":{"line":219,"column":8},"end":{"line":222,"column":9}},"type":"if","locations":[{"start":{"line":219,"column":8},"end":{"line":222,"column":9}},{"start":{},"end":{}}],"line":219},"34":{"loc":{"start":{"line":219,"column":29},"end":{"line":219,"column":44}},"type":"binary-expr","locations":[{"start":{"line":219,"column":29},"end":{"line":219,"column":38}},{"start":{"line":219,"column":42},"end":{"line":219,"column":44}}],"line":219},"35":{"loc":{"start":{"line":223,"column":13},"end":{"line":229,"column":7}},"type":"if","locations":[{"start":{"line":223,"column":13},"end":{"line":229,"column":7}},{"start":{},"end":{}}],"line":223},"36":{"loc":{"start":{"line":225,"column":8},"end":{"line":228,"column":9}},"type":"if","locations":[{"start":{"line":225,"column":8},"end":{"line":228,"column":9}},{"start":{},"end":{}}],"line":225},"37":{"loc":{"start":{"line":225,"column":12},"end":{"line":225,"column":82}},"type":"binary-expr","locations":[{"start":{"line":225,"column":12},"end":{"line":225,"column":44}},{"start":{"line":225,"column":48},"end":{"line":225,"column":82}}],"line":225},"38":{"loc":{"start":{"line":235,"column":4},"end":{"line":245,"column":5}},"type":"if","locations":[{"start":{"line":235,"column":4},"end":{"line":245,"column":5}},{"start":{},"end":{}}],"line":235},"39":{"loc":{"start":{"line":261,"column":2},"end":{"line":261,"column":53}},"type":"if","locations":[{"start":{"line":261,"column":2},"end":{"line":261,"column":53}},{"start":{},"end":{}}],"line":261},"40":{"loc":{"start":{"line":265,"column":16},"end":{"line":265,"column":63}},"type":"binary-expr","locations":[{"start":{"line":265,"column":16},"end":{"line":265,"column":43}},{"start":{"line":265,"column":47},"end":{"line":265,"column":63}}],"line":265},"41":{"loc":{"start":{"line":267,"column":9},"end":{"line":267,"column":33}},"type":"binary-expr","locations":[{"start":{"line":267,"column":9},"end":{"line":267,"column":24}},{"start":{"line":267,"column":28},"end":{"line":267,"column":33}}],"line":267},"42":{"loc":{"start":{"line":294,"column":4},"end":{"line":297,"column":5}},"type":"if","locations":[{"start":{"line":294,"column":4},"end":{"line":297,"column":5}},{"start":{},"end":{}}],"line":294},"43":{"loc":{"start":{"line":312,"column":4},"end":{"line":341,"column":5}},"type":"if","locations":[{"start":{"line":312,"column":4},"end":{"line":341,"column":5}},{"start":{},"end":{}}],"line":312},"44":{"loc":{"start":{"line":312,"column":8},"end":{"line":312,"column":47}},"type":"binary-expr","locations":[{"start":{"line":312,"column":8},"end":{"line":312,"column":18}},{"start":{"line":312,"column":22},"end":{"line":312,"column":47}}],"line":312},"45":{"loc":{"start":{"line":316,"column":6},"end":{"line":316,"column":44}},"type":"if","locations":[{"start":{"line":316,"column":6},"end":{"line":316,"column":44}},{"start":{},"end":{}}],"line":316},"46":{"loc":{"start":{"line":319,"column":6},"end":{"line":338,"column":7}},"type":"if","locations":[{"start":{"line":319,"column":6},"end":{"line":338,"column":7}},{"start":{},"end":{}}],"line":319},"47":{"loc":{"start":{"line":319,"column":10},"end":{"line":319,"column":47}},"type":"binary-expr","locations":[{"start":{"line":319,"column":10},"end":{"line":319,"column":19}},{"start":{"line":319,"column":23},"end":{"line":319,"column":47}}],"line":319},"48":{"loc":{"start":{"line":321,"column":10},"end":{"line":335,"column":11}},"type":"if","locations":[{"start":{"line":321,"column":10},"end":{"line":335,"column":11}},{"start":{},"end":{}}],"line":321},"49":{"loc":{"start":{"line":353,"column":43},"end":{"line":353,"column":55}},"type":"default-arg","locations":[{"start":{"line":353,"column":54},"end":{"line":353,"column":55}}],"line":353},"50":{"loc":{"start":{"line":353,"column":57},"end":{"line":353,"column":68}},"type":"default-arg","locations":[{"start":{"line":353,"column":65},"end":{"line":353,"column":68}}],"line":353},"51":{"loc":{"start":{"line":360,"column":8},"end":{"line":365,"column":9}},"type":"if","locations":[{"start":{"line":360,"column":8},"end":{"line":365,"column":9}},{"start":{"line":363,"column":15},"end":{"line":365,"column":9}}],"line":360},"52":{"loc":{"start":{"line":383,"column":6},"end":{"line":401,"column":7}},"type":"if","locations":[{"start":{"line":383,"column":6},"end":{"line":401,"column":7}},{"start":{"line":389,"column":13},"end":{"line":401,"column":7}}],"line":383},"53":{"loc":{"start":{"line":385,"column":8},"end":{"line":388,"column":9}},"type":"if","locations":[{"start":{"line":385,"column":8},"end":{"line":388,"column":9}},{"start":{},"end":{}}],"line":385},"54":{"loc":{"start":{"line":389,"column":13},"end":{"line":401,"column":7}},"type":"if","locations":[{"start":{"line":389,"column":13},"end":{"line":401,"column":7}},{"start":{"line":395,"column":13},"end":{"line":401,"column":7}}],"line":389},"55":{"loc":{"start":{"line":391,"column":8},"end":{"line":394,"column":9}},"type":"if","locations":[{"start":{"line":391,"column":8},"end":{"line":394,"column":9}},{"start":{},"end":{}}],"line":391},"56":{"loc":{"start":{"line":395,"column":13},"end":{"line":401,"column":7}},"type":"if","locations":[{"start":{"line":395,"column":13},"end":{"line":401,"column":7}},{"start":{},"end":{}}],"line":395},"57":{"loc":{"start":{"line":397,"column":8},"end":{"line":400,"column":9}},"type":"if","locations":[{"start":{"line":397,"column":8},"end":{"line":400,"column":9}},{"start":{},"end":{}}],"line":397},"58":{"loc":{"start":{"line":403,"column":6},"end":{"line":413,"column":7}},"type":"if","locations":[{"start":{"line":403,"column":6},"end":{"line":413,"column":7}},{"start":{},"end":{}}],"line":403},"59":{"loc":{"start":{"line":403,"column":10},"end":{"line":403,"column":47}},"type":"binary-expr","locations":[{"start":{"line":403,"column":10},"end":{"line":403,"column":24}},{"start":{"line":403,"column":28},"end":{"line":403,"column":47}}],"line":403},"60":{"loc":{"start":{"line":406,"column":8},"end":{"line":412,"column":9}},"type":"if","locations":[{"start":{"line":406,"column":8},"end":{"line":412,"column":9}},{"start":{"line":408,"column":15},"end":{"line":412,"column":9}}],"line":406},"61":{"loc":{"start":{"line":431,"column":2},"end":{"line":433,"column":3}},"type":"if","locations":[{"start":{"line":431,"column":2},"end":{"line":433,"column":3}},{"start":{},"end":{}}],"line":431},"62":{"loc":{"start":{"line":436,"column":2},"end":{"line":439,"column":3}},"type":"if","locations":[{"start":{"line":436,"column":2},"end":{"line":439,"column":3}},{"start":{},"end":{}}],"line":436},"63":{"loc":{"start":{"line":436,"column":6},"end":{"line":436,"column":45}},"type":"binary-expr","locations":[{"start":{"line":436,"column":6},"end":{"line":436,"column":21}},{"start":{"line":436,"column":25},"end":{"line":436,"column":45}}],"line":436},"64":{"loc":{"start":{"line":442,"column":22},"end":{"line":442,"column":58}},"type":"cond-expr","locations":[{"start":{"line":442,"column":31},"end":{"line":442,"column":50}},{"start":{"line":442,"column":53},"end":{"line":442,"column":58}}],"line":442},"65":{"loc":{"start":{"line":443,"column":22},"end":{"line":443,"column":97}},"type":"cond-expr","locations":[{"start":{"line":443,"column":56},"end":{"line":443,"column":67}},{"start":{"line":443,"column":70},"end":{"line":443,"column":97}}],"line":443},"66":{"loc":{"start":{"line":448,"column":4},"end":{"line":450,"column":5}},"type":"if","locations":[{"start":{"line":448,"column":4},"end":{"line":450,"column":5}},{"start":{},"end":{}}],"line":448},"67":{"loc":{"start":{"line":453,"column":4},"end":{"line":457,"column":5}},"type":"if","locations":[{"start":{"line":453,"column":4},"end":{"line":457,"column":5}},{"start":{"line":455,"column":11},"end":{"line":457,"column":5}}],"line":453},"68":{"loc":{"start":{"line":463,"column":4},"end":{"line":469,"column":5}},"type":"if","locations":[{"start":{"line":463,"column":4},"end":{"line":469,"column":5}},{"start":{},"end":{}}],"line":463},"69":{"loc":{"start":{"line":465,"column":6},"end":{"line":467,"column":7}},"type":"if","locations":[{"start":{"line":465,"column":6},"end":{"line":467,"column":7}},{"start":{},"end":{}}],"line":465},"70":{"loc":{"start":{"line":477,"column":6},"end":{"line":481,"column":7}},"type":"if","locations":[{"start":{"line":477,"column":6},"end":{"line":481,"column":7}},{"start":{"line":479,"column":13},"end":{"line":481,"column":7}}],"line":477},"71":{"loc":{"start":{"line":526,"column":2},"end":{"line":529,"column":3}},"type":"if","locations":[{"start":{"line":526,"column":2},"end":{"line":529,"column":3}},{"start":{},"end":{}}],"line":526},"72":{"loc":{"start":{"line":531,"column":2},"end":{"line":533,"column":3}},"type":"if","locations":[{"start":{"line":531,"column":2},"end":{"line":533,"column":3}},{"start":{},"end":{}}],"line":531}},"s":{"0":16,"1":16,"2":16,"3":16,"4":16,"5":107,"6":2,"7":2,"8":105,"9":91,"10":91,"11":9,"12":91,"13":105,"14":33,"15":3,"16":3,"17":30,"18":60,"19":8,"20":8,"21":52,"22":2,"23":2,"24":50,"25":50,"26":8,"27":8,"28":42,"29":3,"30":2,"31":2,"32":42,"33":30,"34":58,"35":58,"36":58,"37":5,"38":58,"39":58,"40":3,"41":58,"42":16,"43":74,"44":74,"45":19,"46":19,"47":55,"48":21,"49":21,"50":27,"51":1,"52":26,"53":21,"54":34,"55":31,"56":31,"57":3,"58":3,"59":16,"60":225,"61":225,"62":212,"63":210,"64":129,"65":88,"66":88,"67":4,"68":4,"69":41,"70":12,"71":12,"72":8,"73":8,"74":29,"75":27,"76":27,"77":10,"78":10,"79":107,"80":81,"81":74,"82":74,"83":74,"84":0,"85":74,"86":7,"87":7,"88":15,"89":15,"90":16,"91":651,"92":0,"93":651,"94":651,"95":651,"96":651,"97":16,"98":651,"99":651,"100":651,"101":647,"102":647,"103":4,"104":16,"105":230,"106":230,"107":230,"108":230,"109":0,"110":0,"111":230,"112":0,"113":0,"114":16,"115":0,"116":0,"117":0,"118":0,"119":0,"120":0,"121":0,"122":0,"123":0,"124":0,"125":0,"126":0,"127":0,"128":0,"129":0,"130":16,"131":0,"132":0,"133":0,"134":0,"135":0,"136":0,"137":0,"138":0,"139":0,"140":0,"141":0,"142":16,"143":388,"144":388,"145":717,"146":717,"147":388,"148":388,"149":223,"150":223,"151":329,"152":165,"153":165,"154":1,"155":1,"156":164,"157":164,"158":164,"159":1,"160":1,"161":717,"162":225,"163":225,"164":203,"165":22,"166":22,"167":22,"168":0,"169":163,"170":163,"171":16,"172":230,"173":230,"174":230,"175":0,"176":230,"177":1,"178":1,"179":230,"180":230,"181":230,"182":230,"183":0,"184":230,"185":0,"186":230,"187":226,"188":226,"189":226,"190":0,"191":0,"192":0,"193":0,"194":226,"195":4,"196":4,"197":4,"198":0,"199":4,"200":2,"201":2,"202":2,"203":2,"204":2,"205":2,"206":2,"207":2,"208":2,"209":0,"210":0,"211":16,"212":23,"213":23,"214":23,"215":23,"216":0,"217":23,"218":23,"219":23,"220":0,"221":23,"222":0,"223":0,"224":23,"225":23,"226":23,"227":16,"228":421,"229":421,"230":421,"231":421,"232":421,"233":421,"234":0,"235":421,"236":421,"237":421,"238":421,"239":421,"240":0,"241":16,"242":17,"243":17,"244":0,"245":17,"246":17,"247":0,"248":17,"249":1,"250":17},"f":{"0":107,"1":91,"2":33,"3":60,"4":58,"5":74,"6":27,"7":225,"8":0,"9":651,"10":651,"11":230,"12":0,"13":0,"14":0,"15":0,"16":0,"17":0,"18":388,"19":230,"20":23,"21":421,"22":421,"23":421,"24":17,"25":1},"b":{"0":[2,105],"1":[91,86],"2":[9,82],"3":[3,30],"4":[8,52],"5":[60,56],"6":[2,50],"7":[52,3],"8":[8,42],"9":[50,44,42],"10":[3,39],"11":[2,1],"12":[3,1],"13":[53,5],"14":[58,55],"15":[5,53],"16":[55,3],"17":[3,55],"18":[19,55],"19":[19,2],"20":[21,34],"21":[21,0],"22":[1,26],"23":[27,1],"24":[1,0],"25":[1,0],"26":[31,3],"27":[212,6],"28":[129,81],"29":[88,41],"30":[4,84],"31":[88,0],"32":[12,29],"33":[8,4],"34":[12,0],"35":[27,2],"36":[10,17],"37":[27,19],"38":[74,7],"39":[0,651],"40":[651,0],"41":[651,651],"42":[0,230],"43":[0,0],"44":[0,0],"45":[0,0],"46":[0,0],"47":[0,0],"48":[0,0],"49":[0],"50":[0],"51":[0,0],"52":[388,329],"53":[223,165],"54":[165,164],"55":[1,164],"56":[164,0],"57":[1,163],"58":[225,492],"59":[717,388],"60":[203,22],"61":[0,230],"62":[1,229],"63":[230,4],"64":[0,230],"65":[1,229],"66":[0,230],"67":[0,230],"68":[0,226],"69":[0,0],"70":[0,4],"71":[0,23],"72":[23,0]},"_coverageSchema":"1a1c01bbd47fc00a2c39e90264f33305004495a9","hash":"7bc2b0fdb9d85510c163e09304a365bf3f968462"}
}
