TN:
SF:src/App.js
FN:15,Navigation
FN:35,TilbudOversigt
FN:43,(anonymous_2)
FN:48,(anonymous_3)
FN:52,(anonymous_4)
FN:71,(anonymous_5)
FN:85,(anonymous_6)
FN:136,(anonymous_7)
FN:150,App
FNF:9
FNH:7
FNDA:1,Navigation
FNDA:2,TilbudOversigt
FNDA:1,(anonymous_2)
FNDA:1,(anonymous_3)
FNDA:1,(anonymous_4)
FNDA:1,(anonymous_5)
FNDA:0,(anonymous_6)
FNDA:0,(anonymous_7)
FNDA:1,App
DA:16,1
DA:17,1
DA:19,1
DA:36,2
DA:37,2
DA:38,2
DA:39,2
DA:40,2
DA:43,2
DA:44,1
DA:48,2
DA:49,1
DA:52,2
DA:53,1
DA:54,1
DA:55,1
DA:60,1
DA:61,1
DA:62,1
DA:64,0
DA:65,0
DA:67,1
DA:71,2
DA:72,1
DA:73,1
DA:74,1
DA:76,1
DA:77,1
DA:78,1
DA:80,0
DA:81,0
DA:85,2
DA:86,0
DA:89,2
DA:90,1
DA:97,1
DA:98,0
DA:109,1
DA:137,0
DA:151,1
LF:40
LH:33
BRDA:23,0,0,1
BRDA:23,0,1,0
BRDA:26,1,0,1
BRDA:26,1,1,0
BRDA:74,2,0,0
BRDA:74,2,1,1
BRDA:89,3,0,1
BRDA:89,3,1,1
BRDA:97,4,0,0
BRDA:97,4,1,1
BRDA:126,5,0,1
BRDA:126,5,1,1
BRDA:129,6,0,1
BRDA:129,6,1,0
BRDA:129,7,0,1
BRDA:129,7,1,1
BRF:16
BRH:11
end_of_record
TN:
SF:src/index.js
FNF:0
FNH:0
DA:6,0
DA:7,0
LF:2
LH:0
BRF:0
BRH:0
end_of_record
TN:
SF:src/components/AddToCartButton.js
FN:12,(anonymous_0)
FN:16,(anonymous_1)
FN:24,(anonymous_2)
FNF:3
FNH:3
FNDA:24,(anonymous_0)
FNDA:10,(anonymous_1)
FNDA:1,(anonymous_2)
DA:12,2
DA:13,24
DA:14,24
DA:16,24
DA:17,10
DA:18,10
DA:20,10
DA:23,10
DA:24,10
DA:27,24
LF:10
LH:10
BRDA:36,0,0,24
BRDA:36,0,1,11
BRF:2
BRH:2
end_of_record
TN:
SF:src/components/BudgetDisplay.js
FN:13,(anonymous_0)
FN:17,(anonymous_1)
FNF:2
FNH:2
FNDA:45,(anonymous_0)
FNDA:39,(anonymous_1)
DA:13,3
DA:14,45
DA:17,45
DA:18,39
DA:19,39
DA:20,10
DA:21,6
DA:25,45
DA:26,1
DA:29,44
DA:31,44
DA:32,44
DA:34,44
DA:35,3
DA:52,41
LF:15
LH:15
BRDA:13,0,0,1
BRDA:13,1,0,42
BRDA:18,2,0,27
BRDA:18,2,1,12
BRDA:19,3,0,29
BRDA:19,3,1,10
BRDA:20,4,0,4
BRDA:20,4,1,6
BRDA:25,5,0,1
BRDA:25,5,1,44
BRDA:34,6,0,3
BRDA:34,6,1,41
BRDA:38,7,0,1
BRDA:38,7,1,2
BRDA:56,8,0,41
BRDA:56,8,1,5
BRDA:74,9,0,23
BRDA:74,9,1,18
BRF:18
BRH:18
end_of_record
TN:
SF:src/components/BudgetSettings.js
FN:5,(anonymous_0)
FN:10,(anonymous_1)
FN:14,(anonymous_2)
FN:25,(anonymous_3)
FN:29,(anonymous_4)
FNF:5
FNH:5
FNDA:54,(anonymous_0)
FNDA:31,(anonymous_1)
FNDA:10,(anonymous_2)
FNDA:6,(anonymous_3)
FNDA:2,(anonymous_4)
DA:5,1
DA:6,54
DA:7,54
DA:10,54
DA:11,31
DA:14,54
DA:15,10
DA:16,10
DA:19,10
DA:20,10
DA:21,9
DA:25,54
DA:26,6
DA:29,54
DA:30,2
DA:34,54
LF:16
LH:16
BRDA:20,0,0,9
BRDA:20,0,1,1
BRDA:20,1,0,10
BRDA:20,1,1,10
BRDA:54,2,0,54
BRDA:54,2,1,42
BRF:6
BRH:6
end_of_record
TN:
SF:src/components/CartItem.js
FN:12,(anonymous_0)
FN:15,(anonymous_1)
FN:23,(anonymous_2)
FN:31,(anonymous_3)
FNF:4
FNH:4
FNDA:40,(anonymous_0)
FNDA:1,(anonymous_1)
FNDA:1,(anonymous_2)
FNDA:1,(anonymous_3)
DA:12,3
DA:13,40
DA:15,40
DA:16,1
DA:17,1
DA:18,1
DA:19,1
DA:23,40
DA:24,1
DA:25,1
DA:26,1
DA:27,1
DA:31,40
DA:32,1
DA:33,1
DA:36,40
DA:38,38
DA:39,38
DA:41,38
DA:42,38
DA:44,38
LF:21
LH:21
BRDA:16,0,0,0
BRDA:16,0,1,1
BRDA:17,1,0,1
BRDA:17,1,1,0
BRDA:18,2,0,1
BRDA:18,2,1,0
BRDA:24,3,0,0
BRDA:24,3,1,1
BRDA:25,4,0,1
BRDA:25,4,1,0
BRDA:26,5,0,1
BRDA:26,5,1,0
BRDA:32,6,0,0
BRDA:32,6,1,1
BRDA:36,7,0,2
BRDA:36,7,1,38
BRDA:39,8,0,38
BRDA:39,8,1,1
BRDA:80,9,0,38
BRDA:80,9,1,37
BRF:20
BRH:13
end_of_record
TN:
SF:src/components/ErrorBoundary.js
FN:9,(anonymous_0)
FN:18,(anonymous_1)
FN:23,(anonymous_2)
FN:33,(anonymous_3)
FN:46,(anonymous_4)
FN:76,(anonymous_5)
FNF:6
FNH:6
FNDA:22,(anonymous_0)
FNDA:22,(anonymous_1)
FNDA:11,(anonymous_2)
FNDA:2,(anonymous_3)
FNDA:58,(anonymous_4)
FNDA:1,(anonymous_5)
DA:10,22
DA:11,21
DA:20,22
DA:25,11
DA:27,11
DA:33,21
DA:34,2
DA:41,2
DA:42,1
DA:47,58
DA:49,33
DA:76,1
DA:87,25
LF:13
LH:13
BRDA:41,0,0,1
BRDA:41,0,1,1
BRDA:47,1,0,33
BRDA:47,1,1,25
BRDA:58,2,0,33
BRDA:58,2,1,3
BRDA:58,2,2,1
BRDA:63,3,0,1
BRDA:63,3,1,1
BRF:9
BRH:9
end_of_record
TN:
SF:src/components/FavoriteButton.js
FN:12,(anonymous_0)
FN:17,(anonymous_1)
FN:23,(anonymous_2)
FNF:3
FNH:2
FNDA:50,(anonymous_0)
FNDA:4,(anonymous_1)
FNDA:0,(anonymous_2)
DA:12,3
DA:13,50
DA:14,50
DA:15,50
DA:17,50
DA:18,4
DA:19,4
DA:22,4
DA:23,4
DA:25,4
DA:26,1
DA:28,3
DA:32,50
LF:13
LH:13
BRDA:25,0,0,1
BRDA:25,0,1,3
BRDA:34,1,0,5
BRDA:34,1,1,45
BRDA:34,2,0,4
BRDA:34,2,1,46
BRDA:36,3,0,5
BRDA:36,3,1,45
BRDA:38,4,0,5
BRDA:38,4,1,45
BRDA:40,5,0,5
BRDA:40,5,1,45
BRF:12
BRH:12
end_of_record
TN:
SF:src/components/FilterBar.js
FN:4,(anonymous_0)
FN:17,(anonymous_1)
FN:20,(anonymous_2)
FNF:3
FNH:1
FNDA:1,(anonymous_0)
FNDA:0,(anonymous_1)
FNDA:0,(anonymous_2)
DA:4,1
DA:10,1
DA:17,0
DA:21,0
LF:4
LH:2
BRDA:26,0,0,1
BRDA:26,0,1,0
BRF:2
BRH:1
end_of_record
TN:
SF:src/components/LoadingSkeleton.js
FN:8,(anonymous_0)
FN:26,(anonymous_1)
FNF:2
FNH:2
FNDA:9,(anonymous_0)
FNDA:6,(anonymous_1)
DA:8,2
DA:9,9
DA:10,3
DA:21,6
DA:22,2
DA:27,6
DA:38,4
DA:39,2
DA:50,2
LF:9
LH:9
BRDA:8,0,0,1
BRDA:9,1,0,3
BRDA:9,1,1,6
BRDA:21,2,0,2
BRDA:21,2,1,4
BRDA:38,3,0,2
BRDA:38,3,1,2
BRF:7
BRH:7
end_of_record
TN:
SF:src/components/NutritionCard.js
FN:9,(anonymous_0)
FN:37,(anonymous_1)
FN:47,(anonymous_2)
FN:82,(anonymous_3)
FNF:4
FNH:4
FNDA:14,(anonymous_0)
FNDA:77,(anonymous_1)
FNDA:11,(anonymous_2)
FNDA:88,(anonymous_3)
DA:9,2
DA:10,14
DA:11,1
DA:21,13
DA:22,2
DA:32,11
DA:37,11
DA:38,77
DA:39,39
DA:41,38
DA:47,11
DA:48,11
DA:49,11
DA:51,11
DA:52,1
DA:55,10
DA:56,10
DA:58,10
DA:59,6
DA:61,4
DA:64,11
DA:75,11
DA:83,88
LF:23
LH:23
BRDA:10,0,0,1
BRDA:10,0,1,13
BRDA:21,1,0,2
BRDA:21,1,1,11
BRDA:21,2,0,13
BRDA:21,2,1,12
BRDA:37,3,0,77
BRDA:37,4,0,77
BRDA:38,5,0,39
BRDA:38,5,1,38
BRDA:38,6,0,77
BRDA:38,6,1,38
BRDA:51,7,0,1
BRDA:51,7,1,10
BRDA:51,8,0,11
BRDA:51,8,1,2
BRDA:55,9,0,9
BRDA:55,9,1,1
BRDA:56,10,0,7
BRDA:56,10,1,3
BRDA:58,11,0,6
BRDA:58,11,1,4
BRDA:58,12,0,10
BRDA:58,12,1,9
BRDA:61,13,0,4
BRDA:61,13,1,1
BRDA:85,14,0,22
BRDA:85,14,1,66
BRDA:94,15,0,11
BRDA:94,15,1,8
BRF:30
BRH:30
end_of_record
TN:
SF:src/components/RecipeSuggestions.js
FN:8,(anonymous_0)
FN:34,(anonymous_1)
FN:48,(anonymous_2)
FNF:3
FNH:3
FNDA:23,(anonymous_0)
FNDA:123,(anonymous_1)
FNDA:41,(anonymous_2)
DA:8,2
DA:9,23
DA:10,3
DA:21,20
DA:22,5
DA:34,15
DA:35,123
DA:36,78
DA:37,39
DA:41,15
DA:43,15
DA:49,41
LF:12
LH:12
BRDA:9,0,0,3
BRDA:9,0,1,20
BRDA:21,1,0,5
BRDA:21,1,1,15
BRDA:21,2,0,20
BRDA:21,2,1,18
BRDA:35,3,0,45
BRDA:35,3,1,78
BRDA:36,4,0,39
BRDA:36,4,1,39
BRDA:57,5,0,41
BRDA:57,5,1,40
BRF:12
BRH:12
end_of_record
TN:
SF:src/components/ShareButton.js
FN:12,(anonymous_0)
FN:17,(anonymous_1)
FN:36,(anonymous_2)
FN:67,(anonymous_3)
FN:75,(anonymous_4)
FNF:5
FNH:4
FNDA:37,(anonymous_0)
FNDA:14,(anonymous_1)
FNDA:14,(anonymous_2)
FNDA:1,(anonymous_3)
FNDA:0,(anonymous_4)
DA:12,2
DA:13,37
DA:14,37
DA:15,37
DA:17,37
DA:18,14
DA:19,14
DA:21,14
DA:22,3
DA:28,11
DA:36,37
DA:37,14
DA:38,14
DA:40,14
DA:43,14
DA:44,5
DA:45,5
DA:46,3
DA:47,3
DA:50,2
DA:51,2
DA:54,1
DA:60,10
DA:61,10
DA:62,10
DA:63,9
DA:64,9
DA:67,9
DA:68,1
DA:71,1
DA:72,1
DA:75,1
DA:76,0
DA:80,1
DA:84,37
LF:35
LH:34
BRDA:12,0,0,2
BRDA:21,1,0,3
BRDA:21,1,1,11
BRDA:43,2,0,5
BRDA:43,2,1,9
BRDA:43,3,0,14
BRDA:43,3,1,5
BRDA:43,3,2,5
BRDA:51,4,0,1
BRDA:51,4,1,1
BRDA:88,5,0,14
BRDA:88,5,1,23
BRDA:94,6,0,14
BRDA:94,6,1,23
BRDA:96,7,0,14
BRDA:96,7,1,23
BRDA:99,8,0,37
BRDA:99,8,1,4
BRDA:106,9,0,37
BRDA:106,9,1,1
BRF:20
BRH:20
end_of_record
TN:
SF:src/components/SustainabilityCard.js
FN:8,(anonymous_0)
FN:40,(anonymous_1)
FN:46,(anonymous_2)
FNF:3
FNH:3
FNDA:21,(anonymous_0)
FNDA:10,(anonymous_1)
FNDA:10,(anonymous_2)
DA:8,2
DA:10,21
DA:11,0
DA:24,21
DA:25,2
DA:37,19
DA:40,19
DA:41,10
DA:42,10
DA:46,19
DA:47,10
DA:54,10
DA:57,19
LF:13
LH:12
BRDA:10,0,0,0
BRDA:10,0,1,21
BRDA:24,1,0,2
BRDA:24,1,1,19
BRDA:24,2,0,21
BRDA:24,2,1,20
BRDA:41,3,0,0
BRDA:41,3,1,10
BRDA:54,4,0,10
BRDA:54,4,1,0
BRDA:64,5,0,19
BRDA:64,5,1,10
BRDA:74,6,0,19
BRDA:74,6,1,4
BRDA:82,7,0,19
BRDA:82,7,1,7
BRDA:84,8,0,7
BRDA:84,8,1,4
BRDA:90,9,0,7
BRDA:90,9,1,3
BRDA:96,10,0,7
BRDA:96,10,1,3
BRDA:102,11,0,7
BRDA:102,11,1,4
BRDA:112,12,0,19
BRDA:112,12,1,18
BRDA:114,13,0,17
BRDA:114,13,1,1
BRF:28
BRH:25
end_of_record
TN:
SF:src/components/TilbudCard.js
FN:8,(anonymous_0)
FNF:1
FNH:1
FNDA:7,(anonymous_0)
DA:8,2
DA:9,7
LF:2
LH:2
BRF:0
BRH:0
end_of_record
TN:
SF:src/contexts/BudgetContext.js
FN:9,(anonymous_0)
FN:21,(anonymous_1)
FN:62,(anonymous_2)
FN:73,(anonymous_3)
FN:84,(anonymous_4)
FN:92,(anonymous_5)
FN:125,(anonymous_6)
FN:131,(anonymous_7)
FN:133,(anonymous_8)
FN:136,(anonymous_9)
FN:147,(anonymous_10)
FNF:11
FNH:11
FNDA:292,(anonymous_0)
FNDA:170,(anonymous_1)
FNDA:170,(anonymous_2)
FNDA:129,(anonymous_3)
FNDA:166,(anonymous_4)
FNDA:37,(anonymous_5)
FNDA:25,(anonymous_6)
FNDA:13,(anonymous_7)
FNDA:13,(anonymous_8)
FNDA:3,(anonymous_9)
FNDA:98,(anonymous_10)
DA:4,6
DA:6,6
DA:7,6
DA:9,6
DA:10,292
DA:11,290
DA:12,4
DA:14,286
DA:21,6
DA:22,170
DA:23,170
DA:24,170
DA:25,53
DA:28,53
DA:30,52
DA:31,52
DA:33,52
DA:34,2
DA:38,52
DA:40,52
DA:41,2
DA:44,52
DA:45,52
DA:50,1
DA:51,1
DA:54,117
DA:57,0
DA:59,118
DA:62,6
DA:64,170
DA:65,170
DA:66,170
DA:67,170
DA:70,170
DA:73,170
DA:74,129
DA:75,129
DA:77,129
DA:78,0
DA:79,0
DA:84,170
DA:86,166
DA:87,129
DA:88,129
DA:89,129
DA:92,37
DA:93,37
DA:94,37
DA:101,37
DA:103,37
DA:104,37
DA:107,37
DA:108,0
DA:110,37
DA:113,0
DA:114,0
DA:117,0
DA:118,0
DA:122,37
DA:125,170
DA:126,25
DA:127,25
DA:128,25
DA:131,170
DA:132,13
DA:133,13
DA:136,170
DA:137,3
DA:138,3
DA:139,3
DA:147,170
DA:148,98
DA:149,98
DA:150,98
DA:152,98
DA:159,170
DA:170,170
LF:77
LH:69
BRDA:11,0,0,4
BRDA:11,0,1,286
BRDA:24,1,0,53
BRDA:24,1,1,117
BRDA:28,2,0,52
BRDA:28,2,1,1
BRDA:31,3,0,50
BRDA:31,3,1,2
BRDA:31,4,0,52
BRDA:31,4,1,50
BRDA:33,5,0,2
BRDA:33,5,1,50
BRDA:38,6,0,50
BRDA:38,6,1,2
BRDA:40,7,0,2
BRDA:40,7,1,50
BRDA:77,8,0,0
BRDA:77,8,1,129
BRDA:86,9,0,129
BRDA:86,9,1,37
BRDA:103,10,0,37
BRDA:103,10,1,0
BRDA:107,11,0,0
BRDA:107,11,1,37
BRDA:107,12,0,37
BRDA:107,12,1,0
BRDA:126,13,0,25
BRDA:126,13,1,2
BRDA:147,14,0,2
BRDA:149,15,0,98
BRDA:149,15,1,28
BRDA:150,16,0,48
BRDA:150,16,1,50
BRF:33
BRH:29
end_of_record
TN:
SF:src/contexts/CartContext.js
FN:9,(anonymous_0)
FN:21,(anonymous_1)
FN:31,(anonymous_2)
FN:84,(anonymous_3)
FN:93,(anonymous_4)
FN:104,(anonymous_5)
FN:112,(anonymous_6)
FN:144,(anonymous_7)
FN:145,(anonymous_8)
FN:146,(anonymous_9)
FN:151,(anonymous_10)
FN:186,(anonymous_11)
FN:187,(anonymous_12)
FN:187,(anonymous_13)
FN:190,(anonymous_14)
FN:194,(anonymous_15)
FN:195,(anonymous_16)
FN:203,(anonymous_17)
FN:208,(anonymous_18)
FNF:19
FNH:19
FNDA:165,(anonymous_0)
FNDA:75,(anonymous_1)
FNDA:31,(anonymous_2)
FNDA:115,(anonymous_3)
FNDA:75,(anonymous_4)
FNDA:114,(anonymous_5)
FNDA:39,(anonymous_6)
FNDA:28,(anonymous_7)
FNDA:28,(anonymous_8)
FNDA:8,(anonymous_9)
FNDA:3,(anonymous_10)
FNDA:2,(anonymous_11)
FNDA:2,(anonymous_12)
FNDA:3,(anonymous_13)
FNDA:7,(anonymous_14)
FNDA:7,(anonymous_15)
FNDA:7,(anonymous_16)
FNDA:2,(anonymous_17)
FNDA:73,(anonymous_18)
DA:4,6
DA:6,6
DA:7,6
DA:9,6
DA:10,165
DA:11,163
DA:12,4
DA:14,159
DA:21,6
DA:22,75
DA:23,75
DA:24,75
DA:25,24
DA:28,24
DA:29,24
DA:31,24
DA:33,31
DA:34,0
DA:35,0
DA:39,31
DA:40,0
DA:41,0
DA:45,31
DA:46,31
DA:47,0
DA:48,0
DA:52,31
DA:53,0
DA:54,0
DA:55,0
DA:59,31
DA:62,24
DA:63,0
DA:66,24
DA:67,24
DA:69,0
DA:72,0
DA:73,0
DA:76,51
DA:79,0
DA:81,51
DA:84,6
DA:86,115
DA:87,115
DA:90,115
DA:93,115
DA:94,75
DA:95,75
DA:97,75
DA:98,0
DA:99,0
DA:104,115
DA:106,114
DA:107,75
DA:108,75
DA:109,75
DA:112,39
DA:113,39
DA:114,39
DA:120,39
DA:122,39
DA:123,39
DA:126,39
DA:127,0
DA:129,39
DA:132,0
DA:133,0
DA:136,0
DA:137,0
DA:141,39
DA:144,115
DA:145,28
DA:146,28
DA:148,28
DA:150,3
DA:151,3
DA:152,3
DA:158,25
DA:159,25
DA:186,115
DA:187,3
DA:190,115
DA:192,7
DA:194,7
DA:195,7
DA:196,7
DA:203,115
DA:204,2
DA:208,115
DA:210,115
DA:221,115
LF:91
LH:70
BRDA:11,0,0,4
BRDA:11,0,1,159
BRDA:24,1,0,24
BRDA:24,1,1,51
BRDA:28,2,0,24
BRDA:28,2,1,0
BRDA:29,3,0,24
BRDA:29,3,1,0
BRDA:33,4,0,0
BRDA:33,4,1,31
BRDA:33,5,0,31
BRDA:33,5,1,31
BRDA:39,6,0,0
BRDA:39,6,1,31
BRDA:46,7,0,0
BRDA:46,7,1,31
BRDA:46,8,0,31
BRDA:46,8,1,31
BRDA:46,8,2,31
BRDA:52,9,0,0
BRDA:52,9,1,31
BRDA:53,10,0,0
BRDA:53,10,1,0
BRDA:53,11,0,0
BRDA:53,11,1,0
BRDA:62,12,0,0
BRDA:62,12,1,24
BRDA:97,13,0,0
BRDA:97,13,1,75
BRDA:106,14,0,75
BRDA:106,14,1,39
BRDA:122,15,0,39
BRDA:122,15,1,0
BRDA:126,16,0,0
BRDA:126,16,1,39
BRDA:126,17,0,39
BRDA:126,17,1,0
BRDA:148,18,0,3
BRDA:148,18,1,25
BRDA:152,19,0,3
BRDA:152,19,1,0
BRDA:196,20,0,7
BRDA:196,20,1,0
BRF:43
BRH:26
end_of_record
TN:
SF:src/contexts/FavoritesContext.js
FN:9,(anonymous_0)
FN:17,(anonymous_1)
FN:22,(anonymous_2)
FN:39,(anonymous_3)
FN:70,(anonymous_4)
FN:77,(anonymous_5)
FN:125,(anonymous_6)
FN:126,(anonymous_7)
FN:134,(anonymous_8)
FN:135,(anonymous_9)
FN:135,(anonymous_10)
FN:138,(anonymous_11)
FN:142,(anonymous_12)
FNF:13
FNH:13
FNDA:151,(anonymous_0)
FNDA:137,(anonymous_1)
FNDA:61,(anonymous_2)
FNDA:24,(anonymous_3)
FNDA:136,(anonymous_4)
FNDA:75,(anonymous_5)
FNDA:12,(anonymous_6)
FNDA:12,(anonymous_7)
FNDA:2,(anonymous_8)
FNDA:2,(anonymous_9)
FNDA:3,(anonymous_10)
FNDA:118,(anonymous_11)
FNDA:1,(anonymous_12)
DA:4,6
DA:6,6
DA:7,6
DA:9,6
DA:10,151
DA:11,149
DA:12,4
DA:14,145
DA:17,6
DA:18,137
DA:19,137
DA:22,137
DA:23,61
DA:24,61
DA:25,61
DA:26,61
DA:28,61
DA:29,23
DA:30,23
DA:37,23
DA:39,23
DA:40,24
DA:41,24
DA:42,0
DA:44,24
DA:47,23
DA:48,0
DA:51,23
DA:52,23
DA:54,0
DA:55,0
DA:58,38
DA:61,0
DA:62,0
DA:64,61
DA:65,61
DA:70,137
DA:72,136
DA:73,61
DA:74,61
DA:77,75
DA:78,75
DA:79,75
DA:81,75
DA:82,75
DA:86,75
DA:88,75
DA:90,75
DA:92,75
DA:93,0
DA:94,75
DA:95,0
DA:97,75
DA:100,75
DA:101,75
DA:102,75
DA:103,75
DA:105,75
DA:106,12
DA:111,63
DA:114,0
DA:118,0
DA:122,75
DA:125,137
DA:126,12
DA:127,12
DA:128,1
DA:130,11
DA:134,137
DA:135,3
DA:138,137
DA:139,118
DA:142,137
DA:143,1
DA:146,137
DA:154,137
LF:76
LH:66
BRDA:11,0,0,4
BRDA:11,0,1,145
BRDA:26,1,0,23
BRDA:26,1,1,38
BRDA:28,2,0,23
BRDA:28,2,1,38
BRDA:37,3,0,23
BRDA:37,3,1,0
BRDA:40,4,0,24
BRDA:40,4,1,23
BRDA:41,5,0,0
BRDA:41,5,1,24
BRDA:47,6,0,0
BRDA:47,6,1,23
BRDA:72,7,0,61
BRDA:72,7,1,75
BRDA:92,8,0,0
BRDA:92,8,1,75
BRDA:94,9,0,0
BRDA:94,9,1,75
BRDA:101,10,0,75
BRDA:101,10,1,0
BRDA:105,11,0,12
BRDA:105,11,1,63
BRDA:127,12,0,1
BRDA:127,12,1,11
BRF:26
BRH:20
end_of_record
TN:
SF:src/pages/Favoritter.js
FN:12,(anonymous_0)
FN:18,(anonymous_1)
FN:31,(anonymous_2)
FN:40,(anonymous_3)
FN:103,(anonymous_4)
FNF:5
FNH:5
FNDA:61,(anonymous_0)
FNDA:31,(anonymous_1)
FNDA:27,(anonymous_2)
FNDA:29,(anonymous_3)
FNDA:12,(anonymous_4)
DA:12,2
DA:13,61
DA:14,60
DA:15,60
DA:16,60
DA:18,60
DA:19,31
DA:20,31
DA:21,31
DA:23,31
DA:24,18
DA:25,18
DA:26,18
DA:30,13
DA:31,27
DA:32,9
DA:34,4
DA:36,31
DA:40,60
DA:41,29
DA:44,60
DA:45,30
DA:61,30
DA:62,4
DA:81,26
DA:104,12
LF:26
LH:26
BRDA:23,0,0,18
BRDA:23,0,1,13
BRDA:44,1,0,30
BRDA:44,1,1,30
BRDA:61,2,0,4
BRDA:61,2,1,26
BRDA:94,3,0,7
BRDA:94,3,1,19
BRF:8
BRH:8
end_of_record
TN:
SF:src/pages/Handlekurv.js
FN:14,(anonymous_0)
FN:22,(anonymous_1)
FN:38,(anonymous_2)
FN:39,(anonymous_3)
FN:58,(anonymous_4)
FN:65,(anonymous_5)
FN:74,(anonymous_6)
FN:87,(anonymous_7)
FN:91,(anonymous_8)
FN:97,(anonymous_9)
FN:101,(anonymous_10)
FN:173,(anonymous_11)
FN:181,(anonymous_12)
FN:210,(anonymous_13)
FN:215,(anonymous_14)
FN:221,(anonymous_15)
FNF:16
FNH:16
FNDA:46,(anonymous_0)
FNDA:20,(anonymous_1)
FNDA:18,(anonymous_2)
FNDA:24,(anonymous_3)
FNDA:18,(anonymous_4)
FNDA:2,(anonymous_5)
FNDA:2,(anonymous_6)
FNDA:19,(anonymous_7)
FNDA:1,(anonymous_8)
FNDA:23,(anonymous_9)
FNDA:23,(anonymous_10)
FNDA:4,(anonymous_11)
FNDA:22,(anonymous_12)
FNDA:1,(anonymous_13)
FNDA:2,(anonymous_14)
FNDA:1,(anonymous_15)
DA:14,2
DA:15,46
DA:16,45
DA:17,45
DA:18,45
DA:19,45
DA:20,45
DA:22,45
DA:23,20
DA:24,5
DA:25,5
DA:26,5
DA:29,15
DA:30,15
DA:33,15
DA:37,13
DA:39,24
DA:41,18
DA:43,17
DA:47,1
DA:49,0
DA:56,1
DA:58,18
DA:60,13
DA:61,13
DA:64,2
DA:66,2
DA:67,0
DA:72,2
DA:74,2
DA:76,2
DA:77,0
DA:78,0
DA:80,2
DA:83,15
DA:87,45
DA:88,19
DA:91,45
DA:92,1
DA:93,1
DA:97,45
DA:98,23
DA:101,45
DA:102,23
DA:105,45
DA:106,19
DA:120,26
DA:121,2
DA:137,24
DA:138,6
DA:154,18
DA:173,4
DA:182,22
DA:210,1
DA:215,2
DA:221,1
LF:56
LH:52
BRDA:23,0,0,5
BRDA:23,0,1,15
BRDA:41,1,0,17
BRDA:41,1,1,1
BRDA:47,2,0,0
BRDA:47,2,1,1
BRDA:66,3,0,0
BRDA:66,3,1,2
BRDA:76,4,0,0
BRDA:76,4,1,2
BRDA:105,5,0,19
BRDA:105,5,1,26
BRDA:120,6,0,2
BRDA:120,6,1,24
BRDA:120,7,0,26
BRDA:120,7,1,2
BRDA:137,8,0,6
BRDA:137,8,1,18
BRDA:161,9,0,18
BRDA:161,9,1,0
BRDA:190,10,0,18
BRDA:190,10,1,18
BRDA:207,11,0,18
BRDA:207,11,1,4
BRF:24
BRH:20
end_of_record
TN:
SF:src/pages/Indstillinger.js
FN:10,(anonymous_0)
FN:26,(anonymous_1)
FN:27,(anonymous_2)
FN:53,(anonymous_3)
FN:58,(anonymous_4)
FN:81,(anonymous_5)
FN:94,(anonymous_6)
FN:103,(anonymous_7)
FN:118,(anonymous_8)
FN:124,(anonymous_9)
FN:126,(anonymous_10)
FN:132,(anonymous_11)
FN:147,(anonymous_12)
FNF:13
FNH:13
FNDA:89,(anonymous_0)
FNDA:34,(anonymous_1)
FNDA:34,(anonymous_2)
FNDA:37,(anonymous_3)
FNDA:13,(anonymous_4)
FNDA:16,(anonymous_5)
FNDA:10,(anonymous_6)
FNDA:12,(anonymous_7)
FNDA:2,(anonymous_8)
FNDA:10,(anonymous_9)
FNDA:1,(anonymous_10)
FNDA:3,(anonymous_11)
FNDA:6,(anonymous_12)
DA:7,2
DA:8,2
DA:10,2
DA:12,89
DA:15,88
DA:16,88
DA:19,88
DA:20,88
DA:23,88
DA:26,88
DA:27,34
DA:28,34
DA:29,34
DA:30,34
DA:31,3
DA:34,3
DA:36,2
DA:37,1
DA:38,1
DA:40,1
DA:45,0
DA:49,34
DA:53,88
DA:54,37
DA:58,88
DA:59,13
DA:61,13
DA:62,2
DA:65,11
DA:66,0
DA:69,11
DA:70,3
DA:73,8
DA:74,0
DA:77,8
DA:81,88
DA:82,16
DA:83,2
DA:86,14
DA:87,2
DA:90,12
DA:94,88
DA:95,10
DA:96,10
DA:98,10
DA:99,10
DA:103,88
DA:104,12
DA:107,12
DA:108,2
DA:111,10
DA:113,10
DA:114,10
DA:118,88
DA:119,2
DA:120,2
DA:124,88
DA:125,10
DA:126,10
DA:127,1
DA:132,88
DA:133,3
DA:135,3
DA:136,0
DA:137,0
DA:140,3
DA:141,3
DA:142,3
DA:143,3
DA:147,88
DA:148,6
DA:150,6
DA:151,0
DA:152,0
DA:155,6
DA:156,6
DA:162,6
DA:164,6
DA:165,5
DA:166,5
DA:167,5
DA:169,1
DA:170,1
DA:173,0
DA:174,0
DA:179,88
DA:182,88
DA:184,88
LF:88
LH:79
BRDA:30,0,0,3
BRDA:30,0,1,31
BRDA:34,1,0,2
BRDA:34,1,1,1
BRDA:34,2,0,3
BRDA:34,2,1,2
BRDA:36,3,0,1
BRDA:36,3,1,1
BRDA:61,4,0,2
BRDA:61,4,1,11
BRDA:61,5,0,13
BRDA:61,5,1,11
BRDA:61,5,2,11
BRDA:65,6,0,0
BRDA:65,6,1,11
BRDA:69,7,0,3
BRDA:69,7,1,8
BRDA:73,8,0,0
BRDA:73,8,1,8
BRDA:82,9,0,2
BRDA:82,9,1,14
BRDA:86,10,0,2
BRDA:86,10,1,12
BRDA:107,11,0,2
BRDA:107,11,1,10
BRDA:107,12,0,12
BRDA:107,12,1,11
BRDA:107,12,2,10
BRDA:135,13,0,0
BRDA:135,13,1,3
BRDA:150,14,0,0
BRDA:150,14,1,6
BRDA:157,15,0,6
BRDA:157,15,1,1
BRDA:164,16,0,5
BRDA:164,16,1,1
BRDA:167,17,0,4
BRDA:167,17,1,1
BRDA:179,18,0,88
BRDA:179,18,1,84
BRDA:182,19,0,88
BRDA:182,19,1,21
BRDA:192,20,0,88
BRDA:192,20,1,12
BRDA:216,21,0,84
BRDA:216,21,1,4
BRDA:232,22,0,10
BRDA:232,22,1,78
BRDA:235,23,0,88
BRDA:235,23,1,10
BRDA:245,24,0,88
BRDA:245,24,1,84
BRDA:270,25,0,5
BRDA:270,25,1,83
BRDA:273,26,0,88
BRDA:273,26,1,5
BRF:56
BRH:52
end_of_record
TN:
SF:src/pages/ProductDetailPage.js
FN:13,(anonymous_0)
FN:26,(anonymous_1)
FN:30,(anonymous_2)
FN:38,(anonymous_3)
FN:52,(anonymous_4)
FN:71,(anonymous_5)
FN:90,(anonymous_6)
FN:109,(anonymous_7)
FNF:8
FNH:8
FNDA:49,(anonymous_0)
FNDA:17,(anonymous_1)
FNDA:31,(anonymous_2)
FNDA:17,(anonymous_3)
FNDA:14,(anonymous_4)
FNDA:14,(anonymous_5)
FNDA:14,(anonymous_6)
FNDA:1,(anonymous_7)
DA:13,2
DA:14,49
DA:15,49
DA:16,49
DA:17,48
DA:18,48
DA:19,48
DA:20,48
DA:21,48
DA:22,48
DA:23,48
DA:24,48
DA:26,48
DA:27,17
DA:30,48
DA:31,31
DA:32,14
DA:33,14
DA:34,14
DA:38,48
DA:39,17
DA:40,17
DA:41,17
DA:42,17
DA:43,14
DA:45,2
DA:46,2
DA:48,16
DA:52,48
DA:53,14
DA:54,14
DA:55,14
DA:57,13
DA:58,1
DA:59,1
DA:60,12
DA:61,0
DA:64,0
DA:67,13
DA:71,48
DA:72,14
DA:73,14
DA:74,14
DA:76,13
DA:77,1
DA:78,1
DA:79,12
DA:80,0
DA:83,0
DA:86,13
DA:90,48
DA:91,14
DA:92,14
DA:93,14
DA:95,13
DA:96,1
DA:97,1
DA:98,12
DA:99,0
DA:102,0
DA:105,13
DA:109,48
DA:110,1
DA:113,48
DA:114,17
DA:117,31
DA:118,2
DA:134,29
DA:135,0
DA:151,29
LF:70
LH:63
BRDA:31,0,0,14
BRDA:31,0,1,17
BRDA:46,1,0,1
BRDA:46,1,1,1
BRDA:57,2,0,1
BRDA:57,2,1,12
BRDA:60,3,0,0
BRDA:60,3,1,12
BRDA:76,4,0,1
BRDA:76,4,1,12
BRDA:78,5,0,1
BRDA:78,5,1,0
BRDA:79,6,0,0
BRDA:79,6,1,12
BRDA:95,7,0,1
BRDA:95,7,1,12
BRDA:98,8,0,0
BRDA:98,8,1,12
BRDA:113,9,0,17
BRDA:113,9,1,31
BRDA:117,10,0,2
BRDA:117,10,1,29
BRDA:134,11,0,0
BRDA:134,11,1,29
BRDA:166,12,0,27
BRDA:166,12,1,2
BRDA:213,13,0,29
BRDA:213,13,1,29
BRDA:213,13,2,29
BRDA:225,14,0,12
BRDA:225,14,1,17
BRDA:231,15,0,12
BRDA:231,15,1,17
BRDA:237,16,0,12
BRDA:237,16,1,17
BRF:35
BRH:30
end_of_record
TN:
SF:src/services/tilbudService.js
FN:4,(anonymous_0)
FN:25,(anonymous_1)
FN:41,(anonymous_2)
FN:57,(anonymous_3)
FNF:4
FNH:0
FNDA:0,(anonymous_0)
FNDA:0,(anonymous_1)
FNDA:0,(anonymous_2)
FNDA:0,(anonymous_3)
DA:1,3
DA:3,3
DA:5,0
DA:6,0
DA:7,0
DA:8,0
DA:10,0
DA:11,0
DA:13,0
DA:14,0
DA:17,0
DA:18,0
DA:20,0
DA:21,0
DA:26,0
DA:27,0
DA:29,0
DA:30,0
DA:33,0
DA:34,0
DA:36,0
DA:37,0
DA:42,0
DA:43,0
DA:45,0
DA:46,0
DA:49,0
DA:50,0
DA:52,0
DA:53,0
DA:58,0
DA:59,0
DA:61,0
DA:62,0
DA:65,0
DA:66,0
DA:68,0
DA:69,0
LF:38
LH:2
BRDA:1,0,0,3
BRDA:1,0,1,3
BRDA:4,1,0,0
BRDA:7,2,0,0
BRDA:7,2,1,0
BRDA:8,3,0,0
BRDA:8,3,1,0
BRDA:10,4,0,0
BRDA:10,4,1,0
BRDA:13,5,0,0
BRDA:13,5,1,0
BRDA:29,6,0,0
BRDA:29,6,1,0
BRDA:45,7,0,0
BRDA:45,7,1,0
BRDA:61,8,0,0
BRDA:61,8,1,0
BRF:17
BRH:2
end_of_record
TN:
SF:src/utils/storage.js
FN:41,(anonymous_0)
FN:48,(anonymous_1)
FN:64,(anonymous_2)
FN:71,(anonymous_3)
FN:112,(anonymous_4)
FN:138,(anonymous_5)
FN:156,(anonymous_6)
FN:201,(anonymous_7)
FN:240,(anonymous_8)
FN:260,(anonymous_9)
FN:274,(anonymous_10)
FN:288,(anonymous_11)
FN:309,(anonymous_12)
FN:320,(anonymous_13)
FN:353,(anonymous_14)
FN:354,(anonymous_15)
FN:355,(anonymous_16)
FN:362,(anonymous_17)
FN:376,(anonymous_18)
FN:426,(anonymous_19)
FN:508,(anonymous_20)
FN:541,(anonymous_21)
FN:547,(anonymous_22)
FN:557,(anonymous_23)
FN:573,(anonymous_24)
FN:586,(anonymous_25)
FNF:26
FNH:19
FNDA:107,(anonymous_0)
FNDA:91,(anonymous_1)
FNDA:33,(anonymous_2)
FNDA:60,(anonymous_3)
FNDA:58,(anonymous_4)
FNDA:74,(anonymous_5)
FNDA:27,(anonymous_6)
FNDA:225,(anonymous_7)
FNDA:0,(anonymous_8)
FNDA:651,(anonymous_9)
FNDA:651,(anonymous_10)
FNDA:230,(anonymous_11)
FNDA:0,(anonymous_12)
FNDA:0,(anonymous_13)
FNDA:0,(anonymous_14)
FNDA:0,(anonymous_15)
FNDA:0,(anonymous_16)
FNDA:0,(anonymous_17)
FNDA:388,(anonymous_18)
FNDA:230,(anonymous_19)
FNDA:23,(anonymous_20)
FNDA:421,(anonymous_21)
FNDA:421,(anonymous_22)
FNDA:421,(anonymous_23)
FNDA:17,(anonymous_24)
FNDA:1,(anonymous_25)
DA:23,16
DA:26,16
DA:27,16
DA:30,16
DA:35,16
DA:42,107
DA:43,2
DA:44,2
DA:48,105
DA:49,91
DA:50,91
DA:51,9
DA:53,91
DA:56,105
DA:65,33
DA:66,3
DA:67,3
DA:71,30
DA:73,60
DA:74,8
DA:75,8
DA:79,52
DA:80,2
DA:81,2
DA:85,50
DA:86,50
DA:87,8
DA:88,8
DA:92,42
DA:93,3
DA:94,2
DA:96,2
DA:100,42
DA:103,30
DA:114,58
DA:115,58
DA:117,58
DA:118,5
DA:122,58
DA:124,58
DA:125,3
DA:128,58
DA:138,16
DA:139,74
DA:142,74
DA:143,19
DA:144,19
DA:152,55
DA:153,21
DA:156,21
DA:158,27
DA:159,1
DA:165,26
DA:168,21
DA:176,34
DA:177,31
DA:178,31
DA:187,3
DA:188,3
DA:201,16
DA:202,225
DA:203,225
DA:206,212
DA:209,210
DA:211,129
DA:212,88
DA:213,88
DA:214,4
DA:215,4
DA:217,41
DA:218,12
DA:219,12
DA:220,8
DA:221,8
DA:223,29
DA:224,27
DA:225,27
DA:226,10
DA:227,10
DA:231,107
DA:235,81
DA:236,74
DA:237,74
DA:240,74
DA:241,0
DA:244,74
DA:248,7
DA:249,7
DA:252,15
DA:253,15
DA:260,16
DA:261,651
DA:263,651
DA:264,651
DA:265,651
DA:267,651
DA:274,16
DA:275,651
DA:276,651
DA:277,651
DA:278,647
DA:279,647
DA:281,4
DA:288,16
DA:289,230
DA:290,230
DA:291,230
DA:294,230
DA:295,0
DA:296,0
DA:299,230
DA:301,0
DA:302,0
DA:309,16
DA:310,0
DA:312,0
DA:313,0
DA:316,0
DA:319,0
DA:320,0
DA:321,0
DA:326,0
DA:328,0
DA:336,0
DA:340,0
DA:343,0
DA:345,0
DA:346,0
DA:353,16
DA:354,0
DA:355,0
DA:356,0
DA:357,0
DA:358,0
DA:360,0
DA:361,0
DA:362,0
DA:364,0
DA:369,0
DA:376,16
DA:377,388
DA:379,388
DA:380,717
DA:383,717
DA:384,388
DA:385,388
DA:386,223
DA:387,223
DA:389,329
DA:390,165
DA:391,165
DA:392,1
DA:393,1
DA:395,164
DA:396,164
DA:397,164
DA:398,1
DA:399,1
DA:403,717
DA:405,225
DA:406,225
DA:407,203
DA:409,22
DA:410,22
DA:411,22
DA:415,0
DA:419,163
DA:420,163
DA:426,16
DA:427,230
DA:428,230
DA:431,230
DA:432,0
DA:436,230
DA:437,1
DA:438,1
DA:442,230
DA:443,230
DA:446,230
DA:448,230
DA:449,0
DA:453,230
DA:454,0
DA:456,230
DA:459,226
DA:460,226
DA:463,226
DA:464,0
DA:465,0
DA:466,0
DA:468,0
DA:471,226
DA:473,4
DA:476,4
DA:477,4
DA:478,0
DA:480,4
DA:483,2
DA:484,2
DA:486,2
DA:488,2
DA:491,2
DA:492,2
DA:493,2
DA:494,2
DA:496,2
DA:498,0
DA:499,0
DA:508,16
DA:509,23
DA:512,23
DA:513,23
DA:514,23
DA:516,0
DA:519,23
DA:520,23
DA:521,23
DA:523,0
DA:526,23
DA:527,0
DA:528,0
DA:531,23
DA:532,23
DA:535,23
DA:541,16
DA:542,421
DA:548,421
DA:549,421
DA:550,421
DA:551,421
DA:552,421
DA:554,0
DA:558,421
DA:559,421
DA:560,421
DA:561,421
DA:562,421
DA:564,0
DA:573,16
DA:574,17
DA:575,17
DA:577,0
DA:580,17
DA:581,17
DA:583,0
DA:586,17
DA:587,1
DA:590,17
LF:248
LH:200
BRDA:42,0,0,2
BRDA:42,0,1,105
BRDA:49,1,0,91
BRDA:49,1,1,86
BRDA:50,2,0,9
BRDA:50,2,1,82
BRDA:65,3,0,3
BRDA:65,3,1,30
BRDA:73,4,0,8
BRDA:73,4,1,52
BRDA:73,5,0,60
BRDA:73,5,1,56
BRDA:79,6,0,2
BRDA:79,6,1,50
BRDA:79,7,0,52
BRDA:79,7,1,3
BRDA:86,8,0,8
BRDA:86,8,1,42
BRDA:86,9,0,50
BRDA:86,9,1,44
BRDA:86,9,2,42
BRDA:92,10,0,3
BRDA:92,10,1,39
BRDA:93,11,0,2
BRDA:93,11,1,1
BRDA:93,12,0,3
BRDA:93,12,1,1
BRDA:115,13,0,53
BRDA:115,13,1,5
BRDA:115,14,0,58
BRDA:115,14,1,55
BRDA:117,15,0,5
BRDA:117,15,1,53
BRDA:122,16,0,55
BRDA:122,16,1,3
BRDA:124,17,0,3
BRDA:124,17,1,55
BRDA:142,18,0,19
BRDA:142,18,1,55
BRDA:143,19,0,19
BRDA:143,19,1,2
BRDA:152,20,0,21
BRDA:152,20,1,34
BRDA:153,21,0,21
BRDA:153,21,1,0
BRDA:158,22,0,1
BRDA:158,22,1,26
BRDA:158,23,0,27
BRDA:158,23,1,1
BRDA:161,24,0,1
BRDA:161,24,1,0
BRDA:162,25,0,1
BRDA:162,25,1,0
BRDA:176,26,0,31
BRDA:176,26,1,3
BRDA:206,27,0,212
BRDA:206,27,1,6
BRDA:209,28,0,129
BRDA:209,28,1,81
BRDA:211,29,0,88
BRDA:211,29,1,41
BRDA:213,30,0,4
BRDA:213,30,1,84
BRDA:213,31,0,88
BRDA:213,31,1,0
BRDA:217,32,0,12
BRDA:217,32,1,29
BRDA:219,33,0,8
BRDA:219,33,1,4
BRDA:219,34,0,12
BRDA:219,34,1,0
BRDA:223,35,0,27
BRDA:223,35,1,2
BRDA:225,36,0,10
BRDA:225,36,1,17
BRDA:225,37,0,27
BRDA:225,37,1,19
BRDA:235,38,0,74
BRDA:235,38,1,7
BRDA:261,39,0,0
BRDA:261,39,1,651
BRDA:265,40,0,651
BRDA:265,40,1,0
BRDA:267,41,0,651
BRDA:267,41,1,651
BRDA:294,42,0,0
BRDA:294,42,1,230
BRDA:312,43,0,0
BRDA:312,43,1,0
BRDA:312,44,0,0
BRDA:312,44,1,0
BRDA:316,45,0,0
BRDA:316,45,1,0
BRDA:319,46,0,0
BRDA:319,46,1,0
BRDA:319,47,0,0
BRDA:319,47,1,0
BRDA:321,48,0,0
BRDA:321,48,1,0
BRDA:353,49,0,0
BRDA:353,50,0,0
BRDA:360,51,0,0
BRDA:360,51,1,0
BRDA:383,52,0,388
BRDA:383,52,1,329
BRDA:385,53,0,223
BRDA:385,53,1,165
BRDA:389,54,0,165
BRDA:389,54,1,164
BRDA:391,55,0,1
BRDA:391,55,1,164
BRDA:395,56,0,164
BRDA:395,56,1,0
BRDA:397,57,0,1
BRDA:397,57,1,163
BRDA:403,58,0,225
BRDA:403,58,1,492
BRDA:403,59,0,717
BRDA:403,59,1,388
BRDA:406,60,0,203
BRDA:406,60,1,22
BRDA:431,61,0,0
BRDA:431,61,1,230
BRDA:436,62,0,1
BRDA:436,62,1,229
BRDA:436,63,0,230
BRDA:436,63,1,4
BRDA:442,64,0,0
BRDA:442,64,1,230
BRDA:443,65,0,1
BRDA:443,65,1,229
BRDA:448,66,0,0
BRDA:448,66,1,230
BRDA:453,67,0,0
BRDA:453,67,1,230
BRDA:463,68,0,0
BRDA:463,68,1,226
BRDA:465,69,0,0
BRDA:465,69,1,0
BRDA:477,70,0,0
BRDA:477,70,1,4
BRDA:526,71,0,0
BRDA:526,71,1,23
BRDA:531,72,0,23
BRDA:531,72,1,0
BRF:145
BRH:110
end_of_record
